-11.26858995158314 -7.313067382524608 3.634593810420514
0.005721219111158812 -13.42492579667037 -3.642783954165377
7.213994044336287 1.558050936461208 4.2587927352127
-4.19697159258249 2.849005443650967 0.8490331405042808
-14.28085946600452 -0.6591159007841915 -2.558095707934904
3.951083986373921 -3.635266208544312 -1.885177516020039
0.9814373964038005 -5.250983044709492 -1.817204529310214
14.60450630135162 1.126029953278847 -1.843224966096133
-8.224768577351911 -12.36778863830323 1.203843382052107
-13.14130381406162 -0.7990902568610013 3.870287306775628
-14.90274539409066 1.705065972393591 0.0176044196541439
14.53625385049021 -2.907476721629886 1.314289750389337
-0.8264609185239181 9.365143581635422 -4.964055345636051
-8.617752836589297 -0.4905763007546953 -4.809133856791156
9.01933082613949 -10.33111960373262 3.347301313957295
-1.878800738061491 12.53746594566519 4.222702686695801
-1.918917336086018 14.62369675331269 1.564108592007683
-6.582649078490051 5.976026952680335 -4.875387796259179
-4.86958034275259 8.127795549196138 4.972351347780043
9.352793628847435 2.533559636860963 -4.990372966319
-9.318909955641592 -4.082584586268554 -4.996972674315359
-4.048424896721221 -3.005526460080615 -0.6476001365946288
14.94837439749538 -1.242548077133664 -0.0269390533294351
-5.281107184698199 -3.546382281551801 3.42933083983239
5.190304767044317 -6.141040342935677 4.600092074513396
-7.073358240825181 -12.04373881672434 -3.043178644729004
-2.938479319750139 -14.55053784398293 -1.238102544565298
4.243580099084861 3.08195196648948 1.544891067691024
-2.992378583481892 -14.22443127140295 2.103981699642896
-9.040590936047506 4.339462627327669 4.999920917625082
-6.871106157479058 -10.15815107085491 -4.458175738636614
-5.680535422554544 0.3715543114066741 -2.539082754421039
-4.892091397659016 3.512391503306032 3.029653062117622
-2.724934142725057 4.459074518933678 -1.485487355917275
3.886164014060101 -3.659257720536257 1.806703763864841
5.68931644317321 -6.151612316589577 4.73000445895103
4.264665707869415 2.661038892470159 -0.5167856580139252
13.24273688993736 6.892590044772477 0.8390604077970499
7.727147859542469 -1.213505228765774 4.500631345161739
1.369711435125354 7.461217536174619 4.378598002426446
-5.177718253362912 0.3747476547635357 -1.36968600039839
12.64483664471677 1.965614341154695 4.144691609452138
-4.21582363673164 -14.34270204676468 -0.7091356040754728
13.52317842664021 6.333824278058164 0.8159513951118756
-3.514533658472745 5.111746558359027 -3.253561443081039
-5.227366899791733 -13.4465167446895 2.32442357704432
-0.5747311116046441 5.776127297707239 -2.720117450891719
4.646974955906248 -11.43002939326224 -4.419407071785269
5.113793149128235 -3.486633005110324 -3.237066532984698
11.05018748414681 9.742049745137573 1.616738747025884
-6.214313848144262 6.812032043175944 4.938897221579469
2.280804759406767 -6.583556339539692 -3.975375179897926
-11.49964819606354 7.528566418787511 -3.313006406031284
-5.280891435811048 -8.383729650099268 4.999159344151184
-2.454483195130498 -5.069814957714253 2.434511750214885
-12.14098680076201 8.232785043059387 -1.788732510601278
-8.152243255769456 5.885302496721835 4.99970140005552
-13.90913418009138 2.016455885333119 -2.925867654660094
-8.38815234081646 10.18792887626513 3.844554531066022
-0.6588760433694586 -5.214420619272782 1.579034010816803
-0.8091986485736342 10.72441645063133 -4.942683827388507
-6.055065491943431 -0.6133228700956103 3.11142757268573
-12.13008887315698 -6.005211665997136 3.535868364473144
10.39300972318914 5.184800262090928 4.732162581438454
2.28052169949374 -4.522869819411445 -0.8053607179525191
5.403412544532804 12.64495039265962 -3.305987382996488
9.971302040025368 2.973126347031176 -4.983561447297362
-3.678261982886002 3.387953730967229 0.08854641871666852
-4.476682963020165 2.289587098394837 0.5303845620088528
11.93023871599874 4.833016500625429 4.092866711514102
13.95745810422474 -3.514429840318184 2.387574454206137
-14.63880585506945 3.153917580394956 -0.5022905883093334
-10.76484944016577 2.046588852320509 -4.907430094390878
14.15250224688554 -4.601432404441953 -1.080977046279609
-1.530149538112717 13.57051548608986 -3.410269670954209
7.737513803447334 4.902555832255646 4.928921705938704
-11.20630327891001 4.401262622887304 -4.565081363509632
6.591391348502915 -1.373007633207309 -3.784955286527155
0.9342142646323872 -14.967343514967 0.1878358311005068
14.34793079689013 -4.151576495103348 0.794402747324991
-0.1478518076409452 -5.007095351097044 0.3044533742587574
-2.667635854207953 6.325421080619757 -3.895038117246145
-1.329569915254949 -5.647686765031305 2.716148039046906
8.744142622782586 -12.0239531241724 1.144447799749455
8.817886358713883 1.339639705819271 -4.881760300806171
-13.90896356492899 0.1681651141877461 -3.116417086387182
-1.07774028871213 4.906821307394355 -0.4871221455527291
-8.815823986990532 4.409557838065553 4.997958314032763
-3.602457295599427 -6.091370794685679 -4.056535395589134
-8.593514154602623 5.68580936015083 4.990736544884935
11.2224089424355 1.029441667067611 -4.83614558778188
-0.9134462475606857 7.45184513828435 -4.334518337925647
-11.65483651235123 8.517183234051556 2.308288180398062
10.88115589236817 4.317984084675764 -4.699734907007737
-14.17691172289871 1.686028765827064 -2.590141260864844
3.267091679751123 4.813667435315579 -2.740093853891401
14.70478360780077 -2.589748891842882 0.8272530158356144
-7.13162218943554 -13.1910330451054 0.2133624962568841
-10.59951400108061 -6.392830268265085 -4.398240783232665
-3.719553246720815 -4.88443012600909 -3.177433411943747
-6.205809950204995 -13.63898170637757 -0.3939617563926584
-6.263045867295327 5.242504446864644 -4.652127394770909
2.194364577905409 -14.82974374612172 0.2962601226824979
10.21928924695043 6.158944239930294 4.611764618079953
9.338708313813434 3.933839130997188 -4.998219116048553
5.047499198347556 -9.165354466202006 4.978487599081566
2.979099430532184 -4.187087708421915 1.169715590251195
-10.48145998418388 -4.958555557255322 4.738711863147653
-14.42417830940335 4.106482943931969 -0.1631601956808833
-5.23770766870223 0.7500373296846753 -1.681254102623441
-8.254944997954196 -12.38850547298852 1.057547916176817
4.776241647487579 -3.467160494345849 2.864690743001772
-3.765199327492907 6.931663418755097 -4.532169934835287
12.08551160595293 -1.139724655662981 -4.519303895952192
1.929582629836493 -7.483015507805911 -4.453884020258573
13.87162405668147 4.512999725502003 1.989156066089897
14.00495890898019 -4.03497273720328 2.01810505124267
2.027565746945518 9.69669585127604 4.999123990078268
-5.120760238848424 4.475173401259149 -3.842447805258499
-0.9920254612398942 -5.767984136988636 -2.792787232506432
-8.890527421117564 -4.869455427728484 4.998130439411121
6.634433411979062 -7.389901039770524 4.999524976707153
11.55167458836184 -2.6563183206071 -4.643902194248187
-7.783829751879018 10.64797275891415 3.850457254049585
4.147860232734448 -4.643529800290475 3.280148052018376
-8.702312292904228 7.204681426057738 -4.828665974729961
-1.760161814560238 -14.74851976569134 1.202758474940997
-10.8680884667184 -3.167567655322852 4.82253563326948
5.833459397776678 -2.152171769012226 3.270320570408463
-10.87269642732566 9.294243134831406 -2.545067614822123
-9.915987565811491 -11.10678521091234 1.046891882570109
8.557172255856573 4.169572228298571 4.976805901990255
2.760648781860717 -5.288214647843852 2.953349368304016
5.101976331739749 0.6751890014015989 1.201308478738818
-1.915383797966895 -14.8372481944613 -0.6282859298614294
-8.721071937330427 -0.178443396147542 -4.834150262791927
1.792364070124435 -6.225057181340204 -3.548971918176118
1.697751837891484 -4.850545137638064 1.171094619380923
-0.8481330169124793 -5.824668909660266 2.841790613313833
7.058224729145 7.771493906790498 4.975106074297296
11.83506185306337 -8.84663513040153 1.479645256241945
-9.77711377663815 9.376226148826081 -3.52461137501322
5.35923707117139 0.5425919976309193 1.927914947192773
-2.583353748057274 -4.349664770274471 -0.7657299901553788
7.690726166257622 4.189493431304499 4.843237361870523
-0.3477331397623471 11.17291489948494 -4.859171804789399
-4.400559224742285 -12.71796998375758 3.611619957506284
1.5560382030496 6.693962403785044 3.90107016369956
7.657275762364803 -5.272161754093862 -4.950296912376945
-10.57979212803131 9.653535865048612 -2.513839472291115
9.569896040244103 4.611437464408678 4.961034466970154
3.828446897260628 4.30887822564902 -2.656334657324614
-13.256712675052 -0.09511961754582206 -3.793626200517846
5.03193214869809 7.793775806710635 -4.947455319038979
6.240383788133342 -13.16453733094273 -2.031465163210814
13.24923078269478 -3.754798876957412 3.283215952024656
6.457462806943877 -0.2305562305931576 -3.532642817366836
5.139582406715702 0.8709150257514644 1.443326174683847
0.9250006187167941 -14.0667635609295 -2.865905216417193
2.981411671692157 5.028727837937763 2.783008975636232
-6.301866424030784 -11.07443520861823 -4.181130346190217
-4.753088868777508 -1.554073750464454 -0.08365426941774363
-10.15428408107662 -8.703442147495943 3.690156582727342
9.105708786007673 3.462149387018495 -4.993322835820455
3.622625376472146 -13.67925446035947 -2.78761156455711
5.066577534159394 3.061418153074761 2.889793142927066
-4.213028644029827 10.16580807293059 4.898112402876258
-12.38873740994967 5.40928827085273 -3.552802178591339
5.145031644197757 2.226867335323756 2.386452727741025
0.8041109679659931 -9.886959139559313 -4.999353616229892
4.374994793728658 13.34723025027147 2.937714526222025
-1.080490462148181 -7.213163134892402 4.204237702577523
-6.253394183951325 -3.19048277918515 4.015118765244102
10.03035192973182 9.823652523428736 -2.946375913434813
2.075628752643641 -5.232641846762445 -2.428331275002187
3.502574032432418 -3.569600861699063 -0.1003650075612474
-2.367615531144358 7.91842768526345 4.689255699747996
-4.783444969871751 11.22879315179909 4.487432518913455
-4.988985320631731 -0.5060757968540999 0.3816564614260745
6.720554938249856 9.121336630225262 -4.819917008517871
4.398772921702428 2.439592025216813 0.5468212781102929
-7.332878724115715 -0.3783711497723253 4.235375582239699
1.023304059073763 4.895118099690468 0.09659537091706435
10.23210015429804 -4.211875099422577 -4.885245820938465
-0.09853314639581094 5.170332530594711 -1.297451160924306
5.047126537948418 -0.2769868807381025 -0.7377121171524893
-4.223679246654787 8.091770566300424 4.923334022268364
-9.014478297232548 2.5334494512562 4.959349070086793
-4.105325278378919 -9.122985699670314 -4.999998296510999
-12.58157041983768 7.083333187213272 -2.30216225869763
1.482190242764006 5.383439763434104 2.34451989481838
6.76706572930713 -0.2107999247347856 -3.816981721525066
-12.07096882265444 -0.7536000841989315 4.540175764129952
7.835637412625797 11.61489163662773 -2.985526334393036
1.39219650527522 11.36125298117007 -4.786272688988512
-0.3486298552317409 5.41550492468104 -2.021154342637037
5.30208894623992 8.72919916565231 -4.995449141348341
-7.643141395577972 8.283987234011994 4.835681244012001
-5.132499466204289 5.162598829389878 4.19527367007648
13.90312688711274 0.06053628117281419 3.124831465685189
-7.503777273084457 -0.0315428543810398 4.332343831523336
-8.249004667284371 -3.51378270400177 4.891958510994703
1.437536744431511 6.726636955598502 -3.905946328079418
7.292797603671505 2.975934459470887 -4.526725223250851
-10.27828996292887 4.41662323224159 -4.857050777879125
-7.272594145055075 -12.16771007313775 -2.750544698953643
5.869272339310951 -4.983131662352858 4.439256714289211
-0.7188490516050691 -6.269095113345768 3.374193980614806
-8.547522484273944 -8.709441226522143 4.488491578800539
-0.2901008253538121 -5.70707820197272 2.575661500814854
-13.19244526569261 -0.1095156318601186 -3.847777373356328
-5.018794237438586 -14.00204429496368 1.113982567550125
-9.975512824822562 -8.331961661202216 -4.001947686806159
0.6106100443718468 -11.38578286758253 4.79937404022767
-12.89788889728613 -1.743069414910497 3.988601271085168
-10.88445920829188 7.503792555870832 -3.82481047310718
-14.62909230587975 -2.273779488700122 -1.383634650614369
-7.195519087370295 7.523333787115464 4.983130230787773
7.527377909672304 -7.071198435469982 4.989243740862221
-12.80250539453679 -1.242533760304425 4.099411542983903
3.064044676660344 -8.113539994941801 -4.820643906642107
-1.191081290719704 14.30937876349808 -2.449550693146903
2.047860600059219 -14.85558850281849 -0.1980962514949131
-2.302982211822562 9.07188825081811 4.958824519462966
-13.03623988719244 -1.204865729505745 -3.929474132056958
-12.58063730208441 -7.257178298213514 2.129732706756199
-1.696132370171123 -6.500035595886328 3.771793450527558
-3.292079924020042 -12.44268531869853 4.093696100473993
5.114258973672605 2.972149162646119 -2.883438689935942
-5.208434600452824 -0.9048612226187838 -1.668069662454402
-6.457053866481433 13.5322124459454 0.2487334814910147
8.453459496528822 -8.286924869102807 -4.649989160140461
-13.26704240374066 1.811262926848951 3.675206609843537
8.686290631960736 -4.683837428411291 -4.998274054055726
-5.681717869890505 -3.552478234544585 3.757115766257975
-2.141279821180491 -10.51583050030318 -4.946182890237345
-13.1705237635979 1.885308914682057 3.752126097182875
-7.721646753527561 -12.82739656684027 0.5267889912652002
5.906869612221951 -1.481866854780154 3.116282743819816
14.97739780275635 0.8211257843127785 0.03320381511993381
-2.502679604250172 12.47344348417367 4.194105451085263
6.539012812293422 1.999142448412687 3.873031843363508
7.304263278357053 -9.639611999266943 -4.540210471084015
0.3111119921828462 -9.687762072906736 4.99055120278287
0.1556881156007256 -6.109925551215727 -3.143683623686801
-10.29762644125256 -7.509746702111816 4.179050395522546
-8.412098498525928 -6.592276365491531 4.952516285493749
2.160472333060082 4.536560455946525 -0.4967869206839561
-7.367144058323993 -3.051722690828832 4.571227790957949
-0.5009454552055032 -9.749208225135794 -4.994335715008785
7.379317522793214 -3.033192094048517 -4.57308005395895
0.834796597164135 -12.30826903753793 -4.420469643770204
-6.060138047636316 -13.48650930441147 -1.448767155901464
14.78619722373954 1.374910222708659 -1.215590880889089
5.114060392533303 1.759582199143492 1.978969492289632
10.61756102679884 -10.50632934941109 -0.7908891297787352
-11.51976742830198 -8.684521918984696 -2.324965715456458
12.58757410703332 4.765109374416965 -3.610139412826992
-7.639977123834327 1.517889001451744 -4.484731620646201
0.5139727926940869 5.099907070651964 1.114270431297394
13.30624611933501 6.512463420987337 -1.349418113881335
-4.550901006814748 -10.59269156821584 4.760507087936198
-6.327023223491048 -9.80118264111011 4.714298304935103
1.797221185149479 7.061045741439892 -4.199424140765533
2.441988015666531 4.486534693189229 1.033897558447925
-12.81960374198898 -7.730771908345805 0.5450230152272507
-10.20764863774353 -4.855959670039469 -4.827011830009705
-5.467012306516265 8.478930697161084 -4.999214380676587
9.07575818238608 -2.801830084858273 4.974776309862799
13.86710316559848 -4.921434790449315 -1.665325858190064
-13.59610044854343 -3.969557694408185 -2.768271403558296
4.222254359311339 -5.881450330986834 4.169279519013113
0.7311985204363411 -5.247834104371869 -1.701815039479613
14.06765376445454 3.488008963024733 2.192568843321412
11.3324779076256 -3.232987802645655 -4.670667178527385
3.366182128872281 12.22428861323703 -4.221540123375669
9.603313371999569 -8.604478026381603 4.077198102569434
5.545681849345512 1.477250511206053 2.616185178304088
0.502414010746497 -8.059533895977344 -4.614657286490818
4.473214786761204 -11.44550908654102 4.445489546203128
2.357829646712252 -14.63949190939237 -1.299596391527055
2.450088839393357 -9.753734752752656 4.999677901556289
0.9306727071266853 14.73252012769308 1.524609587010725
7.966667413128049 -2.214561346177953 4.690707942114863
-1.306435125119764 -14.94245563606286 -0.0735894955115016
-4.870494831144551 -7.50966737252303 4.888678732289666
-1.123152253135879 5.093771472443712 1.454151714765964
-14.7008806346841 -1.177602585591818 -1.567410089132628
-10.48824231921843 2.996906843305835 -4.916860606286316
5.956592968402703 -5.13633674628596 4.521400099622669
-6.374082768775994 0.7661955857228775 3.490468391943529
2.842323049193875 4.526783371214929 1.825463989305638
-13.08654232463878 -4.917235360182717 3.026652722442265
-3.590116775143978 10.20375061536671 4.932815003332819
-4.534986452556737 -7.445699117781491 4.832869233703845
2.417486664492389 7.588338387636488 4.566746173323927
-14.3399407572709 1.193097150498082 -2.394240999516383
-14.05933254855004 0.8429460977977773 -2.883783515932206
-7.162158788294213 1.51721521086495 4.221786166031293
-1.976972082881181 14.17697821279154 -2.52745673597488
-4.93652785748475 14.10326654856969 0.7576058520011706
-2.89484285971541 4.539570385575624 -1.921679300079434
13.37044932561481 3.330676413632705 3.273950705495333
9.032154075629615 -2.324824446548214 4.954439519256854
2.516239300784694 5.498292877642878 3.061288460318313
7.918830088150102 11.25024354110102 3.298373837080941
-5.338207894338348 -10.76154890403034 4.576967378064301
-1.575758617379859 5.862007602877785 3.091263208874011
-1.570321848163227 6.771504457875877 3.962930656583573
-1.379649477138544 6.25970940219994 3.480158740620025
-8.142687792172635 0.02617887550800121 -4.642256744528638
0.5750319762335593 -12.61180413360509 4.25556877847447
8.512972579720635 -6.598176647691298 4.940254799248076
14.79982174572651 -1.61251254231069 -1.055102796067088
-9.126500248447861 -6.523434242771034 4.849326565850754
-3.68882235095752 4.991154612217888 3.257050071126242
4.501275766295951 2.184032235816027 0.1773711463871202
9.840157103167641 10.71546081971386 2.077012323569463
-4.72224553751075 -8.89141280481525 -4.9995428319807
4.658610738774286 -2.139945569847541 -1.118018898988573
-4.4022641627287 -3.557327341074663 -2.482652276338424
2.092181185276783 -12.56839108535869 -4.181515242447408
1.289914260865719 9.12595923076686 4.938258247446008
-2.991205537180492 -4.592412211022519 -2.139043083217408
-2.819169183343071 -4.6692376571284 -2.082474592764133
-6.365607813515137 13.52296075771676 0.7309352166317438
-14.23878198698739 3.221509253362984 1.962721485900515
-5.324936895969731 5.680154157050474 -4.483016677301578
-4.38541875383109 14.17055535424053 1.279075760550205
-4.654119053751053 8.6851574411511 4.997855279631059
3.765603185848576 14.51668014467397 -0.1695225620367438
4.868971654922132 -2.393020858027788 -2.017856186861038
-4.941180962123131 -1.877381757416525 -1.66626890704935
-6.493593451038477 -8.288486700235852 4.971907194933166
-14.84474366928294 -0.6414760762398132 -1.180692486899418
2.044396068402039 9.429228287423308 -4.987616134967767
11.33482060512645 5.307042118548827 4.321022085132806
0.4359846934023325 13.38014351844472 -3.677848921885764
11.9153106625673 8.309535500343532 -2.123584640507341
1.775092144838202 -7.256075543847436 4.312694262560572
-6.110831232045514 2.619342897394279 -3.710496209442122
-10.84573251878269 7.63538065648642 -3.787805626817454
-8.849677833573141 -10.22547647444391 -3.547816538438433
-2.104141189537769 -5.151439492898095 -2.308072704127537
1.065881628097671 5.323575316027104 2.026839396105519
-10.61611849067448 -10.47992494190503 0.9047242224766773
-8.78078151118905 0.1504912127234158 4.849396768749614
7.040187328348642 -5.158911302203301 -4.835504759044391
1.480684991461038 -4.776485813062535 0.08511002728779526
-9.524809221967315 10.95997761774632 -2.136737324697712
5.30304642732447 -1.550376681269953 2.230393202252697
1.090467669458552 -5.212888264187783 -1.775143107764437
-2.802455898679753 9.016691499044283 -4.968784599309149
12.85292174092174 6.0642605664535 2.694708466548715
13.48052874727418 -3.300952127908828 3.155146946369642
-4.03864364082923 2.947776816884417 -0.005533511801173565
13.12473739196888 6.969969207884095 1.172172642713349
-1.834634803076864 -12.94858535328864 -3.940363676476595
5.570220566443196 1.240219550027451 -2.562592545021596
-0.5549048303780958 5.871324282580288 -2.858215827910219
1.328109968239306 14.91243088180414 -0.5335102300781436
4.822793041735719 1.669597203348911 -1.01262794176215
-1.500855746878962 -13.21423399945644 3.757036351518912
-5.189751000298096 5.687066001913083 4.439131377342998
6.099535630605592 -0.4484622756298905 -3.14873661952288
2.659709120657139 -4.958838820713909 -2.424387105713684
-2.254138652489397 -5.743299068223132 3.213983183691981
6.902115887498863 -0.6765675441820446 -3.950566810518116
8.921337439380897 0.8498658423368237 -4.891010855515013
-4.140350165025272 -3.08203799714244 -1.260662407947549
-10.61049744814348 -1.997679570381248 4.936084077665105
5.502746521920808 -2.421057798020656 3.015669305634936
5.296336181859277 -2.706168181406442 -2.928898711051801
-13.833010914119 4.930417315668493 -1.745552232871701
-10.83651060342535 -3.938232561307021 4.760175153561101
-6.790523861367789 0.2981893540538449 3.839430370450579
-2.266515711637156 6.310352783110709 3.760755247675871
7.581015883625612 1.756760834621453 -4.48107627730761
-4.725806454120774 1.891858338200352 0.9465849682600403
2.217399962543477 4.493025980545971 0.3223795628666808
3.338994117735719 3.829606148967696 0.8953771141603794
-12.95577245264175 -6.930334693375792 -1.725283705428428
8.388110475544094 12.25083469023582 -1.226110199010755
-14.69156888417793 2.445392101415159 1.02555018002152
0.790454161416195 -4.994698419372831 -0.7519069287826391
9.014825397591474 -9.742809479388411 3.779326280209463
6.454001519590387 -10.04607827314072 -4.6080460668684
-10.26275622800177 9.626013677238797 -2.903357797707951
3.936256489938126 -3.864289424099122 -2.212289574467523
-1.214180355961656 11.36842272197435 -4.790228374104085
6.011166735066297 -0.2617824467868464 -3.022354993240536
9.031796162709071 -5.628616646828163 -4.958597076947519
6.493631619212872 9.206882112185 -4.836939956084671
11.52511196346569 7.636738040718476 -3.219405971783853
-6.168210125233182 -5.431604679386932 4.671983398324787
11.3492996983662 7.33675702290741 3.55670308865953
-13.76341756856652 3.973267624953019 -2.508083326023715
-1.119878622297656 -5.444845261271049 2.296935093637765
10.4983929798498 2.040138563482987 4.95149211578569
-0.09304122794676765 -6.303464151110693 -3.367595357912869
2.265274811320363 7.971474142842286 -4.697439861967418
3.490408149664421 14.38665802405427 1.386158009831636
2.474881556693338 -10.01711105243833 -4.989857490781578
5.656336025352276 -1.771277902490567 -2.900380299931637
14.61046190367077 2.349209993602035 -1.406426333238031
-2.158065067658414 -13.68825887864075 3.181349188349167
1.390818483822364 -13.24308483273812 3.742283778284432
-14.14341745535041 -4.512440524031033 -1.232082297929587
-7.523317500086631 5.744439788650771 4.971367082495365
-6.686025710621277 12.08922866164187 -3.232070835551698
-5.432271094335025 7.819697365926547 -4.977042394445126
4.135841897795236 8.34024169756782 -4.952076694173052
2.881239880370224 14.37675425930522 1.805524071715729
5.060633876274343 3.2920540645984 3.048953687565066
11.34773959852429 6.88582471625973 -3.779444961773498
4.813294597096693 2.593897149388549 2.111529882365103
-8.399003991679754 9.418281179204218 4.259008349196376
7.845903796078177 12.77484117510639 -0.2858279581041103
8.19862045439509 -11.78342866808417 -2.456381506210463
-1.997863151309387 4.981713976223803 1.88121578651785
-6.089416205163074 10.74694330330672 -4.412139737419677
-12.19212366313098 -7.344477900214974 2.660536686707187
-6.099406180051034 -8.8556241139114 -4.942989306625401
-4.590758887059519 2.040626494956456 -0.4879390694641245
-1.612852069223105 -8.588655467835641 4.838318592633701
-12.54237422736304 -4.478653036100759 -3.740425943888008
7.720005638795164 9.551477771211825 4.449255828382496
2.099211802280389 12.18264189443773 4.406825775077453
8.408363502868932 9.387667128466834 4.269166501263999
-1.271836516382373 4.969458094344873 -1.131138858428202
-14.66076825261811 -0.4489806812403107 -1.792518372496446
3.617147803514076 5.4214068247339 -3.587605526084351
5.217582800961909 -1.258675033384977 1.88087206148506
2.132662333933212 -13.69778865646298 3.174689570891158
6.88611988970278 11.26348826178128 3.840460074630283
-0.945119459092066 -6.048148189913761 -3.15556784718425
-5.689873685831975 -0.4251876409346918 2.561115890085959
0.7875825877025023 -8.905382265806477 -4.88637889711503
-6.392960403307574 13.14084903024234 -1.927800637953231
-5.468349641462188 7.567283339574601 -4.955755376943464
1.803459836072193 -5.03273666101368 -1.827927695810239
-4.740325909152171 -7.425081997364591 4.856137014018097
10.92364052213024 -10.24354464143029 0.4975403609072495
-12.56108019706939 -3.972385938869455 3.863185699725009
12.55814622605299 -3.399193319796846 3.992438364520889
-14.57035757946314 3.564360813806219 0.00199963190514895
-0.3795772219438123 -7.127569315899925 4.099641818221519
-7.221689846511751 8.107161984251919 -4.925972109642061
2.735071470091352 4.250667775611705 0.7367728554920295
3.978547152144462 4.01938238083336 2.474874999050166
-7.342685290333221 -5.68416001210801 4.948718244751303
-12.35268842356652 -7.999242579287568 -1.65956993497805
10.71034023130356 -10.41984740211523 -0.7547247079839254
-13.92545243262725 -4.932961220803866 1.488281095747536
7.794177077480302 -10.95583031113563 3.623404013139306
7.388236894071904 12.38230380147912 2.33932900572405
-0.4623133579785731 -7.998972351795506 -4.587933446983662
6.398973342891867 -3.735377524580354 -4.27656816162549
4.875141027621809 -1.130794488056119 -0.2136691102280872
2.903933505366218 9.711778805394397 4.998132593046493
6.441678789661832 10.71763624218537 -4.327515826151712
0.8032887098795058 5.051969658728214 -1.068185346195401
9.568811298163311 -4.313330545039078 4.975333045467676
5.217011274587253 -10.61195743137312 -4.655033910981675
7.355561756345077 -11.27881126607792 -3.604343535381645
13.13992771598824 6.10753767502676 2.200004257114934
8.432049487187108 0.2324800541589411 4.74884924145095
2.742941923556184 -5.446523382619489 3.126683760681281
-8.574344249711064 4.261693931289313 -4.981908272967768
4.756553260826299 -6.997081532454382 4.757167989256367
9.529790329813236 1.471141639370308 -4.987215466998784
7.097091153985033 11.92025687237883 3.162208806149961
12.74740071161711 4.523796461646597 3.544737593472709
0.8328359560182202 -5.785853472029673 2.782089181442113
-7.149287030468915 1.058333118945445 -4.16071659528033
-3.825103693902675 -3.434037825802107 -1.176686938909531
8.230937895631666 9.292710149383296 4.378755255943225
-5.075254163002093 1.36290514121455 -1.57657801787
6.61388558427937 3.133386640649682 -4.220187184892151
-5.1502945064319 -8.805753678206976 -4.995945576108241
9.516831186287598 -0.1518304272941888 -4.976717465252055
7.63740477584477 3.974103954705702 -4.802760028123062
-3.501269348745762 7.762259156866067 -4.774502974208819
-8.415100536088817 -6.150087989828758 4.982080791883437
5.743706951219751 2.441846102486065 -3.297202710590274
-7.788782199470107 -5.021477140603495 4.946003835940361
-11.93295321876038 8.748941545907284 1.411607312195426
-0.7530052836064518 -7.824449746102014 -4.519177714111416
-1.459171917457007 14.00061283843131 2.895269409778272
2.037944799950666 -4.885517449257922 1.687950120278809
4.403774224728381 4.125709025944252 -3.045404596325851
5.075588571140357 0.1209630648465798 -0.8742792642748911
-10.3531447970243 8.568459436027664 3.629522945591728
9.92499910287677 -9.727425646365548 3.13255231813698
-2.588107020575801 7.84827705854354 4.688956760154119
5.747858778694657 -13.77591184338964 0.8516058744289758
4.256452497621676 -13.21739527733548 3.146449274330292
0.3791709346604237 -4.998712633545884 0.3613264394799803
-9.644984478059913 -10.73461228090212 -2.316258216566118
-9.104437170892176 7.218171757886725 4.730751181477094
