14.94592275749051 -0.9161826988595835 0.5094597901278074
-5.337130699677394 -0.2731910877656772 1.822844766904217
9.64152941681572 -11.48707634805863 0.1712408354652186
22.30924512369568 -0.6387302475442848 -7.334422051716376
5.83575054446638 19.62171111356921 8.121628137608873
-15.18132816146258 -13.9648535569228 7.411181326609674
11.09018498101035 -3.087333281585475 -4.765937468492205
8.772247514066425 -12.13065587068837 -0.5456123916938646
-4.80467999717803 -1.46959140949114 -0.4934141740665518
20.29668067326343 5.093070790264957 -4.216493383254885
3.878974678289307 3.389789016951692 -1.221171125416654
17.60525185369546 6.43176953659177 -9.697935255375802
8.49486809637645 -12.64473374333859 -13.84087116821967
-11.90772707707073 18.35428453301726 -2.187244567265839
-16.57383327009705 12.98831399787334 -3.359866902101254
-0.4409598212006418 7.528597901165129 4.353823710581255
-13.02896755544941 16.3987982127821 -0.8525560856032866
-14.09239183359142 11.34756459687191 13.31053997377805
-13.59704676685416 14.97080770751174 1.629273242399393
10.93110215683376 -10.20818644461195 0.6583175106535879
-4.95339680060821 -0.908374067738753 -0.5989085845311197
9.219682936035623 -2.666274106438379 4.983771212457054
-7.227452865336272 0.07818220965478109 4.161168941403152
17.8538336690976 7.549131755549098 -13.16931167936305
-16.27996170381826 -8.497421092861321 8.003539715325978
10.87360410310725 9.379038756790255 -2.4480233933164
15.50052070412738 7.161300490889968 -10.76810651211348
-16.66645994093232 -2.676544972887131 16.78754097837567
-17.55752817801285 1.435128649317278 9.81986975913326
-14.53869148247539 16.64944100204389 -8.050365347557168
-2.05211984044014 -13.88999956621945 2.944853150910354
-1.564325146852176 4.825583485672814 -0.8501573225348982
2.948399073091019 -14.32779410303651 -1.892485949010742
17.47780311246412 -8.723400630609959 -12.90225951064987
8.330927262032821 -11.5050130516322 -2.705851240105343
3.807106340198744 6.025165238824382 21.13479890390599
-3.679766359267766 9.253886908346935 20.35791246505294
5.544560020317956 -2.656229006545356 3.187784050575425
3.658191009918585 3.410885884329275 -0.1284466236827969
-10.52711971150844 -11.82034588928757 15.88844150717753
-4.318557388017616 -2.529579688708305 -0.2205989697601214
-4.207084253578546 -9.448214938411073 -4.988252205196347
-1.550593466139483 5.91041436304651 -3.141852090135197
5.600114492561946 2.478000147255535 -3.158418218319121
9.14415496485933 8.758450384081176 -4.232470015256358
15.02825061248387 -12.12078657533144 -12.31456163431733
-4.606930062995937 -14.98451848175567 13.71417524103243
10.37775309254225 4.10277481901475 -18.30420253333744
-17.5099629450254 2.175284026837874 12.80625521099886
5.316911373048092 2.264136757294423 2.680008167921745
-0.7783862951754842 -2.147701320891934 20.1207783500585
-17.40820201208353 -13.65281521873161 -1.867039170908089
10.84676192170028 -5.959708672830196 4.399280041050567
-2.893041291124451 11.18095355519968 -4.753952169278457
4.147642232613822 5.480025072569378 3.901258161434258
15.3867771607661 -3.902843716573734 -15.4329296393056
14.1368860507732 -3.341139540901618 -2.124189669324538
19.17611955886279 4.132047510823475 5.907873119301282
-16.20520478749797 -14.20833280483967 8.333148567415659
-2.991303569629693 4.007191373375151 0.07402126751483196
9.423861648202381 7.42872250279676 -4.582665043443573
-6.790914227779155 -11.98470008534193 3.278668784877246
0.9681237261226663 -6.202605862105087 3.338341158369099
-5.087120065990613 -4.191491056591474 -3.658124828193313
-4.388314876217741 3.091059812418651 1.881909990405841
3.218474916346916 4.930946977959494 -2.845073149656831
2.88925852120883 19.84690226673472 1.049960512124574
-11.07585744949192 -15.31870405388601 7.894480936877362
16.75699402435457 11.5310136497828 -7.511062914322093
6.143212110412902 -11.96800174126279 -3.616578067700451
6.191191473192978 10.89840283341317 -4.310203863378948
-1.367000400323259 -5.168886843660059 1.829159559393819
-9.842773672036147 5.927264104844735 -4.772930502119107
-2.221828615920031 -4.693554897481155 1.375345874019418
-3.352664850776094 4.598445548717485 -2.536029449617429
2.122795287038977 21.09588730306766 4.439017653156523
2.505710016464599 -8.176678725336314 4.785737994762121
-10.15022923069413 19.65586675978112 2.254346316671541
1.306035991124324 19.43679903679334 -4.706854048762376
8.634276510364888 16.37530117541565 9.575390883384369
14.39919902189593 -13.8172240303557 7.173828281942849
6.214541000653514 -3.496955955881734 -4.094881973880481
-4.041850247099617 -3.056341486599117 0.8177478521024478
14.25156503347783 -5.183702306125106 18.34916455357551
-10.48481097970767 -4.015922668350743 -16.93872424359047
-1.185272148836437 -7.5014853262423 4.383354698015944
10.37439791230105 1.908708384615087 -4.969821373149486
18.28313815829569 -3.759283569641353 -13.55518191740794
9.28302546741341 -9.25394007707055 -3.916967538999122
9.470778239320163 13.61525985669347 11.25722154275905
9.432622993008453 18.10871073573863 2.404542071257895
-1.691857696820343 5.375704905058302 -2.439769662088898
-9.562744573059845 -9.927062664730053 3.268484486799137
15.61805533153472 -11.70454972339484 6.654175019112243
14.03737021176848 -3.676806798546047 -2.156766263467139
-4.523142203883126 14.15820016198368 1.161766036385899
-2.347029687712062 14.25306003469405 2.289519601687124
-2.360763519533469 22.3026420213609 7.617332779595632
-0.7185384361015159 23.06105535950649 6.121844928519393
-11.82361952784084 7.046058833659917 17.91426249792081
2.703775618950478 -4.208074271623636 0.1352219799908366
-11.08947034129329 6.400653662698046 15.8462014686868
20.6913255455666 -0.4685946020624278 11.0790392628975
-2.049743562523803 2.123271568087679 -20.72302380092001
-2.542074503030781 -7.493555675367778 4.543612871774691
-10.58775829517173 8.191325386326936 3.678532835669182
13.30893757512035 0.833193027845076 3.725295124981898
16.92639464484218 12.4956827391493 -4.788036450102395
7.441530899152368 8.369934193647731 -17.41010217049833
-14.97108391282144 14.16609794431876 -6.544424071593778
0.8841493486251522 -8.957554910159715 4.899200595702855
-4.205303008035234 -12.51806600820727 -16.32025096788397
-4.442681097474724 6.583551220111301 -4.556970793904171
-11.45308049952046 -6.127643515406374 4.008026986081195
4.666631732952075 -2.065749144994071 1.011624886642098
-13.98221149673851 -1.466793507365469 18.51613397743602
3.591434219166026 4.431904859460843 2.558871127800084
13.95988829591058 5.429827221877123 -0.4610089919154267
7.994381403752064 -12.58269405927933 -0.9571787025766714
12.59145033351297 -1.178113323371742 4.242207983599982
-2.621225675936547 -6.540037959196854 4.033924175231426
8.475231778581007 0.6512770894837354 -4.769764735155788
-9.477391053430377 -6.136597910759956 -4.830550987539464
-12.76931190882947 6.821018991168081 -2.226445436295787
2.519631873512863 12.68436539438401 -4.049966896858681
-0.8820678457092125 -7.02774521904082 4.060841608362629
4.432472245934297 -22.15293898282097 -1.939146094777537
-4.128233711934168 14.28564105527106 -1.13202364854911
-3.623046577901082 -9.739067183870496 -18.92786252178769
-11.41833022849372 -5.390654382061379 15.848149599498
-8.117365170264263 3.39218053822 -4.853280892807776
1.272867620526755 -12.06884033668008 16.67676551615838
-0.7831213835325445 19.99089347668379 2.10608204208287
-16.39151335086736 8.029278959264076 8.485226628545963
-5.348959102395879 -21.7263460253534 -6.301709574504262
-8.361030908930056 10.18777780507344 3.85890625518964
-12.0113866737051 8.012372889451006 2.302028332612198
-12.07656312210528 -7.415469687828544 -2.756491915730941
4.723487295188751 -7.942177533671861 -21.6496672577546
-4.087287189712604 -22.0744834028883 5.576096908586163
-5.325137525676114 20.74654416896276 2.345040231972889
-7.313349549728209 -12.25675957676157 -2.596739357026093
0.5736576502634629 -6.107711428757592 -3.171533206143833
5.236936813143767 -0.5780499729955315 -1.617159159815476
-19.52259550783225 10.40075777073903 -7.507780468936481
7.997271484184462 1.558215575904832 -4.644226724265818
-9.480106079069671 -18.13167890381266 -9.173968047283008
8.579336377873766 1.721310860865309 4.841309194186724
0.9937145500147245 5.894880986474161 -22.898581671871
-0.8580656796713206 -9.127311203366892 -4.930216760420369
16.68829354090379 8.849280914894843 10.88795834270106
14.63548755267711 -17.51863765993368 -1.13900632278044
-3.882511903331391 -4.159301923211808 2.534181387560043
-4.373287193100721 -13.9442020155875 1.926608478578622
1.013561338099818 -5.716125017826731 -2.721104166852244
-7.811233385059374 -6.972830183712753 -4.977794079737288
3.256072839926591 4.360373744559934 2.05529118351143
6.718318488350998 12.4460913693712 16.11909677380968
11.87257622042465 -0.4098295181309795 4.633241308145383
-8.796247815803019 -5.77059277595882 -4.972869999994144
17.93830380750229 -2.370424262336378 9.878497302809071
-17.98654788268205 -7.958220923318796 -5.587518528359436
6.768596361863081 -0.2679739138774243 -3.81998323203724
21.34747742910157 -3.087052223580961 -1.93932559531237
-16.29948892784572 -14.95502485478699 -4.046830781622438
3.3800786157806 6.058163065438749 19.53356513706012
-9.577134663939121 16.47768431984824 -10.28628919140406
-13.99720126373551 16.15502228907302 -7.519342853256574
-7.219783095882807 -7.361879585206998 -4.990300936932654
-10.7517097538369 19.03314608124747 -4.583206964653009
6.729485538786109 -10.68483776265838 -4.254017466658059
-5.051418883698754 20.59563832727484 -6.642266428797854
-13.07486912006897 5.875337644441909 -2.492780141080921
-20.04832801267489 10.89794242355867 -5.056900972324648
5.486224563467924 -1.810861397096055 2.677555677667438
-0.6268269081234117 14.38839075966882 18.60660927169526
-3.780516153201749 20.55784272896696 9.855530714753264
3.663610285135008 14.5295760556004 0.3953434028841311
3.305754139470818 4.439824392344281 2.250968949765521
-1.960680574673622 -21.15715398335946 4.884210314932819
10.80683354615411 -10.04708417005914 1.543708973295488
0.9158024471230158 13.01653831518975 19.11965711345315
0.05024401503946562 -17.4740501790565 13.54681264795313
19.17268609589815 -6.262023355251075 -1.152884761080049
8.326069223447682 3.953478698455911 4.938313409842338
-8.841410851860847 17.76858522611604 11.55238061220314
0.2715764393306326 -11.26938893647537 -4.835321558343374
-8.904849664434487 -14.18436668281621 -15.33538562795217
13.31533172642005 -8.811857182405696 17.15703578738579
-14.91437364225756 15.17085459231358 8.998864076233918
4.449305040350453 2.290256973569101 -0.203857247489252
-6.096844339650795 -1.938646401615979 -3.467425272213253
2.303139281436184 -4.559395740418002 -1.034009191022215
-8.960360159485562 -20.06627911195356 -2.749054878645971
-2.52282711577257 -4.73539212642806 1.876543116025575
5.649752738143168 -0.9863521503686331 -19.3752436793169
5.364763644759405 12.80570287750863 -17.30350835944746
-0.253502964421153 -11.38571288186966 -4.803329211358748
-9.274350172365631 4.225199830881637 17.28101588449173
2.651080461854793 4.400833866886972 -1.165188794633179
0.3472727659263779 -10.40547659147759 4.983056998275096
-10.42738887282341 -9.572381571217077 -14.2055297623105
16.99650213328331 12.04115338146368 -8.059593547250824
-4.836556742535728 11.55116277282993 18.37789726282273
0.3938960192132857 4.992828821782303 0.2887118388469633
1.128213015070246 10.97003349258551 -4.893202320678752
2.973245074520693 4.03563305316321 -0.3552479024564492
-8.929691147651576 -16.1239675517938 10.9020918370197
7.396823879103993 9.447626266764654 -4.583109332909486
-5.664883060301 3.717027430587236 21.33801248154528
2.016842810410955 -14.36690747354376 16.95537457236658
-0.1122316303444378 16.76159070010931 -15.17268671493143
15.4126754067095 -16.23516098513129 3.414692262775131
-12.0364799198908 13.63850109478598 13.22443330699257
3.141226737672729 -4.027362496854931 1.031418851949007
7.74898363542339 15.20652162658924 11.07288775839697
-0.4073824374716384 -20.63137081029363 9.952913406784473
-4.715061870107971 0.4993497131276757 -23.10079467861075
17.63261171100783 13.16856718926038 9.232145339112359
-7.229144029681506 -5.416173729496673 -4.905604025168075
-12.97820865721943 6.851835655992137 1.77090795679048
-19.67470892602616 -12.5635774103085 1.478394981773984
-4.923365128468833 7.525444594918364 4.897520157048137
-1.762531355472133 7.161185569837773 -4.255447168396883
10.75961591094209 5.708795592009968 -4.499588496807826
1.282714844477198 -17.52449427473654 11.6531242061842
14.94722811915107 1.144027959883602 -0.3007809782861047
-10.94852273657457 -16.02442953223373 10.14274971511484
-14.95863016381638 1.113265474731857 -0.002805050890587564
11.36411711110468 14.65931367950365 14.06852079958801
2.563784344918419 -6.017602039653962 21.17104613486313
-1.541197115618859 7.17244298150937 -4.231305992256095
-4.33612810935865 -21.1386100098991 -6.021647240565022
3.072598440435073 14.06052371524695 -16.32304742376848
5.89981692693485 4.364983782292138 -21.95682911892993
-3.394173355375127 -14.19041021976848 -1.981310273890077
5.236215333995279 -7.145527322851246 18.88593683290463
-1.148778810641724 7.900879238948404 -4.575540918213859
-6.210285243386295 15.79902398192204 -14.81263051323064
16.43632994175508 -4.589298573833333 -13.34674416310256
-8.351401149636645 17.51013826443785 7.786946072144911
13.96889209322476 -18.36201072017811 -1.751203063815788
-1.466996604050837 5.021416078819211 -1.503223707238453
7.48124276983149 -0.666052971627029 -4.336363702567445
-11.53999437358949 9.537001733955329 0.5392669342183616
-5.300517930313674 -21.39743617236494 -2.402589857917731
-9.918272894019623 -15.57588265855209 14.41616930150412
10.51728388833699 -19.25453066624168 8.585155057470857
10.43223353836511 -5.836828337578471 -18.06563759201326
-12.81445837046439 18.10389836988095 1.966875883504933
14.87951529857008 -9.245500031537846 -15.08260313710557
9.943674102626426 -4.44303692906418 19.9600526667479
-17.5327423118788 -6.563839732123269 -9.425387690134183
20.67462492709268 9.251981172017087 4.39390021549159
-4.444518549342653 3.09902949176399 2.001953326823509
1.761403546172532 14.68589826776918 -18.3498606079239
-13.5870087141533 -1.365499508588739 -3.411402040379923
-5.610338202772847 12.61812849727543 -3.238866393243179
20.08963749408766 11.69899490632766 0.629732890386556
20.30539048175678 3.555354808935809 -7.62054808884738
-7.684339718805361 7.977482011153213 4.882735361227141
19.34104440727469 1.758961151900751 -11.41888374966361
10.99053329714426 8.886491804424582 2.812916639110115
-2.91860957140335 4.707658531133747 -2.258168664283718
-6.761656135663419 12.82907620317425 -2.175515937691893
1.749811242133031 17.32998927768537 12.48443405523968
14.3268197083154 4.36089688459404 -0.4911367977477499
-5.067235322724018 0.6723882929104189 -1.05073677527777
22.32204341353392 5.636986515184286 -4.471458862133638
1.623788238468515 22.79748394489486 3.515560907568774
9.625764267710126 -6.230506459666152 4.780183520452404
20.41345552163081 -9.40178490735321 4.878079986801573
-6.699220142976165 0.8169566678004438 -3.798686617195143
-3.521500302935569 4.861410034357976 3.003803313989846
-0.175542571631686 -7.360543954641465 4.247860169001255
11.56272058477487 -11.64223991960935 -13.90154644407036
8.288300612754332 12.48916024646832 -0.3289956798475786
-5.010641574400339 1.254533070911884 -1.275041298525518
-6.118839850652088 9.282294952196052 4.873494952947556
6.598020118145554 -13.8550201566727 -13.37101860885169
9.088883128186763 8.515353567986503 -4.355978450926526
7.736577300625101 3.364854916138851 4.749305450006896
-5.853876919582014 7.671115213303356 -4.987703608047134
10.72494459960608 -17.67759873364202 -11.77514937495598
0.8386212153655516 9.211038812599183 -21.01561186443088
21.82919926584206 3.850117960655458 0.3526757535337555
-1.98412807933911 2.886749867641762 22.04860682651062
12.45021092276852 5.593737074614358 14.72499006024534
-2.084669513931936 11.38812549003008 4.744674649543593
17.93958721113919 9.74378438220512 7.818504154064348
-1.333376912896264 -11.09575639050288 17.09323505206731
-17.38278983827459 -8.448486830440766 11.03014051791759
10.00236766973542 2.298822339236889 4.993071188335791
5.685128753442664 -4.687952302602468 4.251612086459019
10.73435009597327 8.883098030735702 -3.086984726037231
10.1948748635981 -7.274533800187366 -4.31609433984576
14.36784797346085 15.0432337770908 -8.817727842838517
10.19568582550289 -10.97012841274166 -0.4841381357458741
-4.179215662038943 -2.942592067529528 1.048783366878361
-7.501629062629752 -0.2325331986233446 20.68158622531208
2.457128694765623 4.361869500351709 -0.2516082357858365
-17.25246995385116 2.622079336177881 12.01096987067811
0.7193604834107504 13.71401694570118 -17.9312668913554
4.439730700564169 -12.04634037964154 17.24525324404329
-1.783025710848098 4.673120082735934 0.1312480720976529
-2.859692596066208 -6.256330927087384 3.906257758146209
-12.1929870297416 7.774767017219628 2.258515824937762
-1.221783339316381 -8.926278064685034 -4.900910244428414
11.76182757439617 -6.318711151656536 -3.710310894827622
-14.78129192879154 -4.820360997295848 16.01138751685034
-6.942625394441786 12.56449786060786 -2.456376237055607
12.07241873515914 -19.85454342092551 3.756574901108193
-3.100056037261013 -4.145881696122812 1.317651438768654
13.51233453060032 0.3789515200844197 3.553330469047134
1.280502385405165 10.56453631374567 -4.958630857918384
2.32962131124867 -12.12760623709788 16.96627722498563
2.440550130512054 5.526724567572663 3.054684088083854
6.57237169992914 -1.079332165579079 -21.83345833901416
-7.805144425237329 6.565048155190881 4.996037284224323
1.37297842771167 4.952952161088176 1.17377893697187
-6.899787816377037 12.99975531202159 18.86737482215567
-1.346326247357201 -6.777907953942915 -22.12977443828606
14.57884857678093 11.23505604790836 -14.23312416163413
-3.927515349268885 6.069389361961076 4.162121370174183
19.97191109718629 -2.80619861659622 -5.109111716736702
-2.453127261841655 -15.21929482213537 -15.04819475698202
2.242467457850734 -5.163870921899907 2.42920196122446
-7.949523607837167 -11.50994641768844 -3.015477610362498
14.75236960166196 -8.160154604501258 -12.37830831489559
7.754274800151168 8.009351409125367 4.866419206566069
-0.3697010219413037 -8.422795989112673 -19.16777457168514
11.73901634487134 9.319624157244183 -0.3365727196502522
-13.04381580991122 -6.191814191987157 14.91905421182376
8.86212144636032 -18.17609381432839 -5.405572819622114
-17.6373243194409 -3.981900381058807 9.574695079245727
11.13736351913093 5.716963105987446 4.319120922313889
12.25415540694866 -0.7463514674104182 4.451504785481085
13.71146691896593 4.84094895642041 -2.092799326522839
6.183401875198802 -9.708650813818169 -20.79708738765283
7.136972127430545 -2.607382254537045 -4.385435293502901
9.484194575186132 3.971060434054762 4.992041969873641
-20.93006735705883 0.1650698632741723 6.416729720186835
8.194363650437671 -9.593636937221122 -4.260514011052953
16.40800540153983 7.863900533152285 13.67830142252426
9.603248976792631 -17.60191232943567 -8.064818277888147
7.657074850369207 -11.98170850423316 2.682615695144177
-13.83752053847095 -5.619695713543649 -0.8028341187805241
2.78055287268187 -5.020941148433522 2.616819042170556
-16.13712404494259 -0.02469716825913016 -16.20881629482626
6.400625227267519 13.53837467292686 -0.4977196148459881
16.34914282399632 -13.03689826890716 3.249911492876226
-0.6137011386990414 -5.846999224839458 2.831665929818929
-4.994787237619623 2.439848925950888 -2.296986272989014
4.902028272307201 -3.167483042273651 2.768376912160417
9.64674313900308 5.159273553652737 -4.910896252426559
9.804631032876605 -3.301726877172297 -4.988039250160131
-18.68767164887412 2.968527976412238 -7.244034252321057
12.79091103786526 -18.18028333877404 -8.779146970838902
8.129632837770169 6.782933390657214 4.965342286349554
3.864379526488567 -12.72785955543801 16.69703668824643
13.1913400775174 -5.491580024384076 -2.570304469525351
-19.43465880883299 -11.99366470515193 1.168548219954167
20.52265678238848 -1.649421434062569 10.46159274513219
-18.20837402519421 10.94473200306906 -8.960345314346343
-4.971572519564085 -2.196129315610978 -2.039857960550569
14.53194461646363 -3.692062598952186 -0.2524401616349066
3.075458636444075 -14.17995744807612 -2.159433116135552
2.410519842465634 7.314897451859527 -4.440547038984046
-16.02995113149376 1.138081369403061 -15.993431333043
-14.90879154054532 -1.942940515292115 -16.71357047485621
-15.06620647545422 14.09493193044971 7.595285651446886
-12.59349248061216 6.733057734126909 2.584199561124223
20.42130194224148 -5.344416035650061 0.803331984003236
6.2304015921648 5.312387545911363 4.660018827664781
9.04712872989498 15.11703116810162 -14.92485822779761
-15.99523578443718 -2.898234805967383 -15.05205330571648
-14.06413621834506 -17.15264077014215 -2.701388914349054
-17.92915277280546 4.359813359679221 -13.31983862878864
-0.4203447989820391 8.926359241462583 -19.37220637113231
-3.172529581982255 10.82130814960333 18.69806897858848
10.11575630246853 10.34805663066103 -18.45708791227292
0.8593664992226081 7.201851128419765 -4.177759376190073
-1.415143589218762 18.70615797283103 -8.03446726926277
1.427991564512033 -13.74180240940071 3.231049423667967
-4.076783427497308 -16.30891995488558 -13.46238023080766
-1.221863931491418 11.85669191235733 4.616880100121384
6.689614141552345 -14.4070299862375 -12.28180233891656
6.421268341310227 -3.51727056907498 -4.222020972296087
11.65630310631923 7.981883204584403 -2.822341577416383
-4.838343191239593 -2.037379478658832 1.560664053852173
9.499862630074322 11.24425909172199 1.649498607928309
-14.46343226980597 -3.091692289956581 1.433238427989901
5.087093110906847 4.185635626079433 -3.654633892330044
-14.60875943828163 15.66718190391477 2.066167753868892
11.52723503641782 -18.73851995761471 4.529850951065154
0.4157600299349556 5.29282992637815 -1.730831370224936
8.985746911120431 -14.17775493380518 10.91453882051005
3.420176382746692 4.210004934500382 -2.01541252948994
-19.20023691997121 -6.661408179958562 1.836851118779984
-7.869875099274152 19.23439367835365 7.34287327135872
-7.271549072595866 -3.334131704181291 4.58235362127981
-1.727243817302077 5.593028879365416 2.794256639574184
9.052392544639662 0.4894086682875757 4.911916140113285
6.13834290753447 4.946352591274755 4.529831862162617
14.75898066305714 -11.55958900738519 11.39520763579617
9.729057163705574 6.925239413206199 -4.607416800942118
2.742894785530785 7.260123058849594 -4.47066027659432
5.485376211843219 0.4564176442287969 2.188371082919327
-13.69865440223278 8.507419781822886 14.86641287276503
-11.19666193576707 9.595228721502481 16.06786050799972
-19.1778254643548 6.249050605881235 -9.336231547612238
13.29819070750767 -19.56446876913867 1.774992904144297
-19.76255894495608 6.70480941723026 -5.162205750794627
-7.265615876884623 -18.86489313049502 3.190629901654557
6.689357747523233 5.10849612324814 4.742762992684215
-4.130552540626867 -11.62749678181521 4.418973889708618
-10.03364177824559 14.82555239351738 -10.39801273184597
8.852268583231204 17.09900503227633 10.98461497959867
-22.04787209467551 5.625543725686089 2.444210133025626
-16.68729898271332 -12.54130272969676 2.559825542966054
-1.066546219336507 -10.12282902203509 17.87719926886401
5.147420556343069 -6.303487884435366 -4.640431977945221
-10.09352152909888 -11.05378674775331 -0.5575770452798148
-14.23457109760039 12.71054619663187 -7.673767853433723
6.149640628357389 -14.50740212483515 14.19235705274306
-4.480332698901318 -4.129437352653696 3.120253605322209
4.221105428920771 -6.616712030988686 4.513419290726502
0.6222225106622707 8.497130722816383 19.3908315167714
19.60362224898627 -3.852263487245865 11.30457264309176
-17.45036463247028 -16.2921773008447 -0.8419510437163746
5.001724839361842 1.867658673099685 1.809833533592395
-3.199995890879637 9.662846113790735 4.996797462898438
-6.033081195226179 -1.825088864630696 -20.5815939893742
-4.666139884492438 -5.944197923860399 4.362469163204868
17.35134009925505 0.764030410603024 -10.30713043665533
7.608236259725741 -11.3152114119731 3.432952645388567
19.42669056067313 6.853421724314452 -2.924878876550635
18.30189510558147 -8.803428562761367 -1.627092359015039
-21.94775286340252 -1.058271308461129 -3.780541904249645
-11.05913037635981 16.87910431139423 2.921688560728716
3.568153558845934 -4.755152125072974 -2.92525017775982
9.557102745391083 6.236587475250674 4.796490261283354
-17.45721405367085 7.94483659892324 9.205505316529841
0.8614330606723479 8.005890746479706 -4.604964175916634
1.512038239420389 10.01672168574729 4.998304481624637
7.87960570845794 19.57703365356861 11.28443264887981
7.414280579375304 -12.04153922917918 -2.802040867057646
3.236003265522439 -4.897987149316993 -2.818986445869413
-11.32386814409754 -2.747157427640248 4.719088444976972
4.027218718474032 -2.751734301141405 21.40263932722613
8.512649574747858 -18.69081210626412 9.453779232928891
16.22785656923016 -15.89166639372259 3.433763346824897
1.0226643898874 20.53858217836667 -10.94053268367389
19.36165234310928 8.856140827183317 -2.997045406264561
-6.681643145882748 -1.31080042797763 -3.849357438746574
8.458587842300402 10.68022527779273 3.444737032042511
-12.25295384344656 -1.659119895104155 -4.405435177783415
-6.929537551625971 -14.07632137521073 13.55548460785522
9.950520993203874 -1.207742825591807 4.999944549740595
5.937565013970949 -0.8203215753656693 2.991935237968673
-16.45865052266586 -14.08143201575287 6.558101559489036
-21.06922910795677 2.46734545370257 -0.5643900639817241
-14.35685620028556 -18.95652984559491 2.365783781941426
13.55089452746223 -2.683178956329165 15.46655747661803
-14.39884188050545 -15.36917589499976 6.778987712554827
16.9467628093401 9.107423742245384 6.943323767104792
17.9070339267841 -5.072205292272269 14.75970793085546
10.70584952842738 -6.967013233808085 4.160456042520712
-5.32888987873703 -2.092655731692232 -2.593233623820224
11.81108371307631 -20.21449316372069 3.378873859808708
-10.74981197172794 -8.309510121780571 -14.71507356658872
7.805236185236396 -12.75935419224925 -0.6515452313124731
-12.80795482792617 17.89923190618791 -2.626409270935643
1.61923559634734 18.40757293272723 12.69678248197763
11.31890161214291 5.545020518960906 4.268297520100743
-3.460798103079178 4.844280372309017 19.28200499594359
-13.56296547708803 -6.159274933216586 -1.01450581530519
-11.93300465996571 -2.371243316142781 -4.506334238309603
6.101625011443273 -11.8249565086219 17.1645692983383
-9.836657725264399 -7.063592719036356 -4.53293922884054
-3.372703880120822 20.25517521179578 -6.78428903314389
-13.56989623985641 2.192952722531393 3.311776396870822
-19.11441530016806 -9.49447263668942 -2.24043414094866
-10.0194153080397 -19.36265886765814 1.965221013793567
6.630199925340713 14.9076722095504 13.93047370394649
4.553563996267507 2.158813432150057 -0.6263528114535644
-18.16529475530311 -14.61806373637112 -4.227731453451624
-3.625507441445089 -16.82703444797004 -12.37326072787339
-13.99367137182284 14.84476240497924 -2.072108144466761
-0.596805013433234 6.624528820586752 -3.713030336015516
3.07288686688059 5.772869562558855 22.11681047239845
-8.390784257545617 -1.61405137041326 -4.783497731532581
10.38184179801983 -8.133845131635768 3.8512501218425
14.93005297626526 -3.590717628187868 13.59975758550253
11.37716078753758 -8.47147921590138 -2.73647145010109
-4.973521951844175 1.929472023966855 -1.798545240132007
-10.02268871745681 -18.12079962064709 -1.781247506184887
-8.777227045677995 11.56700791797382 2.137299141289774
16.57438264053637 12.99003896275358 6.003151271009583
8.105155213334518 -17.4713585820532 -6.595002692898029
