16.79652357076551 15.35425440341436 6.4969964894882
-19.72769681246497 0.5345448599815456 6.318029666165375
-3.16598263895903 -17.28914123860032 12.13775046074167
2.32962131124867 -12.12760623709788 16.96627722498563
19.85437495145397 -3.13556317564393 -1.011940084533722
-13.94586088641839 14.94948358274764 3.488012195769685
-16.68232753178801 10.05335999880426 8.956563205385022
17.93830380750229 -2.370424262336378 9.878497302809071
12.80768940773424 -6.873901825894415 -17.46188794992448
-2.789029566355794 7.591120365041959 4.619678606271805
-4.286306328225027 -21.04659279750966 -10.39924700884005
13.12945601655287 4.682551346195027 -18.11463053609833
-8.30442106053929 -3.537415533186947 -4.904303373080114
-11.99862385651215 8.9584589864764 0.509145404930602
6.986933554180661 10.89885109184051 -15.43542325154649
4.740189804979904 -4.589057108313921 -3.663869780579931
8.510922102898853 -11.5699038663986 2.442009492701326
12.22065085427931 18.82514548049991 4.127996821552766
0.1946200380056644 -7.935188645054294 4.55482193246485
9.888149760695198 -11.71984866816863 -16.25207450242737
6.356750904701223 -10.48209058747792 -20.36254744603252
-18.65561558064463 -10.73110843037871 5.339226473724866
3.399258038554431 -4.184618646340133 -1.939014059011832
-2.64313821419826 -4.492618365522044 -1.442052700567453
-4.99231784172679 -2.587795333565601 20.20177371585335
-9.813203727439857 2.392798691539797 4.998985536527987
10.81588859142497 5.907282003944734 4.427111491363541
-7.5066537550125 -2.760341831121908 -4.581738732592858
-19.88632757923482 -1.886020889572106 -1.266637173203541
2.722534998040869 -4.746066250003416 -2.119601871900496
-11.25116120367533 16.83871954020403 -5.524507234603108
-4.189461611317187 5.845531607681522 -4.136901101684357
-7.152998164926411 -1.756820170171566 20.15578414606189
1.128213015070246 10.97003349258551 -4.893202320678752
5.399808951867128 5.155059514074102 -4.309980420613223
-1.435863961366239 -7.952000209863386 4.616912795032906
4.957447493763872 -0.8564222086606028 0.554831157770569
-14.16357189925347 -17.21309535476289 -1.878371823304781
-5.078801793850132 -9.407410654541389 -18.96021849041084
-13.95120679941438 4.798401131774971 -1.55107337731764
7.038649049996476 -13.23156310574923 -0.357225796035437
-8.34027035759514 6.175058272648815 4.985732846209237
7.279415534287288 8.812253332155995 -4.791137651711958
-9.86812178226172 6.549961615123883 -20.62839887672979
11.24048967542656 6.891933308909605 3.854220986361825
11.94980548404368 -12.82318386981159 -10.92454219673026
11.03187107710057 3.804355431014149 4.713071815464717
4.850470634127102 19.71721115990858 0.121549696802051
-10.91585112347336 -6.818888398207613 -4.093836761586719
-1.409501490530173 -4.803467249693826 0.2447859798956572
4.89666396584825 -11.39757540983892 -15.70761226456175
-7.291544505387552 5.181524980611588 -22.12215170786031
5.410869197167455 -18.49162379367995 5.952331061027339
-6.842269242231778 -9.640473157750394 17.82206490521637
-13.50944844724308 -5.808325356492117 -1.691577406941333
9.110898976628333 2.71186197924114 4.975529448834332
3.809988955427325 16.16805867775343 -15.00714620517054
1.72066080960021 21.52822915780306 4.50039855027825
12.04581684751383 5.365428735620164 -3.852898780101047
0.5060360682303879 -14.94575277793231 0.6743459882910386
-2.904358037026284 18.38708249938866 -13.36719470663495
15.43006674831875 3.020155266996957 15.78721304008837
-1.655053704497389 -7.274047063052161 19.94926249875753
-0.4520329782945817 -20.00501142072582 8.349098284049406
10.39604665357022 14.95329304968547 8.53888667907489
-4.46720348000124 2.741978177911101 -1.535451698707186
12.04533988408276 -4.561733706192213 17.76656368862313
-12.56733781144635 -8.889805886972587 -13.56441843077183
1.735335604022464 13.84748935875444 3.058046280191242
-8.280410545767644 -6.806262985585106 -21.34783957691052
-8.517858270968437 -2.771727889864231 4.890106821468972
-5.051418883698754 20.59563832727484 -6.642266428797854
-8.382626639067084 -1.986115511330269 4.804263567848758
-7.681238348346357 10.93968229351652 3.696344521979247
-14.61769092465574 10.53878703121659 -14.36407007585679
5.054752593760399 1.423785284261615 -1.565642944214378
18.62369429975341 4.183287582153247 -6.550222037056831
2.446588199134224 -14.36049521033343 2.034381651691669
14.6413911960547 14.04610735380299 4.549036943715848
2.126800415883844 -12.52178011722872 -4.207611147108669
12.3440755149487 8.359909792681098 -0.9520109817511924
18.6182500814169 11.35993643957742 4.329637789406098
-4.13044736128667 4.014436606474793 -2.64980010253272
11.16136118617013 15.46448727782795 -11.68432200477278
-20.24828936257524 4.206100588049106 -0.9869251891799501
-7.87915382188419 -18.8913831792704 -10.96652434190106
6.018248175313045 -2.266259846648341 3.501548589604464
6.15783930158849 1.459627321079382 -3.394089968221424
-6.524370458944202 0.2962237097453021 -3.600926961495411
2.866984043340496 -17.04357201366294 -10.70930631747575
-14.59416665390143 -2.142603574582179 -1.55939703469296
9.61597041156257 -1.101589624744007 4.989676437446477
-4.571147991437515 -2.040000261809897 0.2386003627328435
-5.203770215114506 12.67278727153136 -17.54866698265184
15.49423507863091 8.05332730981844 -16.31293033566483
18.69709360605219 -9.1906755579465 2.036238768051133
-1.772364225405368 -4.764463767416365 -0.9096507911302332
-16.00122964485099 14.53931317603254 8.044132740922883
-0.335250935288205 14.54851433551444 -2.067817197846129
11.43791457190986 -5.413515291291533 -4.237279620548774
-5.733593614465991 -9.982461909284186 -17.40686739267717
-6.978921238867204 5.010079300804267 4.797382168148881
-8.373634978778302 -12.30567999356651 1.068610304888674
-4.835502896050883 6.040267648161934 4.458756932075543
12.60689119212934 10.13389417194981 17.33810171857947
-8.150732275525714 -8.91563038102899 -16.70867592172211
-19.99995291081506 -7.983721160647839 8.578012562915456
-1.931699268404658 -12.65491669034519 -4.141449377548937
-4.510253597204557 -16.59500245877619 -10.800964702921
1.625183238074521 9.23615918747147 19.19117278643216
6.727771430326978 -1.174954843885098 -19.28963293263641
8.358544525635402 -6.50839213574181 -4.964638446412048
15.37028434579646 16.08675469607009 -3.723187065947029
-18.40622031070742 9.504463668595987 -1.112846125822625
12.72094717993856 -14.78115417399671 -10.90458720752176
-3.685187488735266 -7.627706785470976 21.36189680473106
-23.18770691933624 0.6856255384538991 -2.896560932057703
2.911670459704663 13.41722066973635 -3.330270770517597
17.41463116271457 -7.166896792081692 8.217168130343937
15.81539398729061 14.6364938434281 -0.04210680307273933
9.769975543835573 0.0603930869803431 -4.994714665181604
3.298713345525173 3.802657004689393 -0.5825723485623253
9.21647210274934 15.89744112879768 -10.07969345770897
5.929123354781431 -13.3035377853024 2.039844159181174
14.01650823155289 11.79075417755947 -12.37484549445545
-6.293059845736948 -8.170502488180261 -4.990188178676533
2.703775618950478 -4.208074271623636 0.1352219799908366
-4.139845378168175 14.02329727210989 1.908091605156501
4.210344126494951 5.501621973285125 3.944841881998599
-4.959610598198227 -13.84448576243207 -1.68914654584305
-3.16156434576442 -7.151401549523306 4.49928815075935
-2.815214384449347 -20.68421824989075 7.122863449719802
7.437078198794762 4.715762561942932 -22.05318702359768
-8.921328211417393 -8.493523734641915 4.430288463085715
-4.246087334948641 -4.653201779502012 3.362295842298352
-14.09353607910977 -3.002957633479123 -2.356414963512711
6.446162675151496 -1.37818254209738 3.65847906619843
-1.493972426094746 -4.895445988121744 -1.081359821924793
20.66495900223197 -6.553383062921326 3.623155529215478
-6.685766767536696 3.512508242479123 -4.359902578363465
2.646092635618201 19.60814697809067 7.907059250651391
-4.774123359052097 3.548713995265225 2.930189445209964
-1.854226085241223 10.97312744766828 -17.93030741690437
14.18516278426685 8.97097021124648 13.64987170860139
-4.386242798577318 5.785437758400661 -4.182518704691009
18.14941093407509 -13.76238057090572 -2.1014464376388
5.212289754810974 -9.003280014954571 -19.84670844103813
-2.076396491238216 -9.004827484162 4.942074924361332
1.233771105547717 12.60993241523475 4.227330490878618
-10.2622302457628 -7.015729539673837 -4.369146728061672
17.7477564139504 11.16487598095738 -7.356143836673201
-6.935381264578989 0.9786141412956834 -4.003060078434353
-1.18879433082755 2.359236372943177 21.96337313693756
10.784460670769 -16.73147929412079 7.731249285193655
14.84854818876858 -2.800968043540688 15.11049876996465
-5.189733888567256 19.40264522524893 -1.894955864478897
18.4047496713806 -6.08985488836734 -7.333851447806971
-6.739502702420432 -11.40131386577768 -3.80455928204774
-0.8820678457092125 -7.02774521904082 4.060841608362629
-1.696399319293757 5.396565563400479 -2.477421068333323
-2.151139521777151 7.826398740115674 -4.631735332075472
-6.985217822592016 -1.205663922566122 -19.96002135277361
6.114214867484088 0.3311277558158233 -3.157566466755291
21.99738369837031 7.910134344427403 2.865345800495733
-11.86273044331831 7.161886283489384 -3.181729211547134
13.56225307035169 -4.386692494627834 2.627376438633587
12.17942534585566 -8.91999435519013 18.09830963913504
-5.340398247055767 -2.943007320336086 -3.125946717886338
6.265878405921752 -12.25409937673784 15.93380890601698
-1.815066868633756 -7.586679067830901 -4.490370913703072
1.197715568919206 -21.87186451864894 -6.664862269856114
7.184569338119254 0.04455151383661133 4.132085183479837
13.46931465568709 -6.173724374476345 -15.94342617874195
16.51759354285606 1.739790930179768 -16.12721769475754
-14.78594189053685 7.405488365665874 -14.86001078717313
14.68503811506193 6.740423251623536 14.54515752036943
14.33983204393438 15.98604799879986 -6.950199441668487
-3.465823376150668 4.778906130772173 -2.866651484965776
-10.66868525638345 -8.389749026955236 3.49832852917485
2.493911196082593 4.340137617407288 0.2373269314332091
8.828887223163244 20.8621612444494 -6.727133833736548
-11.31513727105762 12.73466544092038 13.73740509596131
-3.216919067826551 4.572535119919971 -2.357676979979272
9.80387712277537 1.29105009074249 21.74414349075416
1.698894935735469 6.834119159610977 4.031244874135505
7.442511630921247 -3.013491028120733 4.595317461892272
-1.248104343148212 13.97061772120577 2.964665834268845
-13.45323205678451 3.428567336189552 -3.149666406770303
-17.09525531220273 -8.370321177101488 14.13524673379485
-0.03259643501734731 -4.893866288055496 23.09954925797275
-0.2821973839398708 -8.184669780944143 4.660709187720027
14.53194461646363 -3.692062598952186 -0.2524401616349066
12.03064162543801 -2.834699258975812 -16.30017394588534
2.081028366943798 8.292370230948778 -4.784984042922732
-12.73830843864316 -5.039821894918174 -3.364065761651846
15.85840507104904 8.978521117073225 -11.61977509677372
-9.217865357749336 14.55522357914491 -16.28034605809886
-9.375479901743756 -1.161694362046248 -4.969344721333304
-11.68939455680794 -9.78602846268401 14.27342221154668
-9.279541287699622 11.01295267341468 -2.372614702683584
-7.803915532673595 10.07826642814405 4.178144423373279
-17.25770568615506 7.711214425313858 10.17078908503096
-3.096289277773286 4.875169799476888 -2.674332549350792
-13.17721633510033 2.870650909955958 -3.584113944207048
-1.691857696820343 5.375704905058302 -2.439769662088898
-11.13705232312915 3.379822845824321 4.723872581436085
4.65530500043305 -8.069475037364512 4.952996670029352
-1.848205229591582 7.508677030552501 -4.456430645907818
-11.15447371699894 9.520101436266978 1.800054345104906
20.71716642331484 -4.383820765455164 -0.4770860986171505
-4.122721985563751 -6.119547880739888 -4.257811653697098
-8.624074704675733 -17.77274019994118 12.26926299334756
7.235975322085233 15.0986432453778 -14.57517553013318
5.395396960721653 -2.537534854123316 2.949106545422181
14.96577609829411 0.3559154285707525 -0.5468305359755086
-3.942030893314016 -9.480750544756049 4.992832247699017
5.493560483460671 5.356858494700004 -4.425509564373383
-18.29931646367229 -10.057741173891 7.43873141243791
5.770176233593464 9.792972039606232 4.80964533235793
11.49497852289705 13.7713780031659 -12.96958650488694
-5.18396674823992 19.25556673820383 -10.93650272360198
-6.263348272856607 2.711450371937176 -3.862613051138378
3.611755248723748 22.26534573481961 4.297390600861506
0.9669646123673704 -5.103959865834342 -1.381872570199763
10.38915787298145 5.634007670128189 -4.657585606489017
-7.840557858106704 -8.357160477727552 -4.782292970817471
11.17247818125191 -5.599400984318996 4.331798848381904
-2.592779377465719 12.21094604479717 -4.339796302560305
-9.366526254169466 5.180027934967645 -4.950264095655374
19.34104440727469 1.758961151900751 -11.41888374966361
10.32225476546112 -19.940291340044 -2.441041725556047
-1.165018187836578 6.625322563476918 3.77985378030345
-0.9851755770596364 -5.509939746239568 2.369898985211128
-17.71864367039748 -5.843356853451944 10.68376713561444
-4.099688054964221 7.692440052041281 19.37175270774583
19.85503249196755 12.48495241537902 1.564817021879923
12.8324675696139 -3.083448408840343 -19.63891249339762
18.39132121332597 5.901769608530092 -8.723850005966565
1.613128952358395 6.054771087768456 3.325214950005244
-3.53249878324371 -13.97164961416701 2.35381405465289
3.069720669262463 5.576342994876997 3.433649756056358
9.092960075613526 4.524381505639705 -4.99755409107057
-7.525679903959308 -2.206017128904276 -4.510490370818817
23.69049846017895 2.959696410381606 0.3573691884310285
-13.5870087141533 -1.365499508588739 -3.411402040379923
1.024443901056861 -5.324811912317181 2.011506124539741
-8.04383299278981 -4.684547710731757 4.951952394833357
15.15031616552978 -7.037683943635892 16.52933525414599
-18.37787306086147 -8.15751572044793 10.59918626478124
8.468572491413864 12.33082389742389 0.6404863812105932
-11.61535632297551 15.46671242549814 -13.80215709093699
5.544560020317956 -2.656229006545356 3.187784050575425
-3.714254831306235 17.2223262161421 9.635886500337543
-1.768094624966553 -14.78974874838198 1.019010754006137
-7.797272384321887 -12.42470872002739 1.789752402707775
2.581454124440178 4.663673360822691 1.787555059261639
-7.190604095451811 -20.08360991094903 1.523457535321589
15.5060212957696 1.701251511918717 -15.24481971390666
-5.274431841984489 -1.647983638256295 -2.232119338128177
13.66125763555151 0.4041948657571668 -3.398732379185447
-4.516504789635919 -14.27922850253464 0.4843250271605326
-6.537773943764166 -21.73380335325106 -0.2287001076788848
3.130850891902432 12.72365808730971 3.920482720973157
-8.306445224567065 -0.2028979649071839 4.705343585875536
-8.501398859078018 -3.945128179860199 -4.9604280189757
-0.9324793514254824 15.3657425397728 13.66931934892912
6.143212110412902 -11.96800174126279 -3.616578067700451
-7.132780193069641 -8.224758980317983 -4.920723589923616
-10.11836877220915 6.069870459805819 -4.665011404675099
13.40023604775701 -4.669636991990537 2.727499468406047
9.248578485087616 -8.970856787051543 -17.81975475378993
16.23509289370799 -2.413390968468774 15.95102730855255
11.74390948493823 2.07549890750208 4.614207059132487
-20.14248848784516 -10.50761413930782 -7.577167708161199
-14.19825289197487 -13.6923615398486 4.58474884078655
21.08184200745346 7.415428701425033 5.0956636781662
7.756564957997639 -12.40697752715741 1.882539033738722
-15.40329162322535 -6.825426378380341 11.55048989020392
-2.982816234789147 -6.419235912969265 -22.20127786454252
5.829406597089859 -0.05306701729802791 -2.75829029026848
13.73354094863244 5.606341182432693 -1.278480530552808
-5.242997580733658 -9.26254364778414 -17.80795109130735
7.024979121198864 14.08323621812806 -14.50120256892253
-12.98862434651653 -2.894718017920035 -16.31672150997263
1.376034352226322 -17.86055986269474 -14.18592015390169
-0.4556746864654641 6.502389706082515 3.588595767686638
-11.03854388645452 -12.55529210341314 15.03902251565728
-16.9925448155327 -10.34164327704631 8.615813252940393
-14.9875531583158 -12.77179673236615 7.74673076667326
4.791871613784049 -2.020489243725213 -1.401453082955394
-11.72816422260906 1.343460657131321 -17.81743782967575
-4.011506472060191 -11.12371343274456 4.655061469278174
-11.07641669471257 -2.757120803068729 4.795774028411969
2.724052212760204 4.219962188336341 0.476971124633922
6.689357747523233 5.10849612324814 4.742762992684215
-6.435911225225209 -4.184763101974173 -18.52014183327168
-9.077557035696563 13.74014698997263 -14.76069695236172
12.52810627274794 -5.996990449931262 3.141979169286657
-5.577666450516756 -22.7119563365453 -2.816373841053663
-2.131744368821307 -18.87113010395098 8.53489852018112
17.42520619463717 10.73820126562235 -2.759708842475957
-16.63557710592389 15.18658097984128 -4.133397632604711
4.174384234826304 3.117789116928748 -1.434479698730113
10.85934858602913 13.52869785393907 -14.76655606964214
4.928891139217496 2.494651264046812 2.228809738573578
-1.333954513535263 10.67882817169179 -4.941621974158492
6.042152672448845 -2.841675505237678 -3.736023269221491
-4.028927995088947 -12.13485322884594 -4.151757058878806
4.761035279972628 10.2979277987284 16.70715451249667
-12.10988957449133 -0.2496692369186199 -4.531831861393083
-2.646351281502898 -18.28439433429517 -11.42803571871456
5.685128753442664 -4.687952302602468 4.251612086459019
-5.388346326256548 5.290928594850965 20.758555793168
-15.59444637774998 13.01790800219946 -2.451031484905421
-11.54118952383201 17.4484585873535 -8.19217861844702
-6.486491269022981 12.69023173498265 -14.8805519792334
-22.95079778878283 6.34372556231186 2.144997863653913
-14.37516701578817 0.2220032226499518 -2.41721145699932
0.1294197295726208 5.786735311217035 2.694548601228455
-3.902266325971867 6.496996790280973 -4.374692129934441
-13.32098437504704 -15.58462838396922 6.494374614038193
1.946431783507143 3.301988170862688 20.37666327898637
-13.45000889472282 -6.44428584578341 -0.9226224661853413
3.266915158863312 -9.28654293742374 -18.59251370695042
-10.18060953909723 2.635608902763218 -18.70343686896187
-9.1227691479228 0.8633787631094546 18.40939953543541
-9.634690616511653 -15.52356334491033 -10.68885914148492
2.755665521221045 21.07834622422224 7.773612896804361
-12.21838060847771 5.130911526336401 -3.79797322156481
1.613752628667358 -7.355578834654596 -4.347605147640206
11.86281916338427 -0.8530741167120569 4.627616814126531
0.6827337073607653 -3.298653075036279 -21.87134233456256
-4.91962474592668 -14.16076136472713 -0.2999820423234905
12.46288339669938 -5.520354242516833 -3.437664969696125
-19.7584504810616 10.45658613609969 0.420940871029566
1.306035991124324 19.43679903679334 -4.706854048762376
-10.1832714709228 -19.65746751531951 -8.234929465090465
-11.47565338084737 -18.29997694607562 5.656785059410899
-16.15456197523934 -14.10410788716765 -7.198423090099223
6.891870498627095 18.52519770986328 11.17519877131991
-13.69865440223278 8.507419781822886 14.86641287276503
15.42284457519954 13.17924718932488 -7.690812082077781
4.318871933836056 14.33185460239828 -0.5607432505524808
-16.29948892784572 -14.95502485478699 -4.046830781622438
7.857853093588303 -21.55802928570405 0.7331484819407514
4.666263920693527 2.362204691621658 1.499376728427338
-6.55324516083342 8.5656971366852 19.35775342236444
10.83609137228207 6.781786939210853 -4.153682402582534
2.235349959214469 -20.46143468040967 -3.205661527311521
11.19365085350034 -15.9077542062384 -5.77478167908704
20.86371246345159 -6.919395143904817 6.099658712750573
5.236215333995279 -7.145527322851246 18.88593683290463
-15.47843826275608 13.13424537105896 -11.60783216928242
2.996422154888617 1.347754370589495 -23.23828138534473
14.60634793090136 -3.319955726117523 0.4588405129787596
-7.370975622947133 2.025730524687108 4.410276269244318
17.85660578883689 -2.659458256025684 8.761134902093517
1.384597886293049 -13.91397927182426 -3.022927691021184
-0.4905641310673586 14.86577946005059 1.115964614099471
-8.708006188384376 -10.94767526676183 -3.015138454487035
-8.01798754015689 1.708660997750582 4.663999709127853
2.47993571688102 13.97645395497995 19.06893761700574
-6.551032645688433 -11.45683485013801 -3.843921217584399
7.560700496636762 -1.382155797679499 4.432311940963302
13.36452728946667 6.66752964498643 0.8010650464873545
-18.30972495517816 3.583147714564221 -13.97496900058309
1.423494980952307 8.560722864225303 21.5814089476604
17.23555711806685 -1.282736821161083 -12.27494030120383
2.804572449635267 -18.47686347572283 8.99565799551466
-0.6623736343372872 9.73038440274348 -4.993890581167191
-23.08668846668493 -1.5688751130947 -1.090720554676492
-8.344882198718485 -5.05068899890136 4.993959879978537
-9.945121036573447 0.9740398775594573 19.95966111931825
-14.91057731306353 14.74599343476283 2.790141662146857
-8.518110100726068 11.40950642676929 2.652370978210997
-11.44912383330475 5.15515734412451 4.297191729103548
-7.337154304750345 17.56613316320345 -10.45989385654103
-10.6968548049579 9.970851269770659 1.903995772645655
4.264722629237105 -4.642907326441801 3.367780799112645
1.795692407416235 -10.57061130652746 -4.947589842661398
5.876845097005873 17.5576764356852 -9.944534625647268
12.63920774344225 0.6990515792898018 -4.234648374780615
-6.771478109904593 0.2098864106968394 -3.820685037177034
0.3709119636693022 -7.37017041846381 4.258282304511906
7.479184300788322 21.87220078079338 -3.818329076353702
-13.69684500193671 -19.41316000552041 0.006085551425249041
-15.32440157371935 16.9937203413042 3.125795614643115
-1.577396284778757 -23.5631104045573 -2.147829483975883
4.543866928133131 4.648918747247366 -3.5714056196258
-3.017497603757655 13.18877633969687 -3.541493339667146
-13.69075295256783 -2.599984593199217 -17.04078894863915
5.975635597190504 -8.982138538749808 -4.937470113584125
-4.692605401568568 1.869981404863121 0.7155955858333773
7.917248806413032 12.41463337480757 -1.637280644434913
-4.895793342185303 -4.260424029569195 21.37831692267432
2.101256660604852 -11.80562438423622 4.586421318961378
-9.110787340270068 2.347048979727551 17.81779880364497
2.588069440620719 15.77761096353333 -12.76667657179185
-10.47503220505247 -10.73348264424051 0.1483699572253582
14.24033696712049 2.620649560273313 2.221342863953669
-16.86480613795871 13.18241396758519 3.563177796270955
-8.929657052996198 1.192902008864958 4.90080473197464
-5.002633358333173 2.36241883484211 2.245101422115313
-16.5736546053131 -14.0431848266232 7.149831914380115
-4.582045026904929 -13.56110728274602 -13.99810915964588
7.275068137802324 21.58614948231505 -4.124899164101993
-6.427186290687006 9.51774576872159 -4.774509476213925
12.22048045910508 2.296252703603527 -17.31607884566272
-20.33175924771851 2.754799859230527 -8.437304121371609
-3.230031145141701 -12.96021040963464 -18.96348998225616
-14.36510070955459 -11.80680298971873 11.81915294405916
-5.243586728170185 13.9250344025879 -1.090750701594704
13.27636979751091 1.714966822682341 17.94459530066052
7.164396561438528 8.907760508636073 -21.04142737280393
-19.4781034703155 5.602564381412845 6.859814257111638
12.95286073905137 -10.19804518184975 -15.89954326669183
1.312655964566569 -14.39884592858223 -2.26302497746862
12.38921242152452 12.88265490200047 13.11707623616899
-0.6983179697660119 5.787756342047575 -2.758416600140385
-15.67505715008304 9.037894428988487 9.09945396279051
-7.656337147945101 1.372553258166273 -4.479337370871762
-4.255915892134156 11.53151517516497 4.443826505851291
5.482324269548114 -4.74045004763775 -4.174243589088084
-4.192511094442696 14.19725863285477 -15.09057817461924
13.90580014962885 -0.1700238841620363 -3.120353317814114
20.90340669685997 -7.845890489601501 -7.667844655339377
-15.05258892092639 9.624179719935842 14.53402704166623
9.174834552175026 -2.618166929131064 -4.978895567325762
-9.204424015586465 -5.924527143780572 -4.909635403832306
-13.83263256244207 0.7264216936151865 16.12719225281138
-20.17270614744265 -3.720283073152175 5.585167123923054
11.64246526915827 0.42825605956107 19.38481325438626
6.18553839834528 6.23633344951473 -4.849796379425719
9.711473889597224 -9.035446894240629 3.787055990843968
-5.031553949133698 -1.433270994637894 -1.50446695955273
8.729842867152184 13.24929861692 12.23566742223224
8.53225279366842 -1.615714430724639 4.823675274129926
19.76645051207153 3.541070462708621 11.6049187495995
-0.9432838390955094 -8.761178605358598 21.95267010822117
-4.678190333191547 -21.58422152429308 3.418526745513419
-5.102121514458436 0.2966544857844027 -1.046480677990724
-2.681474673512013 -14.72879741134311 -0.5386794067191083
17.32652681396832 7.809004193967948 11.58907432263591
-14.84532002965819 2.145204395860115 -0.06969181005682963
16.04910349099066 11.17530868725631 -12.50000599140633
-5.52779224050157 5.876976772545357 4.611727125308399
-6.033081195226179 -1.825088864630696 -20.5815939893742
11.07963341819243 20.41697575611534 -4.94576276884765
8.533298389110751 -2.038906852167599 -19.2349176689214
-13.63606770389998 -5.849263732382143 -1.263733152166592
8.07816039479388 3.625303079352612 4.866978938622994
3.542973688074475 14.03926045791629 -16.80691986027934
-6.56787557390902 -13.02032272513159 1.998877808830251
-14.38972378658453 -17.3181644421451 2.664422693057722
9.804631032876605 -3.301726877172297 -4.988039250160131
-0.5513489096812606 -13.01225814386225 -3.981937380584099
7.236966107898002 21.8628657971795 -2.89012444700565
0.1651395342969208 5.427839463980368 -2.029361548352166
0.05024401503946562 -17.4740501790565 13.54681264795313
0.9808935837932493 -8.907320412681685 18.46477047693284
-13.04348902864074 12.7010558413195 -9.464850548648345
12.07596150272002 -4.774541699796373 4.010780036489671
3.741937629076008 -7.254434026497546 -4.650178212937886
-14.6566954992299 -11.5172788615079 14.99035808694015
0.2160847152138086 -9.099102790242698 4.918638022232931
-10.2573449220313 9.125886859479067 3.330462427136864
0.8593664992226081 7.201851128419765 -4.177759376190073
7.803629995210342 -17.44375573023558 -11.19793233137401
1.976053217054215 -5.62925881704508 -2.954144408922594
-10.98058738893917 20.3777828578158 -0.06477268063940102
18.01766059714561 -13.337939642019 1.825133666825101
11.89607017332396 -7.974728332494408 2.514438335742324
0.08204582538750589 6.333705483012848 -3.400320667040562
-19.76397165800173 5.480524945429598 3.515531326932467
14.94722811915107 1.144027959883602 -0.3007809782861047
21.70098893865378 -6.977366089064591 -6.909023343071988
-20.51855707062235 -4.675963192065489 -9.515255997613615
12.92085791241803 14.23899449918654 10.51998602843785
-2.84408412969879 17.93185962118651 12.10644865110044
-17.3609821183396 7.390212676441001 -11.26397328379907
2.615770695942375 -11.53307408219612 4.654649101656945
12.3270293826143 0.4691187117490333 -4.420783369380715
-0.6925644827560679 10.5739351672205 -4.964280273588632
-6.684708791956491 19.02639893956676 2.9939078317495
-5.313227289877079 16.27557041509483 -12.41493565363711
-10.60616825027808 -1.228152591442772 -20.36337354373343
-2.316000180448384 6.48262226763737 -3.910242617947153
-3.775990160679664 7.109265882297295 -19.16098364602325
-3.767604133424387 20.49677357725861 10.15404261188955
22.09398160246369 -5.058561890848188 -2.318959885452981
-3.648718080786027 -11.71687001130639 4.454067695803713
3.359843571898185 4.26327986977385 -2.024250717113977
13.35446756999109 -9.278382397525313 16.68670263313959
-2.418446592772834 -7.205456717896224 -4.386612027658233
5.727413787530415 -4.494757503523847 4.195769495531808
-18.7020393654708 7.40461164891808 7.903745976234949
-1.760940806341144 -5.35317945768589 -22.59510508167085
15.00904451112164 2.725222352967789 -13.62459245077161
-18.80589232232349 -4.161695087110379 -7.624595244169734
-6.149724734547153 -13.60061262508487 -0.8550578583790726
-7.519118421600845 13.49952127378488 -14.69993555334047
5.09212443788338 2.311330314059714 2.360239454505597
-19.65241891959528 2.813283234562389 8.219112072499094
10.57604214470398 7.975445407029661 3.802963706451651
-1.780592681383359 4.387435832722238 -23.22386385371338
1.7793619962748 -14.32790103819981 2.303139846942444
10.36050135214488 -4.290740324376456 4.850419281446745
-4.590922575935425 6.356458016662256 20.95618440389145
-4.11651776576435 5.644524561501318 20.7920535750578
-4.667284417634901 15.06546751446334 16.0568820866111
-10.85219391282974 2.0081548308413 -21.16547319262599
-8.038463472999597 -19.12238278772618 4.811232481687997
-4.009115429454067 -6.121600784839051 -4.21955357143613
10.68089145039218 10.37256867988367 -1.049376805234617
1.179023834233113 22.04127200191768 -0.2667464904854698
0.8018819324889915 -19.68905091987737 6.204277169539437
-2.688036639342316 -4.339787625827607 1.018488396472139
18.19764900805566 -13.32955493635483 3.663774880349008
8.466031056801251 20.45544501850236 0.02425876300889325
2.479361774445351 -4.348018288798039 -0.2290038986999691
6.154727956936282 10.8118905608393 4.363677499060762
-0.645246687874388 -18.46406053454888 10.01978110682497
-5.879044458307041 8.313037866752525 19.3404793921435
14.7597386318711 1.606662610179665 15.45004763591665
-7.949523607837167 -11.50994641768844 -3.015477610362498
-1.033061945820377 -10.33267626351032 21.60607094239324
-9.645721820336453 17.92098812250667 -3.212257006034525
6.690691042611243 18.18870618444032 7.392180563607997
9.803838236063514 -9.693939552151626 -19.15516153946571
12.5567539616156 -8.179497840608814 0.3756530424322874
-8.264614102168808 -19.51799900750325 -1.464655785800007
0.3290275215301584 -7.047394628325075 4.040717087358691
-17.90612687149949 -0.3152649684000183 11.37569275788508
12.1059008760389 -8.100337388223817 -2.037562510127933
-8.355663774621247 -21.92283439481148 2.555047571286208
-4.04728326097066 -20.02070649604456 1.052572855852356
3.187287126200335 -4.366742014161502 1.97413338136062
-10.70845327102374 5.101514742902738 4.640541224002655
-8.28400132120999 18.88867468543136 2.960548944126219
15.38615283956879 10.6901819439209 -14.03432966834811
-13.23100443533558 -5.363136929882846 2.590418982864851
-0.8288135989466154 -7.390668603201519 -19.46925958361492
-15.71467097790622 1.095501684770215 14.79439736543563
1.305317935040383 14.54692330395607 -1.94693791944374
9.943149599876055 -7.99984410278284 -4.168023459199198
5.550250927670116 -0.01172484913007234 2.280316514695213
0.8711220743174903 5.914547169845505 2.970920235411633
-4.180482083240092 -22.21858394301232 -6.854622592813694
1.219894449537513 -0.9292280129794929 20.68657669872916
-8.285703151105498 1.659780302115292 4.753784010587562
-4.770760624813605 22.62860526605991 1.326137406563233
10.45512308060973 -11.14401472565344 16.27511318237278
-3.687838661989485 -3.812210336448044 -19.96033710065353
9.456627327491644 -0.435938166947745 4.971474550037077
-9.40411753312279 11.81929491890998 17.45490065954496
-1.465178964326366 12.99731109968972 3.939016349346645
11.68711956480101 13.92690721628509 15.11776208829865
4.012903021793785 3.682245101975123 2.064928567741814
-13.71860681735484 -10.74419209310085 12.9743855778661
-3.006371231106581 -4.095896608242376 -0.8953079234350797
-14.24387603088752 4.701670493723242 0.04578972677243864
10.87050608938506 5.166486512275175 4.566784175277744
-3.882511903331391 -4.159301923211808 2.534181387560043
16.92399674120223 6.75080563227864 9.782132536089328
4.940404771744952 -14.15757202981934 -0.2276701717802823
-8.282114147481453 -11.80300047642734 2.339542329721748
-10.66205096770165 10.47551536486416 -0.7254078993179662
0.4031247796303658 -7.486526380746676 -4.328608676081167
-3.093415500787596 -4.281724000744658 -1.656208560661482
-5.484559007489973 -2.449484865486292 3.008903633597793
4.214629577920632 12.12201850688715 -4.119414369936559
9.251754655463193 -21.12741404728379 2.413862356806893
7.842086732572489 0.130652279087319 4.510887494771632
3.343787899892768 8.618736639375362 4.942615215109815
-13.89620191410371 -19.25220784265744 3.303062651364002
0.7926260056847977 21.51539864665935 -8.976896312661909
1.878418514011666 -7.165848875502402 -19.54628952527169
0.2184754558647042 13.13619098832581 -3.892673623865095
8.68135127546984 -0.4871780607256139 -4.826696761743788
-9.503422324621761 -0.1520188206292322 4.975401149448092
-0.3947855945853512 6.631476501264816 -3.70567267639288
-9.41728894827872 11.65764164119246 0.3713394172296327
-18.69813201078 5.331330926982333 -12.28717093420053
-17.45721405367085 7.94483659892324 9.205505316529841
3.024316530981461 -4.137486644076064 -1.11087926153606
5.019295447108293 -20.07117574702213 0.987837911506773
-3.140382739941198 -14.57078934111783 -0.9681912099221766
-5.784067260459612 4.570014471756164 4.2534111290108
1.894687347318885 -5.438508886189211 2.648538664400163
11.66363047553163 11.03578876132297 16.00563190915064
-15.59060106659982 -13.98118000874024 9.234597877608598
-13.20115631941792 -0.9745804574004033 -3.810682518821928
-7.021192549442701 -10.79626094236395 -4.088287696372751
-4.953192871307498 0.7373892927431273 -0.2788216745871608
-4.967050112000354 -0.9855000717618575 -0.7966417030210472
-2.738316866942686 1.92802439729515 19.83791744314452
-4.04469764392091 21.2374036417161 7.495471896989035
-0.112960457088616 -10.37605968320667 4.985791440392916
5.635991218277372 -8.842830655320292 4.976306391050024
5.167659869540256 4.074221779800349 20.88508981121464
-4.305339962673151 11.76574467748332 -4.313420957453085
-11.47671874648564 -2.987575827479369 17.49925532069202
7.551575418354749 16.39968968582085 8.921723656186341
16.81209484613549 1.896547380859379 13.81697756894513
9.412375689147416 9.304068921425571 -17.57518330526156
-1.222761542777913 -4.852325259187231 0.2004342950349073
11.6208625841794 8.247379645072868 2.633844466331698
17.07214185455586 -12.83776905472874 10.9168032392952
-8.602651253073805 4.450079462149561 4.990098865064306
4.093291934495104 -7.326238445516629 -4.734441730810286
8.091970373954062 14.2763666986149 13.24273190599323
1.474102900799343 5.725706948323721 -2.879528130086362
10.37897543947258 -13.83200175682005 14.9195416662947
5.174482153871726 -0.2204308557644295 -1.32651718723481
-3.036109641403746 4.695258195809122 -2.35880814152127
-12.91754062805805 -2.983397271173628 3.793171627375744
-11.43519470150849 4.996502142483041 4.342108852270759
-8.148974142028207 2.290660494855534 4.758484310722663
14.04312897483398 -3.527790495276268 2.221358453276642
-18.34638277446755 6.871823474224267 7.032975348676477
-18.21834220970941 13.93319791666585 3.210449590868407
11.19989118981241 -2.724211522109081 -4.761299338469954
3.248665069210857 6.366730613598257 4.106601085054563
-4.90313902211455 -2.221583085210161 -1.919086952853324
5.149348457342293 3.922814051428392 -3.544395498211929
16.9467628093401 9.107423742245384 6.943323767104792
17.65543950720262 12.37387240127093 -5.621473857316485
7.037274928329711 7.686403309217513 20.9103478985399
22.04092123175672 2.725935987730796 6.396546525486148
-17.9278269081845 -11.08318365748591 -2.503358867029926
-3.90443876293204 -9.721330243657242 4.977280203219142
-11.94326344553752 7.343033707185092 -2.973084480802126
-0.7466917594642082 -22.07024834027841 -5.860336706819981
-3.054973834560177 10.25420706343841 4.950812820346192
6.056730530066923 -0.4432661029171442 3.094853024705042
-9.917489023907642 10.83087889296167 -1.745248764015602
-7.869875099274152 19.23439367835365 7.34287327135872
-19.52259550783225 10.40075777073903 -7.507780468936481
11.78618142138611 -11.76986610870175 13.46991943442865
5.035540791239042 11.89228484525825 4.062752840005021
6.978819594003365 -19.11740845916353 12.24984288777741
-7.167530217953104 -4.722059775378643 4.795068336612793
13.87168723028018 -18.93791078056885 -0.1178958443310771
6.658006240191455 12.04686966335795 -15.92776667021514
15.62412712749593 -13.45473231457583 11.33914481997861
-5.000262065365603 -0.04341582520340148 0.06712116082278563
-4.79410892617669 0.7262016449457391 -23.49303518297952
-13.0996808568288 2.521354702599545 -3.720696405521465
2.017644618984424 8.336076296047153 4.793164787280969
8.585082290693991 9.456927238355794 4.16090937220607
1.518765350195048 -5.369476498686549 2.337693046610533
10.88232092293255 0.3094732773798619 4.920744539743578
-21.25930319460313 0.9490264944756869 -1.834634464782261
7.923164549432134 14.44734354647932 12.75569909780659
7.936948445982612 -5.699930327574341 4.994781063928109
-5.378098400886323 10.08556807284668 18.12149070941273
0.05705343979107381 19.50600443298019 7.945638538522029
-14.04168199318337 -10.90475049929805 -12.61348746496992
1.034574792827677 8.181829688172607 -4.682619085720261
-4.206266326058029 -3.312537025115901 1.847947863967216
-7.085803750813589 -22.63427922209519 2.405158246523862
4.134953619454306 -4.305558471045782 -20.52372876789918
6.991010653680801 -13.43956298747166 18.19279134360977
8.7317827970095 -12.3708758251363 13.86500444432478
6.717460849232328 -11.8151988139719 -3.478882826751187
19.95898438380879 1.887965794048539 8.112214591202381
-4.151705783648628 -11.9888470449696 -17.87475916042436
6.351230041831185 1.417872748348251 -3.5781200122445
-4.351929914956068 8.984950439635682 -19.58834569219355
8.931466759828009 8.828077219104356 -4.296055133273691
2.515950709517542 -10.25620250537163 4.968508483707478
-16.00795733891744 -1.958109391047717 -12.63668849421428
-11.39910202333783 3.876637737064208 -4.564793693942963
5.076007096369493 -10.40044308478785 -4.74611114949742
-4.461655064955965 5.350735848903502 -3.974907340943154
5.44113174521839 -4.207094781192785 3.905446906305337
-9.544694010915352 19.67312832167359 4.319151811172629
20.24121194917267 -2.423072406340867 -4.546250509929885
13.35759495714798 4.524066399891864 -2.857621178617814
19.59637984107861 2.275200381070019 -10.52077351847023
-1.62904036676534 -11.61868174353981 16.52632492246378
-6.984769156549768 -2.553346611145086 -4.293041734460824
6.186121288599693 -6.084543296305505 18.8843228322349
19.13792124541209 11.44746493640781 -6.296427956822483
19.01680292095202 4.133946578508529 -7.215074646639051
13.48525228694251 -12.77012623311631 -9.66875689593494
-13.38308158969171 -0.6510758180084397 -3.667071724235261
9.716262283695299 -1.045056594536947 4.994812693801436
-8.420083324611221 -8.748323721975556 -4.517891186706169
13.29777995912867 -10.00402719084709 -13.51086254049167
-14.98878643486735 -10.07308577408554 -10.38331245260892
9.551313372036125 2.03037668119787 4.99446189135186
10.98359627688693 13.15891375182009 14.40455997637299
3.770417849914322 -4.306101462952586 -2.590681124011629
-14.6884475603091 -9.64281358810025 12.93028960492041
-15.21784606471698 -13.13935172762615 -10.3524969683748
-15.4441575494378 -15.64676276133443 3.999525513804904
6.191191473192978 10.89840283341317 -4.310203863378948
-3.616332715489782 -7.29820355783806 -4.643179351368195
-1.434422589334691 -6.371673938220312 -3.600974055148743
-13.74398747006931 1.804898696577279 -3.175690445115871
-1.085824564100429 4.991686737647409 1.035587670560398
6.217258897994508 -0.7332330289535052 -3.318884156766016
-11.31453176020714 -8.200410605250756 3.034699927029625
-4.206483575722857 -5.322988182135575 3.828865673612439
-15.25836321745519 -6.021343803700311 17.03238262313758
0.366204472010915 5.021810251899753 -0.5917884730211899
-2.389033261903451 -11.29334344080314 -18.04023352643911
-3.592491687475776 3.497524440562694 -0.3718738923705244
-5.208110908593698 -0.5022857479130908 -1.506255655557442
1.018700938232345 8.956270891313215 -19.06708108213062
4.086550386653868 -4.81603169022149 21.93094424923876
9.929289250830838 0.9824526769256942 4.999950605659881
18.22266857706666 9.74450057934389 -11.60131018406758
-4.968668988766966 0.994442755658334 -0.8170399760439453
-9.951939889742684 -20.20329895026453 3.88589490414219
-0.4412550585702977 -22.02397991550371 6.984717096715591
-1.64045769741011 7.184481577637154 4.252044168832966
11.987266486826 -5.082140904030896 3.984854233335425
-21.76001223286003 -2.058556788762381 -3.15337013017742
0.2198001228483546 10.70050233126394 -4.9503665519283
10.88846919973922 8.538305068525236 -3.20589316960093
-11.42362946583002 -8.760886220983588 16.16262861208293
-5.236980370527076 -19.99442854846563 5.574813955872417
5.725874390690569 8.998986924639725 -20.89097010251865
-11.88397220498887 -2.102747261549711 4.552035268410876
11.09018498101035 -3.087333281585475 -4.765937468492205
1.060814171040899 5.314509944358242 -2.004404058674893
6.850742184624456 -9.611704594337578 4.663492648512159
16.21476920424494 13.50437965431214 3.442601033075554
4.766921799640033 -1.530056659202259 -0.2540342994907002
-0.1249902710416378 -3.20118517912853 23.12064354960385
-5.625640840383373 0.6815296821522098 -2.494623176043955
15.61805533153472 -11.70454972339484 6.654175019112243
1.983646331345005 -19.32530422786105 14.03615809105138
-5.746791438961531 -21.56101528699138 -1.986762639496728
-11.488339135655 5.984053506507135 -4.034522146820104
-11.99832367629971 -2.249214245343181 -16.51017669293687
-13.79203840262457 -4.88198997080509 -1.886170936354501
-7.810818071021896 -0.5323528038232033 4.504052850133239
12.45021092276852 5.593737074614358 14.72499006024534
15.44594753566517 12.6547137083647 -6.35376738458039
-14.27071417265987 3.232058922433676 1.882362744041436
-4.870452716206551 -14.09913979635333 -0.9090397245180677
10.94984705035113 9.214034969236037 2.533264065031058
-1.493985773915631 19.73696553603667 8.415311376870905
11.82204155545648 5.234880901780958 -4.052121604472486
-11.50302449475551 10.5646821989099 -16.77447191439719
5.791207484824038 21.12871993731958 9.675073235573604
4.437166016887968 -10.13426288170598 -4.885679290645269
2.508332528291897 -18.24097815939726 11.43887803866367
-3.440147353570615 4.385854473854035 -2.326199627573031
-8.961672188780184 -6.083533343747198 17.16926626769451
4.678510285737925 -2.891101050676947 -2.178871944307504
2.166971981590232 6.448085995590049 -20.31956347473696
1.21109684525732 5.664601904404034 -2.701475680271043
-8.238498919972633 -16.52144252732651 12.67301321834984
-11.4267564192188 6.078199799232789 4.042290108596356
-2.281879054666418 14.61659931833933 -1.421605665068137
7.661748566270211 12.8647499469313 -0.514589747596924
19.33936708582799 -12.14203426526036 -0.05529211534033208
11.31358544713456 8.477466263213314 -16.11435007353313
12.89621116923368 -11.73150236672435 12.50710763523942
6.887525463702628 15.36037376809265 11.6740599587532
2.338531644742709 -14.78385622693589 -0.5676778155102273
-1.606611020988589 5.861574471770455 3.100982093190656
12.55502772806426 -12.59267368698467 -12.84959528360575
-10.80437169871909 6.663051661686803 -16.389946711367
9.895164596467152 -18.65683862759253 -6.105543275088089
10.97746629182764 1.174999086091267 -17.5894575837996
-7.295953304817375 3.872702383728929 4.687498694499501
3.562848914419869 -20.69603072469243 -8.616101191165304
2.623459207773523 14.26316206517568 2.174435397019557
2.742894785530785 7.260123058849594 -4.47066027659432
-8.719289957641001 -9.777649849625472 3.922452377873299
0.4358083981052573 -5.419274723859452 -2.043754269364372
-10.36184919162427 5.101540392377681 4.753807927347078
-7.330912642273987 -8.626711346633439 4.82237117938651
-20.14273440890699 4.401379349171528 5.247574223914729
0.3441589590312515 13.76556235279972 -3.284528284450194
8.600733055798935 -12.12705164207222 -1.144088494194032
-5.70817112538449 11.13267581930006 4.323883588232286
3.691872470208351 -12.93639215855871 17.56492674838162
12.25657910780168 -7.353721205978688 -2.562580249331637
7.208355198493218 12.8976251120347 1.482103270145181
10.47275228611256 6.536587088787775 -4.41585131680318
10.22398161257217 -6.040246482647088 4.635145300622808
-5.0011602029785 -3.814607666420261 3.351888105178898
-7.522002958724359 -18.17544274538393 -10.76790056372015
-12.36775289465851 8.231628430664223 -1.188542801039406
9.773470485699372 -15.21543311413327 15.56585649609502
-3.205326493559562 -20.30537788637042 -5.186669453111391
2.887689121296719 -21.05440157181664 6.97545677577434
9.05858964242678 19.32064029137901 0.2789503954534826
-14.23066423208247 5.306874251746722 14.38335429914215
4.106434370229859 -4.056216165048859 -23.04757597084586
5.978743509605718 -11.95305500384621 -3.698291620469634
3.531971842744958 5.857891367669096 -3.875087300175019
14.11678320327297 15.10562865367328 -3.191799186987001
-12.7473745178466 15.84774881334233 8.686854550930352
16.71856750659835 11.10610920469896 4.022373672157991
-5.000790625564928 0.5541555096504328 -0.5594847398832259
5.798973817753142 1.304815776491711 2.923786346427179
-0.8457363858497535 5.237556056857158 1.72067597665688
14.91603018917465 12.96850588526998 -4.414989312661163
10.24992308824871 10.90011464606256 0.6120321103148912
16.56726408458344 2.096603962753136 -14.63596656021001
4.240035042382447 -6.171358232432759 -4.322921103891508
4.681158933443883 21.26174291015722 6.533272107320429
4.998343642748447 3.592378134325255 -3.196692844690408
-13.49049522246133 4.166236591284909 2.834154296744502
-3.159180192656709 -13.672691668466 -2.955593887815584
-2.95947175605136 -4.03015780803965 -0.02539732756508403
6.362431083890726 12.7981532072288 -2.564202593681158
-2.298690559062936 -5.479674322035349 -19.26983513690569
8.105155213334518 -17.4713585820532 -6.595002692898029
5.477455225012393 -5.16535936267748 -4.346651039524424
-0.4719604858812572 -5.049658915259344 0.8435221777686225
4.393350293893163 -7.324202917816518 -4.782339524934152
-3.782686194826209 1.70475784255899 20.16473922289736
4.872698301197929 4.185562948023517 3.4941491832392
-7.548018628639783 -0.513465301602145 -19.85581198926777
11.94064766418656 5.078815979602792 -4.017977549394225
7.85410491454381 10.67910047640935 -3.794251950743121
14.40565355746857 0.1392213784669539 -2.363109958548324
1.397050777009055 8.382233689345775 4.76902188599923
-12.24009228547449 10.68702983488086 15.46353878858336
-9.631721998510654 -4.82896683725886 -4.939657035741043
-11.39484184420348 6.529428734615138 -16.55589872509052
-1.724757361140096 7.229794947427009 21.86751778719587
8.89301535603326 12.4080284022485 -13.94117338982828
0.3084310509054412 -9.46604720130505 -4.97194466449466
-13.95776634567958 0.4976642635535248 -3.04397794101154
8.715314732865606 -8.590568005178648 4.471457208556919
10.99626188276471 11.80714587371483 13.09729275097248
-2.315115948071685 4.602607470328645 -1.223728245044944
20.16367901158767 -4.710321388753536 -3.234057559296452
-12.04889446891586 7.372490723452967 -2.82494768826131
-4.101846059987787 3.876805962487956 -2.454645966812036
-1.221783339316381 -8.926278064685034 -4.900910244428414
6.598208530470594 -3.728731504097812 -4.37473392403173
11.4926000609268 7.381599035537462 3.407613776392358
12.78738811493047 -5.382100977137373 14.40697412415074
0.4468945312168389 13.19361265254419 3.840892134624299
-7.232070393500924 -8.699752484282586 -4.824468983712977
13.09032666663455 9.06922592572261 -16.11483451248776
6.192136498921574 -6.580899507140592 4.906206647874042
-4.448937835521164 -2.343779343848828 -0.5335905561693485
12.2178428294691 12.02205238801403 -13.99285038751777
3.303103127196348 -14.57201945337617 -0.7613496286334294
-5.390628967855598 -13.95256099734794 -0.648994773388623
-4.979979588852466 -0.4945286663213022 0.2114598833556824
11.71684773671898 -4.225452660528455 4.355527537506733
19.4244209548032 -7.243815548302749 -8.254037717227902
1.793129309459212 -19.67010284338254 -6.021884908898032
5.953423870687543 -11.31966470629304 4.149363380057007
16.68843945477118 10.22510419856298 -8.55272980227951
0.5170409152356615 -6.975584119705784 -3.996034401262774
-11.48075247590246 -17.44313885641296 -1.008134847372468
-8.709119404882829 9.634033349504481 4.009682931366136
3.585485111314743 3.489122475587053 -0.1722252203859497
-4.455817383562191 16.39467293171948 14.77206784321996
6.876109906905156 1.721593275919078 18.95863999163885
-5.633157101783429 -9.641603773343194 19.15406742669542
10.04677952116698 4.907788247737889 -4.858420074442428
-8.404258982539202 -5.948137626868331 4.991218338398163
20.27121766345759 9.346129712168405 -3.768589006274988
9.274370635715904 -6.729377340232031 -4.7825326885838
15.28256711956493 17.71053128894317 0.7696968428132681
-9.522323670575652 15.46132924412319 13.0449238676595
2.936224663519191 -9.060992117605055 -17.88259756650163
1.776541189737883 -13.0152944928698 3.894306736443479
-11.73593405621908 -7.633188697053201 -18.19929743176983
-13.45249267706115 -3.703775855323678 -3.061604326309165
-11.32202046640989 2.082400958420296 -4.765927665244483
7.513142614185031 -18.55144396987961 7.177471088608539
15.94659926830091 6.651303845699776 12.81135271596969
-4.619636519502555 2.138818010849489 0.9482185043923601
-7.049437430936348 1.178980164378945 -4.106381392478928
8.364460296230524 -17.74653880096196 -4.406338084782374
4.229902174433685 11.39447651675953 -4.512110434344209
6.65617065586641 8.373708473768355 -4.951195293422901
-0.04726059451518311 -21.30333173524033 -0.2045991305953901
14.71067856198134 -2.338101841525632 -1.017726780190466
12.11309847007885 -17.82731490474527 4.685592733680176
5.9417346117506 7.540528299495801 -20.99474293461286
2.987258346305108 4.114059387743189 0.9137911330240406
16.49435123216881 4.802632871901666 -11.52782409614427
12.93813965907082 -6.299223087785946 2.393075652363249
12.72413271872824 15.05645891116359 6.764018267507709
0.5744526118864888 -20.97049380538709 -10.31101402922987
-5.601516899721897 5.514508164379579 4.519110291455663
-5.00037648108862 0.01072100374182577 -0.06228636686695446
-0.36039820203239 -14.49143125848936 2.187869887741148
-3.295002551754964 -5.536035723330819 -3.513346167083842
14.59421599334977 -4.83176060852513 -16.33494374166168
1.288877567877205 9.300313210663314 -4.962551803664761
5.402014530847616 19.55705836384382 -12.34080740460473
15.42357778573803 -10.02321679956506 -9.539760444803827
-5.051704312840834 -21.90126385396529 -6.277225830277763
3.060721390771822 4.450906950370337 -1.963626449806313
-5.895593123103603 -5.143991634043859 22.01204656828375
-16.07144431166395 -5.015511866912227 -16.82255498604781
1.712106664074835 13.42371074944367 3.53861082684628
6.359731823969563 -8.48747923813822 -4.963162082167043
-8.797189028634715 -11.69036992521088 14.08750966422716
-11.31525809718164 -2.905989374009544 20.33476350080786
6.779594386135632 12.82038401443046 2.174091557174508
-17.92915277280546 4.359813359679221 -13.31983862878864
-1.546393656774876 0.2500993735110575 -22.97595380054794
-12.83634087027042 6.888063700803014 -15.02460316817214
9.928114234574256 17.67658654952288 -0.4265009451208984
-4.527376240714878 -8.357868429842389 -18.28353013077377
2.563784344918419 -6.017602039653962 21.17104613486313
-11.08947034129329 6.400653662698046 15.8462014686868
6.33368059099139 4.978326873962108 4.606613842877127
-3.350319085727345 -3.924159868602149 -1.254028849855056
7.00375237347393 -15.28146289253907 -11.28879021905037
14.58938470498302 -14.79376161135953 -9.776624047944923
-7.271549072595866 -3.334131704181291 4.58235362127981
0.09173373067397828 14.53487773673943 2.105292937675348
5.734202068724803 -3.299354336294368 3.680512012221908
1.649662571782044 6.437608027368807 -3.707842188350684
-3.167683207430419 7.498107225772337 -4.641070806037808
-9.768586848824198 -8.630552186622328 19.65842798910901
19.63266248073801 -3.001798747049941 -9.65744934845007
7.994381403752064 -12.58269405927933 -0.9571787025766714
-19.21304471537592 -6.657688356133752 -10.75630645001047
-6.647291686751466 4.561819355762287 4.609160182288301
-0.317848244916981 -5.270112792534107 -1.648837298007374
6.543873826137701 20.98096418790598 7.719030663512298
-4.140996091709496 14.23786917216982 1.300762981804565
7.958492345909287 9.250385910806406 -4.488637716001133
13.20041358627024 -16.59770558060045 6.218862828701434
18.47248734541323 -5.977814020838013 -12.8420610369178
5.251528679777089 9.285956712406286 4.955168336732361
18.05788562931551 -4.931189221155193 -10.67968491024609
9.758380675346316 6.386464887940283 -4.715531074784072
17.63076127143782 -10.52823031913699 -7.125473311095448
10.62433060122489 -8.269506789942312 -3.606296434279507
5.510197215728988 -1.639531540848499 21.03206240715195
1.637014187344701 5.299010809978792 -2.272192720171677
5.626682596212301 -4.194975330217864 4.013704280089613
-14.08765013611593 18.3421930422852 2.188359752085306
-7.756065323415831 -4.417668896685117 21.28693770434484
5.241269302515395 0.6082696311649467 -1.639527265401652
9.35487086202994 3.645488351908738 -4.999839361664602
-0.3338598210956044 5.56954488992448 22.57980166016161
4.100876900050939 -3.440604742382491 -1.845450909059699
14.39919902189593 -13.8172240303557 7.173828281942849
3.015326962140865 7.471780617486077 -4.607149318705782
8.277321194338816 5.806289445899171 -4.998773536793989
8.085260045302805 10.40340428936361 3.861885932582106
9.943223286517375 17.68375859059088 -3.506195056681648
-4.943337965159189 -21.0550539390667 -1.785417617959915
4.930450328683533 8.892713972213404 4.997174358652646
-11.92174057459922 -9.722303272688507 14.65519711026591
-19.52719744537535 4.288230061303064 -8.262803490422739
12.07966969913741 5.60457632404983 3.741750573661341
-18.35876405218602 6.249518994770588 -12.56965338985156
10.3810604272622 19.76444961941405 -0.1998215946880322
4.867644437027296 3.585367156483311 -3.059807212915151
-10.77451360283298 -19.13100515532328 -4.43672773552793
-3.731031190821792 4.701758745182044 3.003011407690012
-4.778353595088479 -13.73821821951728 -2.082909812984029
-4.995607620148808 -2.164780099039012 2.060883904381297
1.396376277551527 -14.36728656652956 2.30887605796007
0.1845773899949053 -7.139656347143147 21.43504836615396
-4.332591045616927 20.33494449407583 2.652764339789587
-7.546612125636695 17.79848454346336 -6.145280379370409
15.54371987355156 -11.47495791535954 -5.392438974631395
1.010444521658364 7.123098856844285 -4.138679116924554
-9.98066034592343 -19.77439641772634 1.727662128579805
4.504689164929794 -2.335438533353155 -0.8576221760953019
-10.01797504027834 9.421314584896306 -17.79872644794073
0.03414278270460309 -22.57484689565825 1.542203692726773
8.726998943260629 -10.25818490282426 3.60166435738533
-18.83119300752723 -10.37574556409434 -0.4301787231527535
6.395096714161872 6.867188799385135 4.961883428203603
-14.26204387806011 0.1564021462762639 2.612981323194172
-0.5435504761413554 -10.30062115136214 -4.990070638711463
-8.751238413277568 5.063703377965392 -4.998775483462682
14.52815937614234 -0.2138096070800228 -14.49627983997395
14.63548755267711 -17.51863765993368 -1.13900632278044
1.483125197605893 -4.79261435786078 0.4101764210516415
4.129360169600603 8.963743199923341 -20.2677833062012
2.395459743955005 18.31776880914509 -10.51652931537848
1.847177936193394 -9.503682798336596 4.989847476952887
2.660252242470117 10.3299364391136 4.95531366524143
5.963224297533227 12.33233206709287 3.36478195595079
-6.716551238301355 10.57602314726249 4.313523284267507
-11.73022713861518 3.069138808392964 17.90449063288827
-2.058759689162773 17.16731514419773 -16.62979540030896
-6.841062114084241 1.325628462895063 -3.976039414335988
5.242097156912374 -18.16809080221082 8.765560834113929
6.645933923903697 -18.22774812264265 9.34581944375216
-14.36182948773498 3.784553521322989 -1.20709871499776
-14.3123527185627 -1.641681192575938 -14.86887991741779
-1.979447696077655 11.2810354018971 -4.784106920401816
7.368340891627849 16.41271904434915 14.05506133721692
