64.78314880808868 -43.14746853057062 -68.76231113963253
-56.26912725344537 6.656413317039515 -88.84138971328045
3.483555874420362 -105.4248782127807 -5.906754667107313
-59.43386550697083 -83.07629178961244 51.59094303549866
-8.708086461679729 -84.60394869741896 70.51229279528418
-5.246165571673221 -105.3575191606464 -17.14124890257764
-79.62104200310061 35.26281835350421 -81.40689753284475
-69.75951304364058 85.32276248480844 -14.44429818234998
-3.658829889399375 -109.1795635344517 -26.20796292582397
-10.65660258453536 18.71569761515281 -108.1608724866695
-39.28728781583285 92.79693217753147 35.48653799154781
17.17652707376131 -114.1590751979865 -32.64437362134284
-60.30683231063891 6.852460697544433 -89.98916287570975
34.25890023909993 8.691905687308811 96.647106290142
-84.23347387829527 27.16084586295726 -54.71796584305659
-61.28894608779042 -72.2949769117203 38.34044584292297
-69.67710674512551 70.25716039741212 -34.28042554914256
12.01058263632305 -29.53418402967437 -102.2649382080218
-54.54896808284643 97.48811392761947 -2.23117628588562
-80.15907261207808 36.2985328464912 -50.30841610684377
53.34733795880591 38.56486929552293 82.47387883786737
-19.21234922412076 71.71219907373876 -88.58949052811126
78.3914684339435 -69.36044682659214 16.07043270872426
110.6206252761064 4.666466752282102 -11.38820519493625
-46.56633529620206 -82.28515619157281 -33.80196963193472
104.1368057777437 5.814426832896233 -28.14626425264622
-9.461240531582787 -11.70211294672276 101.7240736354546
-24.72570227239622 86.04089170164904 -49.69189597053993
-79.00206589176939 58.20449042248585 48.12419425867959
-101.8888934104226 -58.52666832049903 -18.98459379762011
75.22836606480686 88.47252457642588 -22.92789089244301
81.90879291177501 -26.07756989623007 59.68379891680095
-84.0729852787733 -35.6468214648596 58.45506335153775
-99.82028212962308 13.21655328463672 26.96134950018939
50.76936757573205 31.01568131120681 90.99495417727456
-50.84387034268173 95.3968504215194 48.51018049832908
52.2044237943364 -3.743409839180895 -95.22866313448223
-81.19959697546614 66.21388005107605 -36.56017624875551
-59.79922934568165 91.19486346396164 29.2933436990743
112.3001689308247 -29.48597993318804 -10.47254187610192
-79.55339278544619 -14.84608290071007 -74.39662135218795
50.11452243418139 88.08223821796267 -57.79500983410224
55.96800556098178 91.68031983457398 14.99431768704001
-72.37462821161687 69.3531860068907 -7.573676340668812
-77.2949616557646 -87.32583973665928 26.99867498713504
-84.17313864115545 -61.67376912673853 51.42142117517555
4.776054946223006 -82.73587966737443 57.7756499313458
25.13385662611654 83.16816744027105 -66.74080725218279
107.9252359942655 -24.84107618226908 -2.752266913784539
-90.41583411308439 60.23657198216637 -16.95082704869577
100.5376365357867 34.16568790846829 -50.28700458222382
-22.32610693707875 -2.124922235396078 -106.1625575640005
-85.35098389214609 45.04846931562086 26.7505877634801
-39.85539568654369 -7.47505191392316 -110.7157559120962
-99.65250054411787 -14.12097908888662 -9.136908594664161
-29.46781759553425 -96.42680256413685 -20.36374054505243
-33.10092092689231 -71.33531049425167 -82.68264478694596
-105.4343422574695 -23.15833760134464 -34.38212417585271
66.05527590376558 53.81065616104335 -64.33770695720575
66.36230471068883 92.05816464571078 -17.44705767426847
71.8238678898919 -22.66360701701882 76.53061909388099
-35.94158643417261 103.345514446647 -26.18977741503716
75.81095455032523 57.2581138565772 -68.9631059977637
68.83938156700786 -74.0368520333051 -21.04466099534519
31.72099553018923 101.4153132648915 28.41761783642817
-112.6095755976655 -23.64074894536423 22.82935560600533
33.51825489874683 -0.7782921774951644 -107.8665553134851
45.53592509837922 61.94968740746701 -91.80124813877813
81.1383792182826 36.39829812767225 78.23719062140975
48.03967203198431 23.29979119945975 -98.27449350628633
-8.508049544443901 76.36593062154824 74.68641397767857
5.432794223399416 108.8840271218757 -14.78374291672437
-42.98355407846329 -77.41166795181107 69.32350629120704
-31.24634431366197 67.01475680834595 -80.35938042538871
-94.98238868045713 -9.431388921383597 41.20460524919246
-77.06074452168306 -48.29254775856007 69.94787557913514
-47.1828131835226 -55.2770395576977 70.45854041920472
-36.07406541069568 -45.41699983123901 100.5563233562047
-26.7581030997436 13.54261313954584 96.51482376489176
-52.25972247024743 94.46133391160198 -41.61011624932322
28.72213671408639 -57.0937614526063 -85.960622020065
-78.83096802278517 60.02632397259287 -57.41306655427319
-22.62138776394344 38.48432253297637 89.56978965582677
-30.51790117200257 93.75416868819283 50.35073398378861
98.1714860026913 -9.965265424023016 -18.89322542720678
66.3999694573681 -33.91114322578721 -67.73556719174678
84.99408957495453 28.99302665852863 -74.18502054643555
-100.8547639186198 10.49573895118786 19.24336315146333
-8.328632368564358 -71.79745765312602 81.15741821621813
-97.94357513236986 -32.93364341077037 -4.13708291001632
-17.5306807511802 -80.29576039564073 -67.893171449201
-112.8475681663267 -10.80111897616909 34.8520475214356
-52.30368522713646 -83.17036586974945 32.59134396624253
-46.71026900710806 89.62507788527067 -34.53821884787452
-19.36092013240342 -9.957145548469333 -98.97990692810983
30.63487157690877 112.9950334168274 -8.363713139859565
102.0527673962456 4.272133160576476 43.41278208697419
-19.73845474849247 -94.26241206201959 67.70566438244649
2.231470551178866 59.71469232077041 -80.75060651688196
-93.0637395872422 -35.85645708403115 -16.24506535528013
