2.478940674854141 12.82562575286693 3.951969796904433
-4.846933244566507 -2.257991973117954 1.830398130584159
14.03737021176848 -3.676806798546047 -2.156766263467139
-14.92792814044819 -1.427225169133478 -0.1999647861826973
-19.43465880883299 -11.99366470515193 1.168548219954167
-6.814315171586288 -5.980649015390893 4.912101967430188
4.760035644238912 21.72084092581487 -8.765193561722864
-10.84224478998659 -16.40753591623655 -7.657576866838561
14.83990188515094 1.553028960806065 0.8856096891460237
20.41167691855627 8.177150571946218 -6.86532255927267
-14.82161039689384 2.239383779796351 0.3187572913557731
9.385455004067106 -10.37828026259118 3.009717579985405
3.663133857579546 3.404263536422301 -0.08694102078971777
-10.86464853911204 -10.26577327184358 13.58653895526276
-12.98862434651653 -2.894718017920035 -16.31672150997263
13.77932394574829 1.547853143376964 3.170826123644916
4.740559361940427 -5.341932110759337 -20.64968023710847
20.42130194224148 -5.344416035650061 0.803331984003236
6.252740774389287 13.63209174300261 0.1519833790139171
-18.96535133663074 9.984287959076141 2.202084216918847
0.4683918686743499 -8.55832694732385 -4.791486630148821
6.503767572734599 -5.083362750616386 4.685490544711187
7.203957693448182 14.78682661293824 -14.24817152166216
12.82906369402283 5.374997170366847 3.116961677049047
-7.082682760886437 19.85490626044542 3.136395380471411
0.9921938518447675 -20.72240704797739 5.14543797167763
-8.777227045677995 11.56700791797382 2.137299141289774
-13.58924404184708 15.22615678698095 10.14231658371405
-5.180650754166895 6.367877051595274 -4.668255225272758
-19.53619144629 13.7006464711318 -1.010538172060784
-5.258904686577472 1.074015450570743 1.881366351705128
-14.81947549942537 -18.35191018951965 1.911202778909871
-3.260949091892911 -3.937737532076579 1.055542155521433
-7.07415113573667 -19.13224604047427 -2.106767011548826
8.824319022402738 20.10962067888548 -1.389638400923826
-11.65208401053452 -2.925929721638791 4.576514631666862
-19.53817365894033 -2.468331032529151 -11.84095790945583
-20.99522814923568 4.153569166467818 8.836782071185143
-1.707536024003758 -6.565990321298975 3.82881621474122
-22.11658469707561 2.912503495313782 2.568653212794954
-6.524370458944202 0.2962237097453021 -3.600926961495411
-5.201161679719379 -0.7622713529690818 -1.581558304909242
3.285931133159139 9.762778333952163 18.55650738316465
13.89673320495253 12.04652362525931 -15.40561785705814
13.59932385511703 14.56522286802931 12.07697638017822
2.253622940736702 14.12713232803098 -2.541742789355008
11.20903785654311 9.257509437182176 2.099881073850797
1.576001889995658 -8.31212074470932 -4.756999381290922
-21.3625822628725 9.39784921954787 4.618552114360637
12.04536676508234 8.936652051392741 -0.1229973282463607
9.689836810535041 20.7237817608185 -4.517715233728327
19.9439160633037 10.66398895400051 -4.871335548367554
-6.69906107990481 14.64674906408044 12.5447778427122
-10.09573924241179 8.603495169872701 3.787314166600386
0.566358935539546 6.918122663654482 -21.1737178771615
12.3270293826143 0.4691187117490333 -4.420783369380715
5.817964210927808 1.739913646403298 -3.094386747247037
-7.840557858106704 -8.357160477727552 -4.782292970817471
-7.732885276180343 -8.932578873509836 20.53378853798771
6.777679479789962 -12.95304424281085 -1.914118335660948
0.8846307453528279 5.794550324515504 -2.806131313794375
-16.39151335086736 8.029278959264076 8.485226628545963
20.35525261650327 5.856214238399163 7.339761815059048
-9.55588972768201 -9.662496591240137 -3.480565824221471
7.0732869371813 0.9712585843642387 -4.101030314811646
7.523177705433246 6.504723860044797 4.999701135724502
-8.704991738215577 12.17411913105261 -0.5807042961387797
-6.630560535894206 14.74863958796663 16.40216462282566
19.60417470523447 -6.678853515915097 7.045207455755277
-0.1844601049748225 -16.14944035656218 -15.34816106670702
12.01550324738969 -12.04456085840797 -12.33027673257142
-0.9888692182200226 21.38266714248415 6.751606326267189
17.58810920063113 8.03816954931893 8.453078589524493
-4.968668988766966 0.994442755658334 -0.8170399760439453
14.97027671393757 11.16476963621542 -12.7533839602334
0.2891614165985834 22.78263267842075 -6.386205472079509
-5.087120065990613 -4.191491056591474 -3.658124828193313
7.877488435208893 5.449562892654214 -4.982223719994225
3.772494193361665 0.6476754451420563 -22.88327625658313
1.203723642810957 -4.950728107249605 0.9698572221718759
-7.64665348926505 12.66665759481237 -1.414340331946239
-2.790897550900345 1.263176522330276 23.56966486740619
19.17268609589815 -6.262023355251075 -1.152884761080049
-3.967548052931632 -3.049859950187865 -0.2074757255084174
-18.35187328093379 -8.583325869684696 11.15848184609888
-2.260031983446395 20.76445939516647 -5.412074862988407
-4.279451202316055 8.795688705464416 -4.995223717417778
19.17611955886279 4.132047510823475 5.907873119301282
11.68711956480101 13.92690721628509 15.11776208829865
-0.9567901226585505 4.978481191598968 0.8312865566460941
15.10017187721743 7.307532500593686 11.61077198499848
4.027218718474032 -2.751734301141405 21.40263932722613
-5.274032893591926 -12.61960889558541 3.387784512912579
-6.716551238301355 10.57602314726249 4.313523284267507
-5.184189285568426 -6.373570074752186 20.15388175227418
-11.08947034129329 6.400653662698046 15.8462014686868
-6.272362296991764 -0.08663938771018932 -3.33304329337117
18.58232721758809 6.682404871268033 7.562505233418404
-6.55324516083342 8.5656971366852 19.35775342236444
17.46762805078751 -3.81352447396161 10.70393734425764
