 5.101620751676873 -3.791822746303354 -3.424111844673704
 10.3447905973067 3.491374820757097 -4.914990931960556
 4.553926011051845 2.065305178861086 -0.06105176562783174
 14.15250224688554 -4.601432404441953 -1.080977046279609
 2.044396068402039 9.429228287423308 -4.987616134967767
 5.114060392533303 1.759582199143492 1.978969492289632
 4.687569181488614 6.981113143822046 4.740077412111259
 3.98946923571566 -12.74955915770876 -3.703518900063543
 6.099535630605592 -0.4484622756298905 -3.14873661952288
 10.23210015429804 -4.211875099422577 -4.885245820938465
 7.794177077480302 -10.95583031113563 3.623404013139306
 10.88115589236817 4.317984084675764 -4.699734907007737
 -9.014478297232548 2.5334494512562 4.959349070086793
 -11.20324289851401 -9.965179604741728 -0.2466238177855463
 3.622625376472146 -13.67925446035947 -2.78761156455711
 6.398973342891867 -3.735377524580354 -4.27656816162549
 -0.9134462475606857 7.45184513828435 -4.334518337925647
 14.36216068547107 -3.885860033109612 1.09528340751851
 1.834468493968248 4.748128281826249 -0.9453727778775975
 9.286545684873621 0.6090065813167331 4.951671295962646
 2.505056819010963 5.38571507139684 2.918010362371941
 7.657275762364803 -5.272161754093862 -4.950296912376945
 -1.214180355961656 11.36842272197435 -4.790228374104085
 -6.214313848144262 6.812032043175944 4.938897221579469
 2.735071470091352 4.250667775611705 0.7367728554920295
 -12.89788889728613 -1.743069414910497 3.988601271085168
 10.92364052213024 -10.24354464143029 0.4975403609072495
 -0.8091986485736342 10.72441645063133 -4.942683827388507
 9.516831186287598 -0.1518304272941888 -4.976717465252055
 -8.321374699166109 12.20555769477287 -1.49168718784743
 -3.255252334894521 -14.4205866504902 1.45558844560362
 2.417486664492389 7.588338387636488 4.566746173323927
 -7.643141395577972 8.283987234011994 4.835681244012001
 5.120990846455182 -4.239594629642741 -3.710190114718774
 -11.65483651235123 8.517183234051556 2.308288180398062
 -5.730084906920718 2.984052427577944 -3.531592963439241
 -0.04955158422191337 13.11319402992432 -3.912472364147038
 6.902115887498863 -0.6765675441820446 -3.950566810518116
 -6.457053866481433 13.5322124459454 0.2487334814910147
 -4.38541875383109 14.17055535424053 1.279075760550205
 5.27667970975 2.071790437496623 2.4981973438573
 -4.03864364082923 2.947776816884417 -0.005533511801173565
 11.28748763068471 -3.180771314272446 -4.692243999962066
 2.664755520908709 5.997776391742661 -3.631487092336807
 -10.6501861549052 -2.866331698776296 4.892937170185791
 -12.07096882265444 -0.7536000841989315 4.540175764129952
 4.945528951596661 -13.41315970980063 -2.558464001798935
 -0.004209415872669714 -5.321138097413927 -1.763027758417539
 2.027565746945518 9.69669585127604 4.999123990078268
 5.190304767044317 -6.141040342935677 4.600092074513396
 7.737513803447334 4.902555832255646 4.928921705938704
 5.145031644197757 2.226867335323756 2.386452727741025
 -3.501269348745762 7.762259156866067 -4.774502974208819
 -5.275549467187404 5.071230148632712 -4.21963152536894
 -1.997863151309387 4.981713976223803 1.88121578651785
 -10.85612694570045 -9.657068367897171 -2.116862588760087
 -5.508607315145037 2.325448605122121 2.972249240755238
 -5.26159835770896 1.442261685443728 2.085481284923022
 12.58757410703332 4.765109374416965 -3.610139412826992
 -2.367615531144358 7.91842768526345 4.689255699747996
 -2.991205537180492 -4.592412211022519 -2.139043083217408
 -12.54237422736304 -4.478653036100759 -3.740425943888008
 4.427284296397426 12.93544953187049 -3.393461194333012
 -4.029476863873639 -3.983880587604772 -2.493959518773758
 -4.213028644029827 10.16580807293059 4.898112402876258
 13.06719626036906 1.737223944751436 -3.85665709292359
 -14.17691172289871 1.686028765827064 -2.590141260864844
 5.53044734405741 0.303134868437168 2.257706352837547
 -1.258460271337566 -10.07378904223462 -4.997686303070966
 -3.989061891019247 -7.948191589273446 4.875927084644232
 5.691504325760787 -3.07329024794921 -3.539319657736344
 6.591391348502915 -1.373007633207309 -3.784955286527155
 -1.486223607650146 -7.694717539463257 4.507898247776236
 10.21928924695043 6.158944239930294 4.611764618079953
 -3.107066988524033 7.57372273539228 4.659443222559181
 12.55814622605299 -3.399193319796846 3.992438364520889
 5.047499198347556 -9.165354466202006 4.978487599081566
 -4.319395389356951 -5.841245221754382 -4.185532484188422
 -5.646339169385572 13.58205919370554 1.680983089146965
 -11.72964894066757 -4.706190843411923 4.247124232654332
 3.817249893417466 4.525516199974925 2.890890515309654
 11.3492996983662 7.33675702290741 3.55670308865953
 -8.780781511189049 0.1504912127234158 4.849396768749614
 -4.93652785748475 14.10326654856969 0.7576058520011706
 -6.582649078490051 5.976026952680335 -4.875387796259179
 -7.332878724115715 -0.3783711497723253 4.235375582239699
 7.899372808442354 12.04254831267603 -2.370807488026115
 13.74264775667141 5.648425845722877 -1.182466919653217
 -7.209479748095319 5.559460461917143 4.919077158668702
 6.011166735066297 -0.2617824467868464 -3.022354993240536
 10.14399687607403 4.017801904123127 4.916362779859837
 1.437536744431511 6.726636955598502 -3.905946328079418
 13.42167146472227 -1.794829739799104 -3.529911270339752
 -5.432271094335025 7.819697365926547 -4.977042394445126
 2.474881556693338 -10.01711105243833 -4.989857490781578
 7.966667413128049 -2.214561346177953 4.690707942114863
 -5.672292896303617 6.513201872262718 4.810619828931316
 -7.342685290333221 -5.68416001210801 4.948718244751303
 7.970018249477313 -1.078234113657591 -4.600942735820904
 4.125927146352507 -8.286679062290867 4.94448916757876
 9.92499910287677 -9.727425646365548 3.13255231813698
 -5.240905522585122 13.48082877118681 2.252777532959183
 7.016122711317993 13.00292122876895 -1.482885881833568
 -4.27658399536196 -5.328808865026004 -3.868852345858776
 13.52317842664021 6.333824278058164 0.8159513951118756
 6.039436846129962 -2.292337462912077 -3.5309076205986
 -3.174409660614816 -3.888720026558633 -0.4452315079239517
 10.03035192973182 9.823652523428736 -2.946375913434813
 14.78619722373954 1.374910222708659 -1.215590880889089
 -12.54392298714349 1.531838853560061 -4.248017652050974
 13.74821772302676 3.100179321501807 -2.871215644314271
 6.457462806943877 -0.2305562305931576 -3.532642817366836
 7.527377909672304 -7.071198435469982 4.989243740862221
 0.8548068381349607 -9.948382961494474 -4.999977618962494
 3.171793982696508 -6.922404729282207 4.394222045298037
 -3.59033950070437 -8.448314301135907 -4.932230611466091
 3.502574032432418 -3.569600861699063 -0.1003650075612474
 -0.3001477683372464 -10.36567292463774 -4.986289905040922
 -5.208434600452824 -0.9048612226187838 -1.668069662454402
 -9.318909955641592 -4.082584586268554 -4.996972674315359
 -2.158065067658414 -13.68825887864075 3.181349188349167
 -8.224768577351911 -12.36778863830323 1.203843382052107
 -4.661522519703055 1.998432797684611 -0.84451457816472
 -2.588107020575801 7.84827705854354 4.688956760154119
 -7.626516334192512 6.78703133719948 4.995622067857756
 13.4889553954205 -5.25409832468726 -2.228122557998596
 4.243580099084861 3.08195196648948 1.544891067691024
 4.942116037851961 -7.966845591895382 4.9608140372935
 -3.766757269654541 -9.128371680717475 -4.998437261949301
 7.106825056109106 13.20946195611507 -0.03241619823530296
 -5.193110328019068 -3.224880662497829 3.144980300814427
 -0.3477331397623471 11.17291489948494 -4.859171804789399
 -7.582456031577745 0.8938441550393398 4.405290049670324
 3.337513704097957 -14.24116910901257 1.89489540304167
 7.57090825581092 7.327491065860229 -4.971169568368243
 2.807744928991684 10.19218398925827 4.967190932321705
 1.023304059073763 4.895118099690468 0.09659537091706435
 0.834796597164135 -12.30826903753793 -4.420469643770204
 2.265274811320363 7.971474142842286 -4.697439861967418
 -13.07695160640592 3.872866250676717 -3.429591568660167
 -6.707381207016009 -0.4083992983419025 -3.773633233367164
 -12.19212366313098 -7.344477900214974 2.660536686707187
 7.292797603671505 2.975934459470887 -4.526725223250851
 -13.89050468652422 3.193072931584067 -2.629416891619021
 1.237115254787299 14.93036685875134 0.429344148758442
 3.543615829805597 12.7516336774086 3.81257342620301
 -5.459628354392883 -13.77999826105797 1.32172100306288
 -4.233495478750159 -3.221139341966166 -1.758955621974018
 0.3125173523738908 -10.74898309050252 4.942893863775664
 3.90430054044596 -6.617366171522823 -4.430902929281719
 -13.08654232463878 -4.917235360182717 3.026652722442265
 -0.2702661926383779 5.020712955669969 0.5282389800851184
 -5.280891435811048 -8.383729650099268 4.999159344151184
 -3.825103693902675 -3.434037825802107 -1.176686938909531
 -4.985998083535489 -0.7366308018198963 -0.6321255590325975
 -0.5549048303780958 5.871324282580288 -2.858215827910219
 7.700694391243927 -12.87175731606938 0.07565014598316724
 -2.016241549606223 12.83597163624501 4.004971579400659
 5.396145921965217 -3.486484607476666 -3.495092163165154
 -8.702312292904228 7.204681426057738 -4.828665974729961
 13.24923078269478 -3.754798876957412 3.283215952024656
 -6.060138047636316 -13.48650930441147 -1.448767155901464
 -8.815823986990532 4.409557838065553 4.997958314032763
 -10.17432556183699 11.01008405946643 0.2949557735587742
 -9.180085618842346 -7.816444903322935 -4.557283238945084
 -5.120760238848424 4.475173401259149 -3.842447805258499
 14.79982174572651 -1.61251254231069 -1.055102796067088
 -10.26275622800177 9.626013677238797 -2.903357797707951
 14.04008130866932 -1.621914956331666 2.813284025048228
 11.26403884739315 -2.025898302327602 -4.786713926356941
 -12.58063730208441 -7.257178298213514 2.129732706756199
 -3.719553246720815 -4.88443012600909 -3.177433411943747
 4.213742747023052 14.39328047329503 -0.1610753538397017
 -8.617752836589297 -0.4905763007546953 -4.809133856791156
 12.64203589149553 7.857819221556511 -1.065708613953817
 -3.678261982886002 3.387953730967229 0.08854641871666852
 5.570220566443196 1.240219550027451 -2.562592545021596
 0.381561384936253 -10.85825128544242 4.924617325254306
 10.61756102679884 -10.50632934941109 -0.7908891297787352
 -7.937156758106743 -5.727557572884172 4.995500172173172
 3.886164014060101 -3.659257720536257 1.806703763864841
 -0.5397732802220958 -7.986761715692074 -4.584746281271851
 3.664166237425449 9.776964033972918 -4.980511135144735
 1.125391350211312 -10.5750019546781 -4.959550013611389
 5.696764684201744 5.418330306709134 4.519851910104565
 -4.50612604067272 -2.42866650858265 1.08411130012344
 -14.78222437241016 2.527913390007608 -0.1783967734259179
 4.335842460295988 8.847161245291391 4.997823954914336
 -6.205809950204995 -13.63898170637757 -0.3939617563926584
 0.9342142646323872 -14.967343514967 0.1878358311005068
 -7.90424285257008 -0.8991197619816328 4.562768996500287
 -2.302982211822562 9.071888250818111 4.958824519462966
 -8.142687792172635 0.02617887550800121 -4.642256744528638
 5.296336181859277 -2.706168181406442 -2.928898711051801
 -12.81960374198898 -7.730771908345805 0.5450230152272507
 14.45231071687256 2.673941199556314 -1.712488801780062
 11.33482060512645 5.307042118548827 4.321022085132806
 0.9304920017676422 5.219857650241559 -1.711767349633558
 5.502746521920808 -2.421057798020656 3.015669305634936
 13.13992771598824 6.10753767502676 2.200004257114934
 12.46087923406435 -0.6486743685335179 4.342896046331377
 -6.253394183951325 -3.19048277918515 4.015118765244102
 -3.514611226637416 5.136267600904111 3.277061288925822
 -1.915383797966895 -14.8372481944613 -0.6282859298614294
 -4.529062628887628 2.121032540972608 -0.1057583740480853
 -8.249004667284371 -3.51378270400177 4.891958510994703
 -1.976972082881181 14.17697821279154 -2.52745673597488
 -9.777113776638149 9.376226148826081 -3.52461137501322
 3.490408149664421 14.38665802405427 1.386158009831636
 6.946287360343313 11.21607643599193 -3.847819107153898
 3.064044676660344 -8.113539994941801 -4.820643906642107
 -6.301866424030784 -11.07443520861823 -4.181130346190217
 0.5715224179064042 -5.006213154840331 0.6211343468864103
 0.4359846934023325 13.38014351844472 -3.677848921885764
 1.39219650527522 11.36125298117007 -4.786272688988512
 12.89423541070599 0.5113475668656995 4.069966933215919
 -4.994186927526788 0.605814360983802 -0.5540913732151529
 -4.325088201676013 -12.70633387828499 -3.645281060055705
 -0.6066803641921723 11.32298171647575 4.817310662536178
 -6.02923683995021 -5.171217298158197 -4.557329525470442
 -10.27828996292887 4.41662323224159 -4.857050777879125
 -13.19244526569261 -0.1095156318601186 -3.847777373356328
 -10.06672669064295 2.65671981481203 -4.983046671521679
 -0.9920254612398942 -5.767984136988636 -2.792787232506432
 -4.274055006941606 -14.0703902461731 -1.691427298701314
 -12.32012319273924 -6.578107251408749 -3.044443492554579
 0.6331053824141534 -10.09645432251649 -4.998647608348767
 -1.760161814560238 -14.74851976569134 1.202758474940997
 5.418679546888937 11.41371205332505 4.24953042197448
 4.473214786761204 -11.44550908654102 4.445489546203128
 -10.84573251878269 7.63538065648642 -3.787805626817454
 1.775092144838202 -7.256075543847436 4.312694262560572
 4.640176009730811 1.922839655358624 -0.4769757083315482
 -4.457301608656012 10.8020512249839 4.707329863728134
 7.133986342614484 6.071495318659533 -4.95987903788842
 0.7311985204363411 -5.247834104371869 -1.701815039479613
 -11.46839088913521 -1.210294464275189 -4.759489442669748
 -7.149287030468915 1.058333118945445 -4.16071659528033
 5.217582800961909 -1.258675033384977 1.88087206148506
 11.55167458836184 -2.6563183206071 -4.643902194248187
 -5.177718253362912 0.3747476547635357 -1.36968600039839
 -0.7842807267829576 6.67731606846455 3.776598050281868
 1.223025766986406 -4.886431782205982 0.6084779892215898
 -9.104437170892176 7.218171757886725 4.730751181477094
 2.903933505366218 9.711778805394397 4.998132593046493
 -5.197975747368896 1.295679953702222 -1.855478870090098
 -0.7251346518970428 6.553124931484739 -3.659670327298299
 -13.03623988719244 -1.204865729505745 -3.929474132056958
 2.357829646712252 -14.63949190939237 -1.299596391527055
 13.87162405668147 4.512999725502003 1.989156066089897
 9.840157103167641 10.71546081971386 2.077012323569463
 -13.833010914119 4.930417315668493 -1.745552232871701
 8.716593823260743 3.337651452160719 -4.95541254686035
 0.3111119921828462 -9.687762072906736 4.99055120278287
 -12.98927926268246 -7.499155713482697 0.1173087556447498
 -14.69156888417793 2.445392101415159 1.02555018002152
 10.82836081011842 -8.476326154426415 -3.305580339343201
 -2.89484285971541 4.539570385575624 -1.921679300079434
 0.9735966902213924 -5.065878512021559 1.249286276347726
 -6.063583523114572 -0.3609957516946807 3.096616909940295
 -0.3159706490119525 6.070062613646254 -3.101631599900323
 7.918830088150102 11.25024354110102 3.298373837080941
 10.29631632516209 8.485882001130349 3.718492768275012
 0.7930883750019381 -14.6852585994272 -1.687413447486589
 -5.338207894338348 -10.76154890403034 4.576967378064301
 10.00615062762621 -9.546155473894769 3.214924978174081
 2.930645148979751 -5.156433858458078 2.905811401500497
 -0.7530052836064518 -7.824449746102014 -4.519177714111416
 1.792364070124435 -6.225057181340204 -3.548971918176118
 7.040187328348642 -5.158911302203301 -4.835504759044391
 1.328109968239306 14.91243088180414 -0.5335102300781436
 -7.782430937579499 -12.33913749128729 -1.98667028816815
 -14.3399407572709 1.193097150498082 -2.394240999516383
 -5.596043907850076 -9.847427203527381 -4.820854741617699
 -1.934411048216266 -10.46781739034415 4.958216111877855
 1.5320269168025 -5.318612191343915 -2.250017499369596
 4.776241647487579 -3.467160494345849 2.864690743001772
 -4.807457004580827 13.45869965345578 -2.565667028423501
 13.8792199726082 -5.256198741785204 -1.250223282783211
 5.139582406715702 0.8709150257514644 1.443326174683847
 6.976474982842015 -13.26532401579571 0.3462597186296537
 -8.890527421117564 -4.869455427728484 4.998130439411121
 3.617147803514076 5.4214068247339 -3.587605526084351
 4.932295316997573 -0.8521542719652533 0.2316168750128706
 4.579039085061122 -6.832706813857508 -4.674397434812213
 -12.95577245264175 -6.930334693375792 -1.725283705428428
 -8.254944997954196 -12.38850547298852 1.057547916176817
 11.64424364931282 -0.854725657735839 -4.710887462537842
 5.68931644317321 -6.151612316589577 4.73000445895103
 -4.86958034275259 8.127795549196138 4.972351347780043
 -3.294422356496163 -4.827163895514735 2.780173806213596
 -0.3326318499069315 6.142455565461956 3.191975086324543
 7.058224729145 7.771493906790498 4.975106074297296
 -6.837852882213323 -0.1292090238165826 3.874086211262165
 4.658610738774286 -2.139945569847541 -1.118018898988573
 -4.223679246654787 8.091770566300424 4.923334022268364
 10.76618208473172 -1.509646478783602 4.923461380358548
 -1.080490462148181 -7.213163134892402 4.204237702577523
 13.68646202188714 -2.682179079788954 -3.069648562149367
 -9.975512824822562 -8.331961661202216 -4.001947686806159
 -6.168210125233182 -5.431604679386932 4.671983398324787
 -9.598628190020495 -10.69284859436319 2.431270211251447
 -12.25534062046644 8.619134890492989 -0.414947801760702
 12.21666709648406 -8.416299354802653 1.273392486155115
 2.342258895900628 -14.7848351585876 0.553948763843237
 2.46178290298636 -4.494807748921093 -1.110187808562705
 -8.71443259005231 -4.40852754078435 4.994525462176979
 4.062279545795005 9.966630417486298 -4.94148558658622
 6.441678789661832 10.71763624218537 -4.327515826151712
 -1.613792308343665 5.281782669472596 2.22595368556963
 -2.266515711637156 6.310352783110709 3.760755247675871
 -1.570321848163227 6.771504457875877 3.962930656583573
 -4.19697159258249 2.849005443650967 0.8490331405042808
 -2.141279821180491 -10.51583050030318 -4.946182890237345
 6.911077153844061 0.02380680209244384 3.931769190141
 -11.26858995158314 -7.313067382524608 3.634593810420514
 5.906869612221951 -1.481866854780154 3.116282743819816
 -13.24098686015475 5.898314283595718 2.189118537953905
 -8.927477402599161 -10.63580360957727 -3.146304947251619
 -2.583353748057274 -4.349664770274471 -0.7657299901553788
 -10.88445920829188 7.503792555870832 -3.82481047310718
 -1.779792371441366 8.63468110789932 4.857840781722819
 4.135841897795236 8.340241697567819 -4.952076694173052
 -13.1705237635979 1.885308914682057 3.752126097182875
 11.93023871599874 4.833016500625429 4.092866711514102
 8.744142622782586 -12.0239531241724 1.144447799749455
 14.00495890898019 -4.03497273720328 2.01810505124267
 -13.90913418009138 2.016455885333119 -2.925867654660094
 -3.548373861856827 13.89982862007337 2.473009252910198
 5.610059448879103 6.004676041038728 -4.671513646118498
 -9.644984478059913 -10.73461228090212 -2.316258216566118
 12.32749687220804 7.402061525743501 -2.413241343851707
 3.951083986373921 -3.635266208544312 -1.885177516020039
 4.536975319809763 -7.916065888995149 -4.922672785688246
 -1.878800738061491 12.53746594566519 4.222702686695801
 2.28052169949374 -4.522869819411445 -0.8053607179525191
 10.71034023130356 -10.41984740211523 -0.7547247079839254
 11.9153106625673 8.309535500343532 -2.123584640507341
 -14.66076825261811 -0.4489806812403107 -1.792518372496446
 5.562048475157793 -9.264581678355622 -4.934614687019055
 -3.400724001501063 -3.757390117856968 0.8207937167124707
 2.580639786438633 11.65853316626468 4.607988347001617
 8.08454425177268 4.872018090028524 4.968438359708538
 -8.751856782769586 1.730098776019545 -4.882237447576157
 -10.48145998418388 -4.958555557255322 4.738711863147653
 9.568811298163311 -4.313330545039078 4.975333045467676
 -0.2767954914067673 -13.77296698233372 3.27776240983092
 -4.140350165025272 -3.08203799714244 -1.260662407947549
 0.6106100443718468 -11.38578286758253 4.79937404022767
 -6.365607813515137 13.52296075771676 0.7309352166317438
 11.34773959852429 6.88582471625973 -3.779444961773498
 7.437483080537412 2.333414827921799 -4.487502557374695
 -7.41494304862545 12.95833142794867 -0.8347490012161563
 -4.988985320631731 -0.5060757968540999 0.3816564614260745
 -1.548753090434414 6.592429658982284 3.818302620558259
 4.222254359311339 -5.881450330986834 4.169279519013113
 -0.4792350845754538 12.96580574383565 -4.018880670299069
 10.60834882669323 -4.588690801117352 -4.750984767261911
 -4.4022641627287 -3.557327341074663 -2.482652276338424
 -6.224982221427929 10.64255183357235 4.424235096158185
 -1.853392759351656 11.54941749205793 -4.703144385310221
 -5.23770766870223 0.7500373296846753 -1.681254102623441
 -0.8265681815457273 -6.710621920193866 -3.809337745950832
 2.659709120657139 -4.958838820713909 -2.424387105713684
 -3.851405185859803 -5.834284513082147 -3.993132651885673
 4.501275766295951 2.184032235816027 0.1773711463871202
 -1.696132370171123 -6.500035595886328 3.771793450527558
 7.63740477584477 3.974103954705702 -4.802760028123062
 0.790454161416195 -4.994698419372831 -0.7519069287826391
 -12.13561848222525 7.934312330132098 2.181118457437647
 12.85292174092174 6.0642605664535 2.694708466548715
 -6.055065491943431 -0.6133228700956103 3.11142757268573
 -9.483283089227074 -11.30141519480826 1.551715192440224
 5.545681849345512 1.477250511206053 2.616185178304088
 -4.72224553751075 -8.89141280481525 -4.9995428319807
 2.194364577905409 -14.82974374612172 0.2962601226824979
 5.113793149128235 -3.486633005110324 -3.237066532984698
 -11.93295321876038 8.748941545907284 1.411607312195426
 5.30208894623992 8.729199165652309 -4.995449141348341
 12.98358516792726 7.503085340153842 -0.2083177605355106
 -1.191081290719704 14.30937876349808 -2.449550693146903
 -14.83106043659381 1.90925601369788 0.6806990658322669
 14.97739780275635 0.8211257843127785 0.03320381511993381
 0.4832569277760898 14.87740286411669 1.065052645756197
 8.432049487187108 0.2324800541589411 4.74884924145095
 3.736207324113904 -13.80648020819705 -2.546269712773008
 -0.5570245620899391 6.037559521194302 3.082468226368168
 -8.279692701603187 -0.864503600449619 -4.710984981178009
 5.280386283800865 12.94984377026531 -3.019863119716108
 6.291788236374285 11.39152767477641 -3.98977199489706
 -14.7008806346841 -1.177602585591818 -1.567410089132628
 6.542797952681225 -7.457738628976458 4.99937572525926
 -5.227366899791733 -13.4465167446895 2.32442357704432
 -13.14130381406162 -0.7990902568610013 3.870287306775628
 0.9306727071266853 14.73252012769308 1.524609587010725
 -2.819169183343071 -4.6692376571284 -2.082474592764133
 0.1556881156007256 -6.109925551215727 -3.143683623686801
 11.14453004031797 0.9655639737753853 4.857235778132168
 2.092181185276783 -12.56839108535869 -4.181515242447408
 -6.147253961200537 -5.857225171602483 4.766832756833309
 4.374994793728658 13.34723025027147 2.937714526222025
 3.514889455633177 7.385172776681105 4.656584293385695
 9.359511841978359 -5.220722602592865 4.94830839247798
 -6.099406180051034 -8.8556241139114 -4.942989306625401
 8.408363502868932 9.387667128466834 4.269166501263999
 -1.612852069223105 -8.588655467835641 4.838318592633701
 10.39300972318914 5.184800262090928 4.732162581438454
 6.91978906605846 -4.425663165605211 -4.670143783476237
 -1.379649477138544 6.25970940219994 3.480158740620025
 9.088022190978368 11.7793225595995 1.09931426889972
 -2.614526451303982 -13.3541826760763 3.461846752410518
 -6.327023223491048 -9.80118264111011 4.714298304935103
 7.305659893120338 0.593868054592936 -4.227269243571603
 5.03193214869809 7.793775806710635 -4.947455319038979
 -4.729676676628465 -2.477192827865833 1.81005672490513
 3.123495991803345 6.185934348238442 -3.946367962255855
 -4.159049865001093 -10.42397251147641 -4.848107211306546
 3.449011055066735 7.343222933105364 4.630197248662215
 9.456483245759493 1.013887449319688 4.975999035821336
 -0.8264609185239181 9.365143581635422 -4.964055345636051
 -5.419710303702538 -2.038396582556062 -2.697956354829413
 -3.725603272181583 3.885998435520543 -1.920181521593397
 -5.468349641462188 7.567283339574601 -4.955755376943464
 6.183035093650214 0.5447101034769523 -3.257762795944598
 4.847766033902404 14.19142984522058 0.1848062803173398
 -12.50522556610284 2.113908395118566 -4.21941465359608
 4.504136150597957 -2.85289344240095 1.790611877834523
 -8.217132165142241 10.76959576489385 3.524615706720724
 4.078931245507555 -2.926032425560425 -0.445594253287288
 -7.721646753527561 -12.82739656684027 0.5267889912652002
 -11.49964819606354 7.528566418787511 -3.313006406031284
 -10.15428408107662 -8.703442147495943 3.690156582727342
 11.96829075435924 2.012688751384569 -4.520622172326016
 -4.416606381189363 13.72988909329626 2.332190841947646
 11.05018748414681 9.742049745137573 1.616738747025884
 -8.593514154602623 5.68580936015083 4.990736544884935
 -4.550901006814748 -10.59269156821584 4.760507087936198
 0.08674236567315692 5.177882048948748 -1.324456381401429
 -8.136694894122421 -9.117187599680001 4.480123514743189
 -7.756434359719615 -3.196416389214436 4.733439867306799
 2.51758847109996 -8.298623815871235 -4.820445565848809
 -8.83307657433196 0.24451157625544 4.862733282577308
 -1.271836516382373 4.969458094344873 -1.131138858428202
 -6.627711155360931 -6.666090373990555 -4.963890775247856
 -8.388152340816459 10.18792887626513 3.844554531066022
 -10.15739527898003 -0.1832346921563886 4.997469736998542
 7.304263278357053 -9.639611999266943 -4.540210471084015
 10.4983929798498 2.040138563482987 4.95149211578569
 -11.60546863958503 6.526017174853373 -3.743543317563176
 1.601092443641396 -8.925351018160828 4.912335834666862
 11.98702092021931 -1.779338894955016 -4.52907705404674
 -11.16742658437752 -0.7811038649278023 -4.85516912017351
 -3.613826653748841 14.41363450842003 -1.175877717276397
 -2.938479319750139 -14.55053784398293 -1.238102544565298
 11.61423220630344 5.584293126273749 4.082308427555367
 -2.104141189537769 -5.151439492898095 -2.308072704127537
 9.302394852521388 -11.58680459400032 -1.179211999097795
 -13.26704240374066 1.811262926848951 3.675206609843537
 -3.586756030859894 -14.1837125239135 -1.88714638125119
 1.874374997880519 -4.704720456370016 -0.7996208248935677
 -6.493593451038477 -8.288486700235852 4.971907194933166
 -3.87981233400318 3.159471733745697 0.187564955359893
 6.240383788133342 -13.16453733094273 -2.031465163210814
 2.217399962543477 4.493025980545971 0.3223795628666808
 3.601082803390528 13.77494700570771 2.653384978037765
 -6.445233478192805 -7.506903004712398 4.998879904872304
 7.690726166257622 4.189493431304499 4.843237361870523
 1.489448122743675 -5.402431757906287 2.382249422141704
 4.646974955906248 -11.43002939326224 -4.419407071785269
 -0.6564405535998784 5.576715824672255 -2.402849792728651
 5.833459397776678 -2.152171769012226 3.270320570408463
 3.507547335640725 -13.50219871224797 3.065083487883577
 -6.089416205163074 10.74694330330672 -4.412139737419677
 -12.19852758601441 2.094846738112997 -4.398797981872255
 -10.87269642732566 9.294243134831406 -2.545067614822123
 -5.689873685831975 -0.4251876409346918 2.561115890085959
 -12.14098680076201 8.232785043059387 -1.788732510601278
 1.480684991461038 -4.776485813062535 0.08511002728779526
 8.817886358713883 1.339639705819271 -4.881760300806171
 -1.459171917457007 14.00061283843131 2.895269409778272
 8.388110475544094 12.25083469023582 -1.226110199010755
 7.897935776236337 12.54651048364697 1.309797799460233
 9.739671614749655 10.62686512485909 2.34691448586927
 -6.397362253036181 -6.779757424091032 4.953757157296031
 -10.61049744814348 -1.997679570381248 4.936084077665105
 -5.324936895969731 5.680154157050474 -4.483016677301578
 2.527708722995653 -4.596565016553559 1.548209063321336
 -1.575758617379859 5.862007602877785 3.091263208874011
 -10.20764863774353 -4.855959670039469 -4.827011830009705
 5.747858778694657 -13.77591184338964 0.8516058744289758
 0.7875825877025023 -8.905382265806477 -4.88637889711503
 -11.22504808786984 -8.62864993520806 -2.776539917985362
 14.05622862455673 -4.828769217403332 -1.164420396253807
 6.88611988970278 11.26348826178128 3.840460074630283
 -7.788782199470107 -5.021477140603495 4.946003835940361
 8.645447366830618 1.610550627711939 -4.852422329500333
 -10.57979212803131 9.653535865048612 -2.513839472291115
 -5.660022089661248 8.721012223406142 -4.98423602551726
 8.702768513756762 8.833521963933322 -4.386137458475861
 9.215384835054131 -6.140420129146527 4.883343891286154
 0.03651201963434111 6.467996612680555 3.539163748905323
 -5.132499466204289 5.162598829389878 4.19527367007648
 5.351229661475361 2.743575245579399 3.017991004919077
 1.803459836072193 -5.03273666101368 -1.827927695810239
 -14.62909230587975 -2.273779488700122 -1.383634650614369
 9.603313371999569 -8.604478026381603 4.077198102569434
 -0.9349454678968553 8.180940495514466 -4.677811508002211
 2.450088839393357 -9.753734752752656 4.999677901556289
 5.30304642732447 -1.550376681269953 2.230393202252697
 6.305454152308922 1.296715252012228 3.508267187426862
 -3.292079924020042 -12.44268531869853 4.093696100473993
 13.95745810422474 -3.514429840318184 2.387574454206137
 7.061306119264708 13.17424076351881 -0.7238295988048478
 -9.524809221967315 10.95997761774632 -2.136737324697712
 12.33654662947845 6.778264733228236 2.895823815039295
 8.19862045439509 -11.78342866808417 -2.456381506210463
 -5.681717869890505 -3.552478234544585 3.757115766257975
 1.065881628097671 5.323575316027104 2.026839396105519
 9.07575818238608 -2.801830084858273 4.974776309862799
 -9.170329441660153 -5.067553153211591 4.977160741794125
 9.014825397591474 -9.742809479388411 3.779326280209463
 -10.8680884667184 -3.167567655322852 4.82253563326948
 3.267091679751123 4.813667435315579 -2.740093853891401
 -2.70951639770953 -7.448803392753514 4.54969748709242
 -7.361353646506214 -6.375891443880666 -4.993165524762365
 -5.057335537512798 11.74667021389095 -4.149814374804397
 -4.413635738067336 2.403298147193178 0.5046960799549528
 -0.1417945898259432 9.039046328191034 -4.907005618311243
 13.30624611933501 6.512463420987337 -1.349418113881335
 -1.834634803076864 -12.94858535328864 -3.940363676476595
 12.1287026886252 1.649441061971086 -4.469994087417445
 12.08551160595293 -1.139724655662981 -4.519303895952192
 -13.59610044854343 -3.969557694408185 -2.768271403558296
 -13.90896356492899 0.1681651141877461 -3.116417086387182
 12.20810537632378 5.605542294604168 3.634668800392827
 -0.4623133579785731 -7.998972351795506 -4.587933446983662
 4.014979335875722 -4.576914167978576 -3.114341121079992
 2.132662333933212 -13.69778865646298 3.174689570891158
 12.74740071161711 4.523796461646597 3.544737593472709
 6.060150043465778 -3.027906230302011 3.820477341359316
 0.5139727926940869 5.099907070651964 1.114270431297394
 7.504373797853754 -12.84948028251698 1.087289807823934
 -6.553158886008844 -7.990343973985574 4.988838624607885
 -5.189751000298096 5.687066001913083 4.439131377342998
 -6.130518066164704 12.94299712269297 -2.514939398494109
 7.355561756345077 -11.27881126607792 -3.604343535381645
 9.260862066261858 -8.225763250974991 -4.393672125869044
 -8.721071937330427 -0.178443396147542 -4.834150262791927
 5.743706951219751 2.441846102486065 -3.297202710590274
 -1.17195600906521 5.709472415390914 -2.756572280843301
 10.89864786747265 10.18717954637302 -0.8995435570607229
 6.493631619212872 9.206882112184999 -4.836939956084671
 11.75924950016348 7.667823814864965 2.9481641243254
 -7.13162218943554 -13.1910330451054 0.2133624962568841
 2.037944799950666 -4.885517449257922 1.687950120278809
 4.822793041735719 1.669597203348911 -1.01262794176215
 -10.48824231921843 2.996906843305835 -4.916860606286316
 -13.05057135723696 7.088802786476052 -1.209323158490018
 -4.372641142970294 -2.427377715296687 -0.1102278760481436
 -7.907351581711573 0.007627360456226796 -4.541017286206425
 11.00259502205481 4.35464233767014 -4.651891304008511
 -1.119878622297656 -5.444845261271049 2.296935093637765
 -4.634195191154165 -6.006399467315206 -4.378842282235193
 14.34793079689013 -4.151576495103348 0.7944027473249911
 -0.6975158375913195 -5.776123561018273 -2.740729893910083
 -4.64555536394088 10.84927882640429 4.663975665798271
 -3.265091440111158 -3.788578814567789 -0.1189434415464274
 7.379317522793214 -3.033192094048517 -4.57308005395895
 0.5024140107464971 -8.059533895977344 -4.614657286490818
 5.146613112849092 -3.040915117224958 2.970248660695965
 11.52511196346569 7.636738040718476 -3.219405971783853
 -12.45149565222231 -8.330811344962227 0.430947011277582
 6.61388558427937 3.133386640649682 -4.220187184892151
 0.7877882950977807 14.71000818461525 1.617654824412196
 -4.894072897868737 -1.26425636563093 0.737768919367507
 6.332290093479243 -3.348035604552878 4.117147642983468
 3.057239093675028 -7.930740086898028 4.769572952546187
 3.615895666402697 -3.694579653728113 1.291162812252169
 14.50474299440628 1.570687090477953 -1.98397035306035
 -6.826659817790767 -13.2763066337733 0.841864359620915
 13.12473739196888 6.969969207884095 1.172172642713349
 12.85306410533181 7.250137792198768 1.540134040354177
 7.213994044336287 1.558050936461208 4.2587927352127
 5.493747755124153 -1.885624690749013 2.725804293001098
 -4.725806454120774 1.891858338200352 0.9465849682600403
 7.767012963315947 -11.98714178766312 -2.579093214275745
 -1.926789787852498 7.935728036670343 -4.651613589060831
 14.61046190367077 2.349209993602035 -1.406426333238031
 -0.546614090310688 -14.02004025281602 2.958635272329554
 0.9250006187167941 -14.0667635609295 -2.865905216417193
 -8.849677833573141 -10.22547647444391 -3.547816538438433
 -1.530149538112717 13.57051548608986 -3.410269670954209
 -1.289488707691776 7.55692379418643 4.421894507813608
 -10.3531447970243 8.568459436027664 3.629522945591728
 14.1401849958415 -1.49126469960554 2.683911245835997
 -14.05933254855004 0.8429460977977773 -2.883783515932206
 -0.09304122794676765 -6.303464151110693 -3.367595357912869
 -10.57943972693999 10.18168007807688 -1.751941453668772
 -14.57035757946314 3.564360813806219 0.00199963190514895
 1.369711435125354 7.461217536174619 4.378598002426446
 1.929582629836493 -7.483015507805911 -4.453884020258573
 -13.36605216541277 6.61976924005371 0.9152468716094873
 5.104993705867371 -13.66464037096427 1.989611575216172
 5.403412544532804 12.64495039265962 -3.305987382996488
 -12.13008887315698 -6.005211665997136 3.535868364473144
 -12.57266733359476 -3.009660515997127 4.053089256215677
 -8.713279212532656 -11.62524195111721 2.120318557321908
 3.338994117735719 3.829606148967696 0.8953771141603794
 13.48052874727418 -3.300952127908828 3.155146946369642
 2.280804759406767 -6.583556339539692 -3.975375179897926
 2.385440317357705 -5.099813599888011 2.429873061999721
 2.421475873329335 -11.11964638112951 4.805716495071744
 0.8041109679659931 -9.886959139559313 -4.999353616229892
 -0.945119459092066 -6.048148189913761 -3.15556784718425
 4.499393972223014 -2.398867986848775 0.9897163300460403
 -6.262490830501714 -0.3600505296642753 -3.332900021525913
 2.533260816126531 -8.480575098779626 4.866154200023887
 -6.480024848650354 -0.6885449792487375 -3.586816312400619
 2.760648781860717 -5.288214647843852 2.953349368304016
 -14.7158197260193 -1.641099282882934 -1.37561853126632
 0.9814373964038005 -5.250983044709492 -1.817204529310214
 -2.098879574243173 10.36993622955782 -4.966221375759378
 -9.140841702135106 6.100357308784141 4.901108904542554
 -1.52285367724408 -5.447038430993757 2.475656830780526
 -6.080201801929626 13.71104018219208 0.1133135355094641
 -5.077473328989806 -13.31876779367189 -2.627800566662488
 -2.667635854207953 6.325421080619757 -3.895038117246145
 -13.256712675052 -0.09511961754582206 -3.793626200517846
 -0.5747311116046441 5.776127297707239 -2.720117450891719
 2.097591802077476 -10.92353441066929 -4.872230708259638
 -4.723791193191079 -2.224234657051545 1.470891681331601
 -5.14609846846469 -0.5488601175365544 1.312298393968268
 7.96496724344837 -7.769896552337923 -4.871312136625986
 9.105708786007673 3.462149387018495 -4.993322835820455
 4.294863439429778 -11.67399533330167 4.364792852389789
 -3.590116775143978 10.20375061536671 4.932815003332819
 3.956234539265717 -14.03030272092129 2.011770930528654
 0.005721219111158812 -13.42492579667037 -3.642783954165377
 4.875141027621809 -1.130794488056119 -0.2136691102280872
 -7.639977123834327 1.517889001451744 -4.484731620646201
 -6.482735033839472 5.272713270062352 -4.722094176334241
 -0.2197638062382889 -14.03201865136618 2.954478951272025
 9.019330826139489 -10.33111960373262 3.347301313957295
 -8.152243255769456 5.885302496721835 4.99970140005552
 5.101976331739749 0.6751890014015989 1.201308478738818
 7.876321206881042 11.89382312757202 -2.60902520395146
 7.835637412625797 11.61489163662773 -2.985526334393036
 -2.454483195130498 -5.069814957714253 2.434511750214885
 1.090467669458552 -5.212888264187783 -1.775143107764437
 14.89400931973372 -1.487478573507004 -0.5638732228383996
 3.422356146761687 4.756359565388918 2.803121045548757
 -5.688309512991658 1.103129817223976 2.704066788542545
 -10.29762644125256 -7.509746702111816 4.179050395522546
 -2.724934142725057 4.459074518933678 -1.485487355917275
 -11.20630327891001 4.401262622887304 -4.565081363509632
 -4.590758887059519 2.040626494956456 -0.4879390694641245
 -4.797108983999977 -6.55356898058827 4.633775545870869
 11.83506185306337 -8.84663513040153 1.479645256241945
 -1.109642044371861 -11.5331677758278 4.741650868944486
 2.160472333060082 4.536560455946525 -0.4967869206839561
 2.075628752643641 -5.232641846762445 -2.428331275002187
 8.998916552641216 -3.092709847831372 4.976473748023412
 -6.86518166005405 -4.282254264761498 -4.621330508801125
 -2.846276138193463 -11.58741739048072 4.611710855819396
 5.338170172955565 5.413931107404912 4.388022147587809
 -1.123152253135879 5.093771472443712 1.454151714765964
 -4.941180962123131 -1.877381757416525 -1.66626890704935
 14.19424823696032 -2.083804008776976 -2.471616693977922
 -5.608010587393082 2.497298428589726 3.176794870561114
 -3.68882235095752 4.991154612217888 3.257050071126242
 -8.720057504672868 11.28813141044834 2.611210122740294
 -4.400559224742285 -12.71796998375758 3.611619957506284
 9.352793628847435 2.533559636860963 -4.990372966319
 -12.35268842356652 -7.999242579287568 -1.65956993497805
 -6.380646493165446 -8.318967492113975 -4.976502500573677
 -7.272594145055075 -12.16771007313775 -2.750544698953643
 9.529790329813236 1.471141639370308 -4.987215466998784
 -4.557350043548978 2.07788857765239 -0.2948033816346365
 2.203898173950092 -5.326659834615779 -2.657307516947753
 4.947083926458265 -12.23326016931871 -3.845458502493699
 14.53625385049021 -2.907476721629886 1.314289750389337
 2.099211802280389 12.18264189443773 4.406825775077453
 -0.3795772219438123 -7.127569315899925 4.099641818221519
 -8.408372659921858 -9.626725053691477 4.154702765306264
 -1.918917336086018 14.62369675331269 1.564108592007683
 -8.412098498525928 -6.592276365491531 4.952516285493749
 7.581015883625612 1.756760834621453 -4.48107627730761
 1.482190242764006 5.383439763434104 2.34451989481838
 -10.40080871718353 -10.40973281952185 -1.663180245879194
 -0.6588760433694586 -5.214420619272782 1.579034010816803
 -1.615037503597728 4.763971495144523 0.5494871623870469
 5.956592968402703 -5.13633674628596 4.521400099622669
 0.9969309291495986 -11.82885132439154 -4.636825883908594
 -9.8230304323507 9.428459332243127 -3.453488745189224
 -12.80250539453679 -1.242533760304425 4.099411542983903
 -8.808120099634715 -11.21416653720475 -2.618113397861752
 -4.214092324250463 -3.543642305129233 -2.191783322631274
 -8.647626836981731 -9.457025319262895 -4.132482403962581
 -0.8481330169124793 -5.824668909660266 2.841790613313833
 -14.23878198698739 3.221509253362984 1.962721485900515
 -1.586115561177444 4.754807930301291 0.3516453615737598
 6.19079173416289 10.61716312694541 4.444636129673984
 -10.76484944016577 2.046588852320509 -4.907430094390878
 -3.50510230144502 3.575664524509074 -0.2664918779214504
 11.44584247169139 -4.383243366746188 4.461895713020149
 -4.740325909152171 -7.425081997364591 4.856137014018097
 -8.788644776959522 11.9091218821412 1.396815357147897
 5.143383664047761 -8.424644761660279 -4.998325664493791
 2.441988015666531 4.486534693189229 1.033897558447925
 6.539012812293422 1.999142448412687 3.873031843363508
 0.8461008302029379 6.617441919438259 -3.730931031620434
 -4.494472366421723 13.77704327741041 -2.19665707932673
 2.979099430532184 -4.187087708421915 1.169715590251195
 -0.9480549982210111 11.76260425280797 -4.664472590294338
 -6.871106157479058 -10.15815107085491 -4.458175738636614
 13.43348482741533 3.027959259221642 -3.283782157010124
 2.881239880370224 14.37675425930522 1.805524071715729
 6.634433411979062 -7.389901039770524 4.999524976707153
 -0.3486298552317409 5.41550492468104 -2.021154342637037
 3.267890879732239 12.43276391127138 4.104704190280955
 5.075588571140357 0.1209630648465798 -0.8742792642748911
 -10.2009530964264 -1.549381251643549 4.989880742773959
 -7.727854243565486 5.583844305741954 -4.978246326550374
 8.921337439380897 0.8498658423368237 -4.891010855515013
 -7.523317500086631 5.744439788650771 4.971367082495365
 4.264665707869415 2.661038892470159 -0.5167856580139252
 2.383331095445232 6.00988821917601 3.536284085035925
 6.76706572930713 -0.2107999247347856 -3.816981721525066
 -13.00476563202218 2.663256776724736 -3.778430342079488
 -5.162767395482304 0.4201462969960156 1.328912665880133
 0.09600421695141201 5.011548049431235 0.3528736079806269
 -6.154971250548376 -1.186616084302031 -3.327837255546751
 -0.2614162904771175 5.934048359817835 -2.918014100704607
 5.375393699032054 -9.222149405782574 -4.954309182605118
 -6.724118836714178 -4.968481351780031 4.723595831922161
 4.614597542558311 -2.138972919048106 0.9245783255217026
 -4.015141170513202 13.23122584360687 -3.217741246096008
 4.403774224728381 4.125709025944252 -3.045404596325851
 8.809985635905198 3.787604410272255 4.98313458486157
 -4.937930799139708 0.7979803325237774 -0.1411568089534052
 3.978547152144462 4.01938238083336 2.474874999050166
 -0.1478518076409452 -5.007095351097044 0.3044533742587574
 -12.88570778796712 5.215142143479768 -3.127589173971482
 -6.110831232045514 2.619342897394279 -3.710496209442122
 10.17407106206477 -4.409059078320089 4.880111934185967
 1.5560382030496 6.693962403785044 3.90107016369956
 6.720554938249856 9.121336630225262 -4.819917008517871
 -7.162158788294213 1.51721521086495 4.221786166031293
 -3.289389902374428 3.775725100832413 0.2758080082486317
 -1.673562222355474 -7.25065620808734 4.295697049443522
 -8.506738871124169 -11.06412909873677 -3.057341357363828
 6.883319214742937 1.784755811011482 -4.080847918651168
 -4.654119053751053 8.6851574411511 4.997855279631059
 6.444825399305397 -3.44135935915619 4.212216388077549
 -4.394958983727985 -2.44088967877251 -0.5216491304559536
 1.390818483822364 -13.24308483273812 3.742283778284432
 -14.84474366928294 -0.6414760762398132 -1.180692486899418
 -6.175669601291201 -11.16357145292286 4.170604530623657
 6.454001519590387 -10.04607827314072 -4.6080460668684
 -14.86996866148915 1.927235099158927 -0.2378604533962193
 5.217011274587253 -10.61195743137312 -4.655033910981675
 5.114258973672605 2.972149162646119 -2.883438689935942
 -0.2901008253538121 -5.70707820197272 2.575661500814854
 5.047126537948418 -0.2769868807381025 -0.7377121171524893
 6.157774103867802 2.571077453145034 -3.732414437008793
 11.63459270336041 -8.541440210090144 2.312122994676399
 -14.42417830940335 4.106482943931969 -0.1631601956808833
 -4.534986452556737 -7.445699117781491 4.832869233703845
 -7.009587667199853 -6.235637410697934 -4.961631191348024
 -9.040590936047506 4.339462627327669 4.999920917625082
 -12.38873740994967 5.40928827085273 -3.552802178591339
 13.91359510711064 -5.153382643464055 -1.265118725494438
 8.454501370662017 -11.60009080672687 2.457978330980166
 -2.802455898679753 9.016691499044283 -4.968784599309149
 -8.415100536088817 -6.150087989828758 4.982080791883437
 -8.574344249711064 4.261693931289313 -4.981908272967768
 -8.300372639499535 -3.600163167028279 -4.908437099020329
 -0.05521037114869444 7.131104149165968 4.095199975627422
 -7.448037687084991 3.808939706445613 -4.725288405338548
 -10.68597767711909 10.52631244423949 -0.0470011090445142
 2.047860600059219 -14.85558850281849 -0.1980962514949131
 -2.502679604250172 12.47344348417367 4.194105451085263
 5.35923707117139 0.5425919976309193 1.927914947192773
 -12.58157041983768 7.083333187213272 -2.30216225869763
 0.8032887098795058 5.051969658728214 -1.068185346195401
 -5.467012306516265 8.478930697161084 -4.999214380676587
 -0.6675184752955974 -11.17399658900689 4.855364238613337
 -11.06415143419152 -9.894980984354481 -1.241618327140665
 0.8929124383749673 14.92547961619361 0.6899732374705304
 -14.63880585506945 3.153917580394956 -0.5022905883093334
 5.327709294910204 -11.78196944889961 -4.051152776804584
 0.4131664299075046 -5.73128966251345 -2.627711865134144
 3.805897822146618 3.475911514861947 -1.232558914216844
 -5.880260939948838 6.152200315847833 -4.772956575291879
 5.35499782483396 1.784647206937074 -2.455620650329664
 -12.70284970208404 -2.241271447862486 4.073753151857005
 9.564453590401623 10.76334312431706 -2.37690488006961
 -1.915108321218328 -5.24852823918286 2.350643621687065
 12.64483664471677 1.965614341154695 4.144691609452138
 14.70478360780077 -2.589748891842882 0.8272530158356144
 -2.992378583481892 -14.22443127140295 2.103981699642896
 8.750953818091679 8.197760249611106 4.586522340499696
 8.557172255856573 4.169572228298571 4.976805901990255
 -4.783444969871751 11.22879315179909 4.487432518913455
 -5.264607308710802 6.104002763850246 4.60859293389351
 -9.214824000717432 -5.228511888678805 -4.964492235325467
 1.640120443704596 7.159343488769562 -4.236738335178804
 -1.07774028871213 4.906821307394355 -0.4871221455527291
 5.060633876274343 3.2920540645984 3.048953687565066
 -8.399003991679754 9.418281179204218 4.259008349196376
 -4.789273090808675 3.669774336346104 -3.044290536025598
 -7.456269962407129 -9.067772027810163 -4.687585672674662
 5.743813676119463 7.797426481860957 -4.990041644521284
 2.963217366007905 -4.057730400256507 -0.4946012403193143
 5.397711369320332 -1.492097177241697 -2.375140019988491
 -11.2365027428425 3.402867478013942 -4.687300307336029
 -10.7074259190229 2.27822945148441 -4.909478135481383
 6.899740334159286 12.59491309208279 -2.445751379162075
 2.981411671692157 5.028727837937763 2.783008975636232
 -7.503777273084457 -0.0315428543810398 4.332343831523336
 -2.7640891507228 4.173068778890888 0.2337351232497003
 -0.5009454552055032 -9.749208225135794 -4.994335715008785
 5.869272339310951 -4.983131662352858 4.439256714289211
 -4.892091397659016 3.512391503306032 3.029653062117622
 -3.679926896207427 3.467725942353652 -0.7487507059468368
 -5.666240481238773 -0.1571942211680416 -2.497482577696343
 5.066577534159394 3.061418153074761 2.889793142927066
 8.666715073842591 3.434781941856018 -4.953891652633238
 8.199941069443687 4.502314931971707 -4.958180184491471
 -4.870494831144551 -7.50966737252303 4.888678732289666
 -6.374082768775994 0.7661955857228775 3.490468391943529
 -2.109098703590894 14.82052001169534 0.5483520751045741
 8.686290631960736 -4.683837428411291 -4.998274054055726
 7.720005638795164 9.551477771211825 4.449255828382496
 8.230937895631666 9.292710149383296 4.378755255943225
 7.845903796078177 12.77484117510639 -0.2858279581041103
 13.86710316559848 -4.921434790449315 -1.665325858190064
 -7.783829751879018 10.64797275891415 3.850457254049585
 -3.080396653587556 -4.431531038575573 -1.952469396830425
 5.862993530601815 10.7319711444049 4.47563330341492
 11.28739857590355 -6.554264679380839 -3.960199509594446
 -8.709048847698506 -7.445100135890543 4.782817681943332
 5.656336025352276 -1.771277902490567 -2.900380299931637
 0.1041067406951822 9.678202324401186 -4.989669959004591
 -0.09853314639581094 5.170332530594711 -1.297451160924306
 -12.34283434295633 4.578785398345802 3.870957387280576
 2.842323049193875 4.526783371214929 1.825463989305638
 14.60450630135162 1.126029953278847 -1.843224966096133
 -10.59951400108061 -6.392830268265085 -4.398240783232665
 -4.753088868777508 -1.554073750464454 -0.08365426941774363
 -9.126500248447861 -6.523434242771034 4.849326565850754
 -9.915987565811491 -11.10678521091234 1.046891882570109
 5.645484114631528 7.880298629201519 4.990618003578617
 -0.3410874875880488 13.67351083913028 -3.387336552701546
 -12.85515737648276 -7.705062053090627 -0.3543216828010988
 5.038386791324567 0.9570453637710815 1.126172527086575
 3.190923629942921 -6.362109645575372 -4.085467230064043
 2.742941923556184 -5.446523382619489 3.126683760681281
 7.097091153985033 11.92025687237883 3.162208806149961
 -7.195519087370295 7.523333787115464 4.983130230787773
 5.377801257857339 6.137699625621952 -4.649286631566294
 -7.367144058323993 -3.051722690828832 4.571227790957949
 -13.92545243262725 -4.932961220803866 1.488281095747536
 -6.263045867295327 5.242504446864644 -4.652127394770909
 -10.18585797007748 -6.208165656453454 -4.613052720785723
 -5.970076603525683 5.295731017350372 4.573965958896294
 -1.742960868512967 -14.46411492189146 2.031380249738154
 -4.386523805628992 4.849853398584669 3.60883282638601
 -12.56108019706939 -3.972385938869455 3.863185699725009
 10.21280344626972 10.34352620217596 -2.103899092970093
 -4.105325278378919 -9.122985699670314 -4.999998296510999
 -1.500855746878962 -13.21423399945644 3.757036351518912
 -14.90274539409066 1.705065972393591 0.0176044196541439
 8.65045777023157 -3.412147435408202 -4.950629487947519
 8.358379909150427 7.046782339730291 -4.912273937545911
 8.453459496528822 -8.286924869102807 -4.649989160140461
 -11.92747536058826 4.781334679061919 -4.108133575367175
 -10.72502579248179 -0.2562071641216351 4.946705103209091
 14.97759672301429 -0.7901303274097804 -0.1255461378464373
 6.397821722846948 2.486888586776892 -3.894422693271352
 9.338708313813434 3.933839130997188 -4.998219116048553
 4.785970479278036 2.482692246325361 1.939738175112707
 -5.1502945064319 -8.805753678206976 -4.995945576108241
 -2.585641291861402 7.689142480949029 4.629942301082421
 0.1100119788269413 -5.506288753962655 2.194637571171282
 13.90312688711274 0.06053628117281419 3.124831465685189
 11.95231028101985 -8.357066243320226 1.996322331285679
 -3.037868399521724 4.248630940223747 1.476506024539951
 4.828236295852801 -1.38092777650099 0.4667694439788816
 -4.497619125586921 14.27563396700874 -0.5702538060823708
 -7.221689846511751 8.107161984251919 -4.925972109642061
 8.717043673990707 -11.0602385665692 2.88678133200937
 -3.765199327492907 6.931663418755097 -4.532169934835287
 9.971302040025368 2.973126347031176 -4.983561447297362
 4.975288630742125 -13.81178416320042 1.758506851941608
 3.342004500841472 4.355694282140911 -2.158864093827769
 9.437187205628954 9.183729290933925 -3.868143491363351
 -14.28085946600452 -0.6591159007841915 -2.558095707934904
 4.256452497621676 -13.21739527733548 3.146449274330292
 4.398772921702428 2.439592025216813 0.5468212781102929
 -5.073301728982284 -1.87184048380138 1.977345634915649
 -5.075254163002093 1.36290514121455 -1.57657801787
 -7.511571511424703 -12.26587948530361 -2.405793639705171
 -7.192899734637186 -8.527753863540125 4.864488012642038
 -5.38781625513097 11.50621147543441 4.205000516077723
 -6.686025710621277 12.08922866164187 -3.232070835551698
 1.797221185149479 7.061045741439892 -4.199424140765533
 -5.680535422554544 0.3715543114066741 -2.539082754421039
 7.727147859542469 -1.213505228765774 4.500631345161739
 13.37044932561481 3.330676413632705 3.273950705495333
 -5.018794237438586 -14.00204429496368 1.113982567550125
 -2.254138652489397 -5.743299068223132 3.213983183691981
 3.062815745672121 -6.06626193187966 3.838217356536274
 9.522207684753781 -11.24345950460445 -1.609405809216122
 -6.392960403307574 13.14084903024234 -1.927800637953231
 8.56569751719408 5.197809061653767 -4.999962360636839
 -5.281107184698199 -3.546382281551801 3.42933083983239
 4.868971654922132 -2.393020858027788 -2.017856186861038
 1.697751837891484 -4.850545137638064 1.171094619380923
 -0.7188490516050691 -6.269095113345768 3.374193980614806
 -13.76341756856652 3.973267624953019 -2.508083326023715
 9.031796162709071 -5.628616646828163 -4.958597076947519
 10.63418102547047 6.068768367885196 -4.468156639570806
 -12.03414612663618 -8.847551173990789 0.7941678136092322
 2.568956136449105 13.99265876636361 2.671419110611394
 4.629904755315033 -5.155410498928449 -3.945933661827147
 5.309780932339311 13.9272060633653 0.9697303538017117
 2.391122715319629 9.858919061504327 4.997904589552236
 13.53887463094665 -0.7363793529848627 3.512026869524198
 -4.048424896721221 -3.005526460080615 -0.6476001365946288
 -3.645366658586028 -6.239896594165189 -4.16037690554807
 9.032154075629615 -2.324824446548214 4.954439519256854
 4.890118078975994 -2.955529205222958 2.574716029901327
 4.811534998619467 6.112064913323002 -4.47949056175761
 -2.248115473528052 -6.829305183883985 -4.135560110700717
 -0.7160724038103847 11.20478812718056 4.84694595433505
 -8.547522484273944 -8.709441226522143 4.488491578800539
 -10.83651060342535 -3.938232561307021 4.760175153561101
 13.24273688993736 6.892590044772477 0.8390604077970499
 11.84059859868282 -1.144288607755376 -4.626670894460013
 4.813294597096693 2.593897149388549 2.111529882365103
 -9.073956650500623 5.473860352572027 4.964211708201136
 0.8328359560182202 -5.785853472029673 2.782089181442113
 -7.073358240825181 -12.04373881672434 -3.043178644729004
 8.512972579720635 -6.598176647691298 4.940254799248076
 3.366182128872281 12.22428861323703 -4.221540123375669
 0.5750319762335593 -12.61180413360509 4.25556877847447
 -6.790523861367789 0.2981893540538449 3.839430370450579
 1.673025437073813 8.408736942225032 4.792208149099242
 -4.994604510999439 -9.389656944062933 -4.959462362426935
 3.765603185848576 14.51668014467397 -0.1695225620367438
 -13.74650595141988 0.7229752865547536 3.289524964691716
 -0.8239770362032875 14.93231911710264 0.6690451030544575
 -3.514533658472745 5.111746558359027 -3.253561443081039
 -9.606256119006698 -3.062831008712185 -4.999315818199757
 0.3467620989955317 -14.47752360507434 -2.216885678756153
 3.936256489938126 -3.864289424099122 -2.212289574467523
 -7.505133121562216 10.9326662188982 -3.790361433037136
 3.828446897260628 4.30887822564902 -2.656334657324614
 4.147860232734448 -4.643529800290475 3.280148052018376
 -4.760027823929632 -14.18507425533813 0.6118223867146376
 -4.476682963020165 2.289587098394837 0.5303845620088528
 -5.698237482023179 5.799411789524883 4.637296952361797
 1.611928687180102 6.824712180353464 4.00933680675026
 -11.51976742830198 -8.684521918984696 -2.324965715456458
 1.289914260865719 9.12595923076686 4.938258247446008
 3.23391938597053 -4.574157533769019 2.378363482828362
 -2.174357659338546 7.872879172395072 -4.652138517423118
 -4.21582363673164 -14.34270204676468 -0.7091356040754728
 -1.306435125119764 -14.94245563606286 -0.0735894955115016
 -2.396767947624908 -4.38911291143385 0.09384664336747867
 14.06765376445454 3.488008963024733 2.192568843321412
 2.516239300784694 5.498292877642878 3.061288460318313
 -6.615340024447027 0.08057751110382452 3.68067907003733
 -2.160331438680203 -5.718746180171488 3.145267339855279
 -0.5637343254112426 5.673409543985813 2.553741062726858
 7.388236894071904 12.38230380147912 2.33932900572405
 -1.016479325671134 14.70212213659892 1.599611079104438
 -3.602457295599427 -6.091370794685679 -4.056535395589134
 2.987676348243949 4.096664172295336 -0.8360367514411132
 5.990902810824956 3.726550553066541 4.040927050055402
 11.2224089424355 1.029441667067611 -4.83614558778188
 -4.583623610094734 13.65768002333332 2.363136361800418
 0.3791709346604237 -4.998712633545884 0.3613264394799803
 12.66162400369472 -7.481013732468044 1.687747254715563
 -0.5451794387188359 -14.68648771244599 -1.715202482093867
 -5.880122838161312 -11.90935976057373 3.772157892378847
 9.109267368800802 -4.902159356434755 4.988113723078722
 14.94837439749538 -1.242548077133664 -0.0269390533294351
 1.582559185511201 4.860783755195066 -1.051979430268083
 -7.973055883710359 1.480738700143635 -4.628778896520673
 -14.14341745535041 -4.512440524031033 -1.232082297929587
 3.314429516278081 -4.847120484893653 -2.82123379336275
 -4.463701985156377 -4.25528367990001 -3.210642671141225
 11.3324779076256 -3.232987802645655 -4.670667178527385
 -10.61611849067448 -10.47992494190503 0.9047242224766773
 9.569896040244103 4.611437464408678 4.961034466970154
 -1.329569915254949 -5.647686765031305 2.716148039046906
 13.85444609323906 3.598979629527157 -2.52726586894126
 4.756553260826299 -6.997081532454382 4.757167989256367


