-5.077473328989806 -13.31876779367189 -2.627800566662488
10.39300972318914 5.184800262090928 4.732162581438454
8.230937895631666 9.292710149383296 4.378755255943225
-1.878800738061491 12.53746594566519 4.222702686695801
-5.075254163002093 1.36290514121455 -1.57657801787
-6.02923683995021 -5.171217298158197 -4.557329525470442
11.63459270336041 -8.541440210090144 2.312122994676399
-6.790523861367789 0.2981893540538449 3.839430370450579
-0.4623133579785731 -7.998972351795506 -4.587933446983662
12.64483664471677 1.965614341154695 4.144691609452138
-4.557350043548978 2.07788857765239 -0.2948033816346365
0.09600421695141201 5.011548049431235 0.3528736079806269
-0.9920254612398942 -5.767984136988636 -2.792787232506432
2.760648781860717 -5.288214647843852 2.953349368304016
-3.766757269654541 -9.128371680717475 -4.998437261949301
-8.249004667284371 -3.51378270400177 4.891958510994703
10.3447905973067 3.491374820757097 -4.914990931960556
-8.709048847698506 -7.445100135890543 4.782817681943332
-1.459171917457007 14.00061283843131 2.895269409778272
-13.08654232463878 -4.917235360182717 3.026652722442265
2.092181185276783 -12.56839108535869 -4.181515242447408
-1.915383797966895 -14.8372481944613 -0.6282859298614294
-0.5570245620899391 6.037559521194302 3.082468226368168
-14.57035757946314 3.564360813806219 0.00199963190514895
-6.147253961200537 -5.857225171602483 4.766832756833309
0.502414010746497 -8.059533895977344 -4.614657286490818
-7.783829751879018 10.64797275891415 3.850457254049585
-5.688309512991658 1.103129817223976 2.704066788542545
-5.281107184698199 -3.546382281551801 3.42933083983239
-7.221689846511751 8.107161984251919 -4.925972109642061
2.047860600059219 -14.85558850281849 -0.1980962514949131
8.686290631960736 -4.683837428411291 -4.998274054055726
7.966667413128049 -2.214561346177953 4.690707942114863
13.24273688993736 6.892590044772477 0.8390604077970499
8.750953818091679 8.197760249611106 4.586522340499696
10.23210015429804 -4.211875099422577 -4.885245820938465
-14.83106043659381 1.90925601369788 0.6806990658322669
-4.870494831144551 -7.50966737252303 4.888678732289666
-8.38815234081646 10.18792887626513 3.844554531066022
-0.09304122794676765 -6.303464151110693 -3.367595357912869
-9.8230304323507 9.428459332243127 -3.453488745189224
-0.1417945898259432 9.039046328191034 -4.907005618311243
-1.080490462148181 -7.213163134892402 4.204237702577523
8.432049487187108 0.2324800541589411 4.74884924145095
-3.400724001501063 -3.757390117856968 0.8207937167124707
-13.03623988719244 -1.204865729505745 -3.929474132056958
4.776241647487579 -3.467160494345849 2.864690743001772
-0.5009454552055032 -9.749208225135794 -4.994335715008785
5.906869612221951 -1.481866854780154 3.116282743819816
5.747858778694657 -13.77591184338964 0.8516058744289758
0.08674236567315692 5.177882048948748 -1.324456381401429
13.68646202188714 -2.682179079788954 -3.069648562149367
-9.915987565811491 -11.10678521091234 1.046891882570109
-4.048424896721221 -3.005526460080615 -0.6476001365946288
-8.415100536088817 -6.150087989828758 4.982080791883437
0.5139727926940869 5.099907070651964 1.114270431297394
-5.26159835770896 1.442261685443728 2.085481284923022
1.390818483822364 -13.24308483273812 3.742283778284432
-7.272594145055075 -12.16771007313775 -2.750544698953643
-0.546614090310688 -14.02004025281602 2.958635272329554
2.383331095445232 6.00988821917601 3.536284085035925
9.286545684873621 0.6090065813167331 4.951671295962646
4.658610738774286 -2.139945569847541 -1.118018898988573
4.947083926458265 -12.23326016931871 -3.845458502493699
-2.7640891507228 4.173068778890888 0.2337351232497003
-6.099406180051034 -8.8556241139114 -4.942989306625401
-12.03414612663618 -8.847551173990789 0.7941678136092322
8.08454425177268 4.872018090028524 4.968438359708538
4.473214786761204 -11.44550908654102 4.445489546203128
-6.493593451038477 -8.288486700235852 4.971907194933166
-7.756434359719615 -3.196416389214436 4.733439867306799
6.493631619212872 9.206882112185 -4.836939956084671
-3.602457295599427 -6.091370794685679 -4.056535395589134
-4.994186927526788 0.605814360983802 -0.5540913732151529
6.291788236374285 11.39152767477641 -3.98977199489706
7.305659893120338 0.593868054592936 -4.227269243571603
-9.975512824822562 -8.331961661202216 -4.001947686806159
6.457462806943877 -0.2305562305931576 -3.532642817366836
-2.89484285971541 4.539570385575624 -1.921679300079434
14.78619722373954 1.374910222708659 -1.215590880889089
3.449011055066735 7.343222933105364 4.630197248662215
-0.7530052836064518 -7.824449746102014 -4.519177714111416
-10.83651060342535 -3.938232561307021 4.760175153561101
-10.6501861549052 -2.866331698776296 4.892937170185791
-1.109642044371861 -11.5331677758278 4.741650868944486
2.533260816126531 -8.480575098779626 4.866154200023887
9.088022190978368 11.7793225595995 1.09931426889972
-10.17432556183699 11.01008405946643 0.2949557735587742
-12.54392298714349 1.531838853560061 -4.248017652050974
14.36216068547107 -3.885860033109612 1.09528340751851
4.398772921702428 2.439592025216813 0.5468212781102929
3.190923629942921 -6.362109645575372 -4.085467230064043
4.264665707869415 2.661038892470159 -0.5167856580139252
7.040187328348642 -5.158911302203301 -4.835504759044391
12.46087923406435 -0.6486743685335179 4.342896046331377
7.437483080537412 2.333414827921799 -4.487502557374695
-2.991205537180492 -4.592412211022519 -2.139043083217408
-12.85515737648276 -7.705062053090627 -0.3543216828010988
-13.1705237635979 1.885308914682057 3.752126097182875
6.305454152308922 1.296715252012228 3.508267187426862
