-54.08680482217842 -64.71919181350816 -76.90671745094367
-77.99122698313168 21.48365388694509 80.34691143341017
-39.72586220410486 1.875449723307844 -111.2587979655263
24.73856709497206 -13.12929182104935 103.7116849014316
85.42749714229628 -76.59424603826147 -29.88417921902468
14.5973043068 40.93153446580106 95.46641369459641
55.46232604835172 78.74973931273229 -46.97206049279487
-30.56367083198401 111.1714053502061 19.49048942586807
34.8557972754811 -48.72219878983531 -81.28055895270109
-18.61223654452881 102.4879758179546 -59.03415163605769
-81.14342239499354 29.42052530860234 59.27859052575985
2.448485032580312 44.65898155932613 107.1711841087611
-58.89948057694581 82.74626279061012 -50.3263391883492
-23.69220458565826 -75.079507416599 -86.07585123859202
32.42625969084036 72.31343669689171 -78.00023268952995
-110.7938513518774 43.09135675401301 13.76203242571001
31.96005818933969 85.73343248925701 -64.37457086716316
-38.95932835552716 59.8692709864446 -85.07389980696378
-11.98463784430882 107.1459402731913 -32.57716052224637
55.39981564154822 44.66064265221507 -92.00818128287283
33.81876906048026 -10.38362567363654 -100.9811915939797
-72.19453064123833 -50.88295267355674 56.21637070803791
47.72965301987448 -22.7159553324576 87.12364683731431
-19.36092013240342 -9.957145548469333 -98.97990692810983
-105.2426928868856 33.00948395171378 -42.82267965687272
36.51660236522942 109.6358182556093 27.00082725890961
-55.09252358471769 44.56851091825377 89.628717939597
75.07012438175556 55.30505287253673 -38.55147590915195
-79.11488907761199 37.04157762317383 -53.75608995829453
-93.9111801776377 -30.89599025028419 15.154889498219
-9.05618116503739 103.6775717469648 0.6968619785722165
-92.91831956698793 48.32274515668693 51.02421661715663
-38.16732330170358 -81.97649848758817 50.48568405307939
47.5215554896026 85.16176098117728 -22.67366921192816
2.328727808996023 -43.42035818715308 -94.8257247478577
65.67013937578561 69.05454414682053 -41.77600503962392
78.27586029021191 -73.72402799489652 10.2580086350865
41.72409926549557 104.6861959989674 -28.70366554754126
-90.9016134212479 31.09211076076124 -40.21708606502521
111.8850761178441 20.71544931184933 20.40600303511167
23.1310327317806 101.04621879459 -43.12064533139464
36.58399084350373 -95.68437203473081 -42.55727144004452
72.27698645873268 -57.10559506430801 -67.53529870049356
-34.43184572165082 105.2677745063019 19.85723789349198
103.0658201425312 -40.37743493775637 9.758275637960852
31.56757757902144 108.5484252826269 24.34819745841048
12.84558665803166 44.38996191148257 97.27922670957439
6.348598039711012 100.0222978786752 -37.41609712137985
83.10317546538718 -63.28697759565193 43.88383154521325
76.60052277329775 27.44194382624699 -63.43132902091902
83.421310259901 -57.74009561226784 -42.83862339626857
46.38300919776081 -94.36659020725351 -10.47151193275009
-16.10554823585339 -81.66430512084419 -70.40907643330601
16.80076430481948 35.76177720816217 -113.1315310908626
-42.58576712230592 -23.96991547186875 -91.29300641873637
45.86703831124108 87.36613607714096 36.34723131476832
17.25762335534619 102.9416696137799 -39.72251874314336
85.67443562452199 80.52208158356419 12.23689084720315
59.53592921587541 82.59481874225344 -38.63097903906554
99.3657534767143 -28.74063364275109 -49.70894392941747
-6.547065076899819 -87.46044622231912 -72.10467000013584
-19.58404595947067 -91.89082854662301 37.88792376015465
-58.0504042603676 -57.37276645311254 77.65001584639897
60.08320362083697 -69.64136541527668 -47.6869832505625
5.328201642881319 36.96595343555629 -105.2252288634905
71.99808178823771 3.581624826149862 -83.2125453822648
51.82137377295821 -82.68371867863826 34.90400981165224
30.88172874903222 -77.52220966987488 -79.37906224520815
63.53073251000503 -86.71070441551498 -40.71613783211377
-72.971004162397 22.94036969538969 -66.17294698558135
-21.92405496787217 38.38084174246674 -97.47167449466828
-87.00658296025242 -2.311375113160148 76.1477731734049
95.01643950390671 -31.62544823849585 -6.867880955167624
76.88811083831999 24.86352022194547 79.65881886288648
67.1544435497458 61.85690015237427 63.50194287699026
-53.53973032933927 -35.96353447488853 -81.71675921263966
-24.21835647446089 -82.10645022516537 66.77835136161586
-65.60632850505614 -87.96217899913454 32.49577820232142
-9.178513220782625 65.77347937369463 91.67173058687683
-67.79496850089588 -11.3708931978065 -92.07423919628536
76.23660330784772 78.40137763306646 -27.27565682078141
-89.56162319451711 11.66003530500991 -56.8145395254604
-88.1391844017754 61.92248797804234 -38.33173940913803
-70.88384068995683 -59.8925805909515 -67.9980401239979
10.27406443412393 79.69509440412283 68.27410311942114
57.08283539340427 84.31790002159401 -17.56828671269529
-21.51703597834016 40.23758927322834 108.6892400693655
-83.96219987527819 61.83205271846338 -54.08127761370927
1.426736106601126 -106.897882873219 -44.11372784311406
101.4029387966975 -23.91050109604479 42.03723896200862
-90.18347531757189 43.08984109473001 45.34713953708607
77.21112944437218 31.71415333166482 -77.77789887333041
-56.00508274766178 45.75296034378103 74.9763485737036
-43.29532798817395 -20.07653908570282 99.37728772664865
-3.026216523558757 29.8892345680422 98.40990089512822
44.89195859542755 74.46219499517125 68.54992842092497
-68.10484284834581 -70.72010196453327 -42.50640431710502
10.82810422813295 -56.02318370029747 88.28442129067582
63.81123961538984 88.78526645316994 -24.34659218938038
54.66441052606206 48.35329546764719 -89.33931293610209
61.4074078333166 -36.20681733735262 77.63196268076707
-1.86474540784354 90.59364169784172 46.2658001937894
36.17639159178771 76.61543978067033 -83.74388521313223
25.65055245348834 -23.93973214574222 112.86221618812
37.61205965934895 -26.58039563389904 -101.8984656495263
92.61877927251169 -53.32844815581757 20.75763156956699
60.53630285567918 89.28204606332386 11.49726283040023
54.19532359686303 -32.48550839911742 88.58609963416761
78.41040479882648 -63.4992769376467 24.31924813055395
16.23454521959644 -32.06698146537598 97.59309837313724
-63.97696675857392 53.388434715226 61.85871806570437
110.672133288182 33.27290554636139 -14.89556406136444
22.67833233218602 -82.78711313970567 -80.2296269130639
115.7082962139856 1.373012154001844 16.53716788516548
-46.86840384579823 67.70206388263551 68.28434176235858
95.50165489298871 31.84711210181239 -4.344974879954956
58.93630213963923 91.56243412384946 -7.194082713349044
-6.28426548463361 -102.6269935769322 -11.67485397041028
-55.90531303352895 -55.84458406297646 83.04684961226016
36.30077536999298 97.25203602321075 -5.818339086091508
46.09137187260971 75.25924643277575 -76.09781041653629
-60.24066054333062 -87.02223209044799 -43.79758562535255
48.69688108223712 -44.49923605274725 80.35489981294678
-26.89247440508902 -15.65080336788221 113.8684411267081
-79.52689926082853 66.43053601068634 -6.989709038597765
-51.3596465677688 -101.6651225791549 25.63511786804226
-88.85775248122926 -28.85606044917053 -60.1420864957652
-19.39846380293547 -6.582285416814815 98.93781196799002
-58.07762110639555 6.890686338526072 99.94149233508948
57.25368894046909 90.8790177552154 0.5187943734655459
-93.45294214342736 -17.94558388897729 62.70757981961494
7.118850625864814 -106.2501926911724 4.9910015726757
-17.1618351911606 74.27333942931838 -90.52235518885553
-64.44876715863487 -83.54914504078833 7.161651143001101
3.537286338356485 113.6914178889256 -16.81775445995092
38.78780393650955 -21.92903153574317 104.3086433179554
-44.41801233188696 -39.31438630604726 -83.7478745815625
-1.488108170383938 -104.4516644418059 -45.31632818272012
-30.3591687957388 25.72104683856433 -110.6614543343387
-13.81448493441645 103.8577281641959 6.612793104007515
86.02075391494856 -13.21750161921555 -67.8306699625406
73.29219628679976 -71.29205078589493 -12.01154079688266
-98.07812412193555 24.5331955508262 45.7978926293838
-57.24049954094791 -8.132343336247688 101.5266672976422
78.68543138463536 -44.1473195824374 -55.83964325289107
82.76449530786789 37.91186801949434 52.35721208295111
90.8242185085194 -15.69418799888284 -45.75360410742104
-105.5568035895445 33.75396132879697 32.04600483654946
64.3241387787003 84.89432547233459 -39.85366395789639
82.5045989948527 75.36099161903529 15.32606228016633
62.28200834523267 73.58153937047585 -39.21795265620839
-74.86277001318612 -70.78816681696343 -53.67642883590995
-74.33706474636445 -84.03456051425344 -1.679748381246447
14.56849700520856 79.71826643018358 -87.17658357939334
-19.06908668402088 67.31701430038 -73.24042143283253
-50.47045122090349 -13.59847666108388 -102.6751168967375
-90.37000473662864 28.19829374954878 -36.40045143850411
45.82874781891356 64.24797622407007 -89.25208994836072
57.09197347434807 -11.60568821562699 93.873782171888
50.27424813964792 -34.98891745230982 -88.78883812016463
-23.05902299082981 38.19945667175119 -101.0188082704708
64.7048322847736 8.805138971055028 86.53023946185598
-93.35913853888026 65.55076406705139 -20.4808606493207
-61.79108040306632 67.45974551812047 67.94051648620538
47.86558856527477 72.37107705709822 -58.82578583370866
30.76654673575315 49.58497446989264 -95.30799210051572
10.52435770491779 -94.93021341807838 -44.49180934188528
-70.89709696879159 -25.47902110481776 -71.59641162266148
1.145169485695691 29.98705310773332 -112.9990616869989
101.518388114997 20.72295407879896 11.49869559078841
-75.07010400921547 -68.71993620150387 -8.562231942453792
-100.4470341861834 -27.71885131398382 46.77215446793214
26.91261467918928 -44.26999446967464 101.4307187417312
90.37836396184224 -17.38094010555809 49.07853665490959
-37.32979889502371 104.6312062962288 39.90944770800242
99.38211809407318 57.75236526909578 -30.86655808044154
-29.60034534376274 86.05024460077792 75.72249908179121
-34.70442680799749 -26.44731820883252 -106.7709389636816
-17.52155200634651 112.3133045743672 11.66206029346177
109.723967634162 31.09710443478718 20.01852383152704
52.9516488917531 6.041030938556518 91.84579748711488
-108.1053880422375 -37.9393495332617 -26.62214198619525
54.54886842377867 38.64060421200612 93.20863023897414
48.66272936048999 -65.62753770155842 67.03015702109145
-32.99809549726496 -87.44177044211514 -55.43424618905524
-33.51974553392185 -0.4226367073041952 108.0280033810509
89.24476654652437 69.78275945274595 -27.43449408187501
52.47215436802674 90.92829409794079 -42.73412008086886
79.94462777077317 -23.38022918033525 -76.05653431385278
69.02159458582845 -62.97235285893437 43.66199493697076
-85.46888593443668 -72.18349345238214 -11.25249673678744
-67.02991528164877 88.32184029235279 38.37926190220124
-54.91645989803119 86.79269288149221 54.351831865751
82.45427102050085 -17.20469464479177 -61.79673076352707
81.91158034532268 -66.4452867491607 -20.04624807628458
66.88746183515205 -1.767935413030814 75.11039759941127
79.67447808929384 74.17894190281498 43.77497442363411
72.71055596966617 -59.1319414032367 -37.01078560920514
-17.25088110031864 -8.421739079565823 -102.358130731762
69.37336367156581 61.70478909825719 -48.21523444987962
24.90275816102706 -112.8030129947229 -31.7030241605032
-9.501361360831744 115.5559459837159 -11.39469558022499
60.50441623879412 42.57187100991967 90.17731839477074
-108.7607856853885 36.26593976792172 3.128271685153658
110.0445915450361 13.03978964468337 -21.78313498239545
86.16216531448912 -43.23464979384349 68.54134505284735
15.8723097319806 -33.08049251695827 -112.4011762305577
97.67505179415596 49.40389818274147 46.64640440572587
-9.362395614370303 -3.876324594977813 109.0352072952476
-67.98319436897158 -75.94558025881612 -8.683866158142202
96.86106845713196 32.91092118436674 43.69958828351865
-36.87797915893475 -91.75794256992761 63.85378406498656
97.76036617826661 -40.08921295185743 -47.43929745058997
-96.37187179292434 13.94055754858479 58.8029450533183
18.15960417179574 54.05998851294243 83.3538602867495
82.89857938292268 10.4428727799112 58.0833487659247
5.674815240875549 49.59007423592092 94.4914863839039
-108.7312778499195 23.836945957473 28.22057651472807
40.18801605743716 77.37344334674758 50.26586655154983
114.3375547260739 -13.23231520773107 -21.35795055161935
33.75166266380099 -101.380973276909 54.10029846650619
42.46584346919078 -79.25941584798042 63.77015982488157
-107.9859254559806 7.172843134000022 -28.56221172163018
-72.15384793429332 58.86010307064664 50.42741504707451
42.87906388720751 -93.01205926934547 -44.0067343533661
62.11026554640825 60.67100991620763 -54.45245078245244
7.204823400467753 109.5168605954637 25.5065918592726
42.02846546351686 -5.562791759910455 -103.4719218829986
-4.281298602877517 102.6193143333263 31.10308963643805
-40.42992350895754 98.23702596464382 -15.13393436627411
99.75088716517173 19.82274917626507 40.17439095988833
-10.19169655977375 -77.58007421283111 70.05339403596474
-43.46531076405099 50.83203154769806 99.21051808518335
-53.26594196905667 -86.75729192973377 -7.948732848358217
1.7641961762216 -112.7505069839686 -13.03668374082585
-50.07862318881782 9.750849275548198 -94.9863924173231
67.62964031885669 65.45035149088753 70.30506702482334
-96.9914577720477 -47.1568127304453 -20.96998344050425
15.90850970999063 104.7147082987057 -7.784357900992988
51.39276490167116 -98.38796933959709 28.75082567648064
101.3506945324433 51.31908139954496 -3.00790906558532
59.33689040682669 40.07792605642135 71.06184124801996
-96.96598552869794 -1.215839367809178 40.10272175046367
94.40603892885328 58.74655080906545 -4.903885685908591
106.323127595242 -14.94026113019537 21.45385755311484
-101.7478534017526 -5.572084009955577 27.20270472000915
62.36649870279216 79.58090542614593 19.68381256367881
-78.72528829816883 55.58611697396289 -58.38479199083339
36.46702086302921 -88.58703610136074 -42.65318969989891
67.45073451823141 -65.37128478912385 46.54842130677262
-57.60749423289855 -83.26934252290877 -19.75146873198945
-41.97839845435676 72.71948252063403 -81.27687766979712
-13.61563817979575 115.4691781703623 -13.57136759941942
78.40929624871136 -21.02350733071541 -85.36333286718623
-99.53374647893698 -44.43195639897148 27.13475270685312
-82.01706672782868 -40.06910494141394 -69.05714792551284
49.02630280815736 -104.7750839198429 -15.86305866242499
52.08929584001991 80.51556936034541 -67.99189126284978
-10.21432471006272 91.80668936825823 40.3248374483796
-34.7315219785981 84.37044467460426 -42.32853612124819
-77.98585177790623 39.05911826857468 -69.59686425506459
-23.75378569077778 69.53212326615058 -93.50115401257005
-96.55051415422 -27.89261898868182 26.37165732383017
48.92105634303362 -42.03670512873896 85.88853149265258
-87.691786463159 -17.65843014513962 -49.89866443884588
-24.12108780561807 29.66454495953734 -105.4135911470446
94.24032222279007 -30.4105302379573 16.08709093485271
-51.97001618250806 85.1913709640881 17.59528535363748
58.17174865110557 -11.59309376386945 102.8566003169202
88.44604362064116 57.65670189179019 -46.21067009899558
-29.32479384748123 -98.76930586859291 1.851865232186665
-13.99895931625873 -2.982725722811823 113.1151272330553
8.989369156843289 117.2420033529345 14.05905984789298
-28.9802704687339 -41.43238340464953 92.17175795727059
-69.87077820857414 -10.31873875712106 -92.55235581327221
-19.81872266937201 102.3418463793035 -16.23228995930771
-26.88935819068249 -101.657661343869 -48.96599353811784
-69.1866526508167 53.99895932958034 -74.80537446284046
16.84594056044559 -37.97225895205829 102.4869304236699
106.8652822536233 23.42092707726433 7.282792056346006
-93.54308907985244 48.18561693322832 19.771961691362
-15.0855962662369 102.4907424501261 32.70366563982458
-109.4248275672991 -35.28962564385159 14.13234953234696
68.05866297961246 29.43826317488084 70.50660287670331
-87.3013729280315 -59.45295612797109 -55.813538140648
-80.37853059375233 -45.62312612233137 -65.87302780004701
82.24260573137938 -19.66481662448672 -69.16523122594596
-48.99122887738473 -95.68371762828883 22.14732128696792
-29.30794530775897 -91.48920465267872 -68.10155289223462
-108.2679729308536 -3.969029464099322 -17.95223369191454
-106.1236961503203 41.87241348797352 -11.85960010610564
48.48832995881191 106.9444445792171 7.947046715643678
-25.54878170555701 -88.77441271805243 -47.76016943897342
-14.77084621874461 -61.44906593624499 89.48561483016034
3.802877667739492 43.83732983392606 94.92698728438356
19.98339229971336 104.6140270077358 -52.24197970404499
-71.30328162296543 13.04736478112694 -71.72601725509223
30.60885284222626 -93.96996301647589 30.67689628992926
-103.4845036224512 5.086578983116354 -16.02498947580437
59.24335899255286 19.67039724144481 -89.25218430500978
-87.44084885485414 -77.66506316857178 -0.777160283310843
-12.14840149221139 66.80617867191062 -78.15135811404988
-63.79820773926712 75.53659226177129 -18.48802153829169
58.64929963241576 80.63404312913451 -33.71373941042344
-25.16635945493442 111.6795406953884 -17.63637271723578
-36.23554756365839 71.20856060355027 62.02226302072503
81.53012296146225 28.86012201021685 60.75001067876963
66.0286399148724 47.22114634081263 -59.17146363817434
57.36239268668928 -73.36283572556864 -69.2007646033611
9.475531326157425 100.6707037316405 3.09154485934382
-66.8750669048414 -74.159283756919 28.90285116606015
38.45860342615892 97.52300741786459 11.68918338616404
77.60279433701365 -37.62894706107377 -57.18348128007376
-53.52885873981397 89.6581975594628 49.32654169065616
-68.31655914014735 2.979647221561411 98.17438227971425
50.77311857662448 69.26302694801103 -68.52228323358288
-36.01343568987813 -57.48457167517044 -73.84724742592228
38.38696362754613 -55.38641446194157 -85.62181505855668
8.402537648911055 -115.6039396865107 6.013144080947358
25.36992527544929 -100.9134056400818 -23.45116762951916
-8.569292663778436 -19.5796994510338 -114.1779462761323
-117.8429672066971 5.134258969662815 0.03453900017816312
-94.0816695861202 -20.1053818099475 63.05265917038216
-100.2269214527441 -12.87996693153612 54.44712529376329
33.93738158690309 -59.80387545981603 -78.25803926514828
22.95367177601148 -98.20032730256237 32.33386466623309
63.78150457356654 -22.21720298169918 -95.03963726080705
81.4544764793833 -26.07833023023595 62.05969732057363
-75.75668734843673 42.21865572808817 -51.75926831670792
79.02859734294037 54.08205564237741 -37.79241805125713
72.35437699266508 -78.09635380920177 -9.163004350468704
30.65539635835106 -84.96738093980474 51.31282353148826
78.4380462542211 54.37910801694332 -62.78255627842344
69.33291096878838 -75.2828598760549 -17.83088508226202
90.19521704174622 -68.95397607455862 -13.53682496656073
-0.2125349595687444 -95.84534935474927 33.47745048904986
-41.49975559972602 91.219996745493 0.3175691333720747
21.29758082077423 -87.94374077080556 73.78932171190498
102.6197449951599 -6.614674466892557 -20.55390247350789
48.38626956221606 -42.96767397648694 -90.87801608473215
-89.1229989420103 48.00110333776549 -22.99342788448276
92.30946954425873 -34.31648771369606 43.18652202989711
-70.08397175079962 61.61597787143914 49.99033157955262
-41.65959470686802 -102.4007274681053 34.37361998749951
-47.24762575240921 102.4625504258418 -2.471390586208286
-88.94263660385351 73.06145589280528 -12.90924762420821
-89.25561965379173 13.69620361100676 -60.62776662798171
-71.85904584593976 76.10200824828088 -47.73403602905626
12.46550809024831 0.4535738711141167 -106.4661212545504
-107.79514333926 5.422155645130747 -4.693408221239045
-38.70678533436056 -20.67326787923137 -108.8360261544622
41.97068923652929 91.84641944674895 54.81031685002803
-24.03398845520342 -88.36434123758993 -51.97266996947582
-8.076308495678736 -63.811792082132 -93.45494965080437
-41.35432301227811 -97.84941681469444 1.120786671998008
-69.44030473999605 -20.41749389437906 -71.55267429423829
-38.2053794021094 -75.5929142675496 -67.64610207652115
-23.20526904008861 15.85588936886607 -109.218659882723
-41.06223510231688 -103.9026346879525 -18.7256117802478
-55.39757945225663 -53.9181294637846 -75.62727943592725
6.458398178378788 76.42746908678096 90.57563868002688
97.58073633309169 -15.70007825743852 22.93254763443426
66.90737505376852 81.52416112183901 29.33472347687821
92.41888559653489 32.42498891038362 47.12986804461255
-22.28595954526722 97.16565808195577 -35.95410573641914
39.41055691900937 -79.7371817255777 56.12526619292269
67.96285566475217 -66.84799625066168 -38.48713085785834
70.82848835374496 -20.88217152318794 -91.31510518906268
-12.06526176127947 -56.28362802685948 -85.32290523519919
33.12929380212316 -112.9876761217441 -14.19695763618336
-47.55998958442535 95.5657737392355 44.51078808208113
-65.1811156265022 -76.6494079380567 0.7981977803499367
-3.874457840227361 -15.9273051491098 115.1309621302867
-93.04851723147539 -48.21392685216482 31.92751817737042
-99.65250054411787 -14.12097908888662 -9.136908594664161
9.977918424101912 -33.72401666831496 102.8734212478451
13.76476585054081 88.15771049353425 56.54004403466866
-68.97390470963222 57.36271139304056 -62.13924646275865
-74.9261343983036 49.46440579146534 -48.75561784945838
78.3914684339435 -69.36044682659214 16.07043270872426
-88.81545195012558 63.54977299513486 35.95244575110276
-109.816085592583 -0.8297746932826834 26.32262358703632
-91.04230738365455 54.2606183992702 16.51124295584926
-25.02911348079633 108.0249841046077 -36.27931427776166
-24.74621910410636 97.17196410171981 -58.2803648888782
97.06513596349065 36.71080254921358 52.9355327408679
98.73222544495974 -1.346413219202955 -42.10054402461717
99.48693474557706 0.9050973081847192 41.69844653108368
-75.49731463260288 75.92854115549706 4.394634616999732
99.43595356239749 56.45236684633154 -26.925331850266
37.49055954711775 -92.02878034543086 46.732618213089
-1.019229925778248 8.357296734853094 106.2217896092239
31.70824811450973 111.0200183914393 -1.638668892931878
-67.64119326514603 94.44674359703282 -28.20302331687149
-3.882029525101552 -99.26682360657311 34.63525005576358
-95.28940981911535 -56.6875674410302 -7.190081616533432
-12.13210596428364 73.94367376863403 -89.89267444315624
-61.87737472475997 -54.18209307665165 -60.92652958533088
-7.551202027487295 78.73026712162637 -61.6618874902365
12.65847191402436 -24.97820570302694 -112.5108299054186
-53.03151373481625 -45.59832656927948 86.7869208510068
-77.58375708283896 -26.86539158543096 -67.18279677251601
-103.3835071406879 36.03021943442825 -33.64291161232348
28.5957929338666 -8.996508968157448 -100.918220188978
73.51259816543988 -85.93953553569416 33.90036266349935
103.1879419247869 40.49752623591235 -24.09664698361456
-3.119607080311843 -54.31506866048414 -91.44298151534932
-89.0203547897019 69.15981159773564 37.81582774981925
33.18973120617873 83.04961309062193 48.42365797991235
26.90402239253323 -4.894187532656218 -102.0396841399809
-60.06131897563385 -1.193821253269677 88.20778365975634
48.25431118551833 -81.47722993285353 62.78683443735378
94.68188501412826 48.34347809869781 -28.81558744255157
-25.11147452142233 -91.08404360274943 60.52369337186285
-50.83399633427014 38.30239291915859 95.47050942747634
-6.467326930207521 109.7228563846641 3.983904981104577
-64.25297169600161 -14.30260142617577 -89.20989655521079
46.26860714328859 80.72726366451766 -53.95430036354783
9.970988421532757 -21.87521637672672 102.8406256447613
46.05815616048059 -109.2979003208727 7.879791439689808
64.54447739118591 11.66381821655874 98.7755604770823
-71.37606144648382 5.485482487496053 -95.94071592483267
-89.45265018071981 15.76459054247468 58.19768486980483
51.98389676341273 93.6681837983392 -47.40106826365199
-33.80472771478334 98.53209990418709 -6.010172502321104
-90.92950197594915 35.38639968771787 35.6011991176078
17.37549073967569 88.15840582721016 68.84702544827996
40.10405948370028 -102.5304946136509 29.3587231697133
111.4531928234959 24.42778662156639 9.065724711789278
-34.90514172609937 -113.488060326482 4.320832644128243
-18.94180697622494 23.22646689746882 -105.0161480636705
13.70885215437765 94.23370885285635 65.92953858929147
75.81095455032523 57.2581138565772 -68.9631059977637
-105.906548243974 26.1549914555795 34.42968348077125
-69.1513348509436 -79.26367877092501 -48.19528464256334
-49.24127220071745 98.84504783070145 22.20297060677808
4.244393698937957 -66.48965022899515 87.96520758824187
46.32785781244229 29.59376842061901 -103.0492494814315
-16.63183575605005 -24.05571561135921 115.6423482623577
-2.076165216338961 -109.7517562151659 -19.48334163968763
-80.20855809542137 -33.41503018771549 73.70398324432229
11.02623735714812 -55.46645254322877 -91.15591400303963
-98.6392552493129 -7.92510947106262 62.03222243610929
-77.81681839437209 -74.50121457976483 12.077863693773
16.62628262785483 -1.81344647859823 113.3949107373021
-41.42391064258059 -110.7597331708756 -0.8754645939341785
63.38051608812332 -51.1552570472555 70.53216418893496
1.258575450199944 41.06387711476333 -104.892132961069
9.077208207755818 97.6022708428345 66.4048223735492
34.73665632623239 -103.0615228135378 14.84415698040953
-106.3691754698674 17.01456958883721 -49.17693296268555
-75.03291393361685 74.5391295085854 48.79403168212832
-55.51050238499347 32.07156739425671 -90.68967564367836
-15.33027459588846 88.64412484090862 -64.36580022475374
112.4838384513288 5.107230098512629 5.121878391732497
76.11425100490771 -86.26514606283855 21.3407762603197
26.80824923488586 51.36494799495814 92.84370910519432
-72.08264066285099 -74.45810599420687 54.77122924083088
77.74075265178263 30.17020891777786 -67.25799818655778
-96.09229684560404 -54.26277517055664 34.7850124846086
-10.50452479284831 -119.2244308328093 -2.666923641894488
11.96100014173891 0.9142454982825368 -112.2978934744678
67.12348059025256 74.28561384346197 -27.30193961111119
104.7967021385234 10.70836759142904 51.78864151029373
-68.99657993716914 -1.540525604065694 -75.1791541158815
-59.47085040817043 22.52914573855622 -100.1889421478017
36.58406204795966 -10.18682107186658 -113.4509636971437
101.1884137168961 -1.422276239438416 -47.11415794208401
48.43625992011172 -69.059951335217 57.38546720191044
10.98022703245161 -16.83208496969308 108.2409106439504
51.62211032227125 63.50143255312769 -83.72296766030104
3.365253512341418 104.1996848923679 58.59338221523539
-101.6466387238886 -46.21348085541329 13.08406690492692
20.5961575716921 -30.46449218334593 112.1558328369438
32.48703996535729 63.45146188381442 78.20472324855527
-41.21595659268617 27.81934655025078 92.77387298156292
105.6953023391409 -1.490782975610576 3.936697058552821
67.57561681604895 54.92458245885162 -52.14318936520324
-23.27177286756999 -93.73481219175453 -58.30829237813812
-92.90292422889733 -14.20519366906366 54.52667821646394
-3.052054397769738 -72.89092428200355 94.3801080403618
-49.97570965890406 36.20019775939118 -93.98875490737805
-88.37580231481945 9.216493790332867 -55.19172234596254
-38.36275579548516 103.4929816934965 37.83665007080754
-74.08285761710015 -2.821595513036624 93.0018515923028
28.72213671408639 -57.0937614526063 -85.960622020065
68.76400522373578 55.90623893812261 49.2686467238473
59.0465015639075 11.76915141158089 -94.35954438972325
-70.0614585794416 -82.17096296754086 5.301427164399603
-49.25841098134034 1.436069759337366 -95.44200969300061
5.581046245568926 99.55035127890186 23.85129121451468
63.83214937201992 -21.40059326881969 -99.10467600419777
-14.71589820871062 116.9763101576456 19.0349285705944
60.52595529400161 82.5779284345262 -13.07686225976157
-3.665698936637181 31.84682654600335 114.3371438404877
-54.54795206783365 50.27516079335584 81.58094314235177
-89.94189040002388 -23.06815247267205 -48.36293557219098
-2.86067777400979 119.2861445102501 4.663173937359637
76.29340609597944 46.99898815981738 -57.71913807824915
-98.99620973444497 -18.30406672174805 4.817976872789698
-87.9558509270559 -47.44609841382729 24.60908528681802
86.38273955353357 58.35622539297605 -47.92480510571318
50.44783046996311 -8.00230243095866 -107.8248972989357
-63.60017276116228 -39.28804482015016 -69.84991013471237
-94.09991540692313 -18.45192090714963 -56.33131608454766
-30.964875117907 -88.53451439557904 -42.34044236112804
61.16035262883849 -6.45380118769028 -88.3485031072127
36.18984709064604 71.20162613533782 83.81009901698013
12.07930438775134 95.65952291036992 -35.82063452451452
-33.03545980473878 45.04962064321169 91.13596740602695
-85.54949555740146 -59.09657286754091 -33.82355641816688
40.50763062593723 -83.47767151169272 -55.57450644434391
22.35719784908444 -86.89641530745664 71.98464052259929
89.36210096266109 -30.56954620817548 -56.48789191946611
21.15146032789563 -62.36293506974981 98.6318745108823
6.29499856484429 71.4700745495227 84.70653903693005
-82.1818952430604 -40.43415891675217 43.75880246069536
68.71828126948908 -79.32094386689336 -36.29406869681191
-33.12928526848478 75.33780033892194 -64.46648365688822
-86.91154152002352 -57.29279880644911 45.94837899978526
-17.54631438973687 100.6381806265441 -29.1358114741872
97.93311049376503 -15.37857645977071 26.43853208964529
60.85321298298034 -66.05120819479708 49.02998694614059
-69.61606752683652 82.27209359824272 34.54990345350996
51.68122055391363 39.49476262134782 -79.22263147213239
37.18894460631073 -66.68956981238628 72.68307215451884
66.24141307949444 -98.25294297807372 9.853458129799852
1.175780574200658 97.11617704774949 -39.77730740416493
39.07628681067757 85.68065968078366 39.9697974555611
102.8115126833345 -32.51857289406433 -16.82199256713408
71.11395750763185 -90.04894706113592 31.43584513431605
-11.59604842857138 57.50501439229283 88.20374201727488
-101.2041854060197 36.74781380918213 -16.6984279632673
8.603470679444584 94.04300704541352 -62.33472920873965
35.94980940122409 58.97388128082486 73.66503640241872
-58.145514482226 -78.85880253911783 -27.28767692654214
-1.017823964500457 44.82918278788445 -95.60618844612378
-41.48395433680923 -106.3079529363675 -32.35619426428219
65.29157834956942 -87.43083610810305 6.285996031237201
14.36642669566189 -72.11732587880414 89.98916174310024
85.78467155217707 52.79939582182747 13.34842950526103
-19.47918354716667 -95.9954523487706 -29.97557272264384
33.67704789342375 93.65078947882121 -30.04187637844542
-62.14405131361109 -96.20366128565068 -1.059810688617085
-42.43832346460667 -44.97260410611849 -86.65108988199091
93.79547300926771 70.65301125098577 -12.83650331519681
30.22753922229417 -112.6905645534407 -15.28934068347612
-91.21856781426963 42.92317452157102 -9.52453736058626
75.70550083391959 64.84625410983236 -25.85301066358417
-46.81007437620758 99.865986426778 37.17557016085318
33.95287688195248 73.97692688289244 73.47293106044914
-38.18215753518372 102.059162720139 17.3367312484607
3.106545957323316 -8.490292243071957 109.5416697837427
66.39785799635006 60.37110285139949 -58.51507745666527
-69.92028428828236 -83.10935784540183 -34.85877848592444
96.13299858073192 -50.12608467333386 5.721321820223618
69.23807899830373 -39.89177176785816 73.0619085532401
-32.72593819159128 69.11539867271462 -65.97524656078672
-96.23116262920757 31.06408217484752 46.00059188067763
97.03689712768349 53.75234715159617 40.27192199616777
15.89189508720464 -29.13863549858219 100.1496165434143
55.75996256248526 -35.77372794369786 75.33857570647639
4.801631139915384 69.40772418168982 -80.28529099423785
-18.61169590740268 65.67547391329934 75.15615958946555
62.29967974592872 69.56438032277225 -44.44992183760824
-70.3030168964326 -30.21938590103081 72.6710522388449
57.15776158591621 -89.91448575364628 21.47766000028811
84.11434324945981 -40.35985581002625 -61.43962907147841
58.61255009966875 -82.58999830975314 52.72934337213017
27.24504371208938 108.0310419887364 39.83630767925973
-54.94224867890853 -31.29382396275679 93.18857563255845
2.057758942577976 -104.420233403977 -25.18910974113627
-19.39875830032727 -90.64548866967829 -65.20509935044738
-60.48074349072436 -79.65311059848075 -1.272377446561249
99.7847278298775 -25.60759742915477 41.85251011731576
-24.7990335685534 79.58314584427485 -71.0320294937739
1.19028577956749 82.63960259580053 64.41543168047906
38.43366904465562 -100.8237572876001 25.41801466793385
26.55518663827337 49.82154936865447 88.82497608202603
81.8584825436781 -79.06842541436514 -23.76937227134822
-22.47378205222998 50.98952418099974 90.58962987200373
-67.25241366465725 93.70544944787403 -25.50071023806176
50.27042652251868 -77.3530854888021 54.7529828243749
58.58172051496158 93.96351579158087 24.16966662105424
7.669482177072473 88.36006646816656 57.34940611769969
100.0891362421419 -7.23099423636743 -53.87091778026003
-32.22018585515877 41.45050616499124 97.90850083010378
50.00802027986055 57.78439400047802 74.5828553232328
94.29474554271627 28.51069766683479 -21.63279442810044
-56.43309538103733 -66.05245974450017 -61.25257830018984
18.81011774378597 78.35700790665798 64.77997066801784
-13.07456613945689 -34.57222561026791 -98.14362863368487
52.86287261781624 -17.49116496529354 102.5938986404886
-1.69098182927631 46.70219206429972 109.2853305463865
-28.94330431703077 85.20224564425536 -58.24941335227526
13.43200462923008 67.33922171313533 89.64240212273526
98.64208643869632 -6.803027121209452 -67.24908128496513
-57.37749268645363 -72.0510684820312 41.51530691707011
6.157394413999497 -24.7532301834772 112.0480157551173
-65.96892351399657 -77.40535777128247 -5.988561214943026
35.0331837625771 66.73778170961661 66.37703689343873
-63.98280618559266 95.38598709095989 -10.55422296927548
105.853941044685 39.54964063259903 5.515854913843119
77.32247288274786 -37.63374407387045 60.76266736043824
-27.34424159018326 -57.47872358570638 -87.99475077554297
24.5817288574898 -42.73644763748316 -88.19177105794552
-95.31123961513258 -41.59556117817468 -37.51803833560984
3.499724418059927 19.44416528323179 -109.0775608040551
-92.69509957440779 -64.30669367722632 7.554781861322271
27.06345081210202 63.4892233582808 93.8483811238584
8.308484875859724 -91.75477036770371 -51.6952194987151
-15.88949470349231 -87.73053029309142 -67.4651061641263
-103.0363988412158 -29.91867173805262 32.15506730418999
-96.69965308319506 -7.517860305758454 49.11529985958772
56.23276908794423 29.96127222397812 -83.04448901029721
13.18092199179071 -29.22038801340836 114.1693963100312
-51.13942280456746 -83.84682109559785 48.30061250335948
-64.25996810445007 -45.51715341756194 78.63714662555626
65.78669662732874 -77.71108308039655 2.216454957845494
68.54747095340106 76.60922040732709 39.08304701465572
83.16966592394716 -62.59676280480889 3.940843029467093
-72.62576458011281 -22.02324096628002 67.71740809265037
-23.15962917768578 -87.89566812647837 64.33065770793046
-59.79922934568165 91.19486346396164 29.2933436990743
69.6560772312548 -67.44368009708221 -43.55706931562408
-35.63750868678663 4.8106637543604 103.8066388809782
82.38392668243931 -68.97082454027213 -42.47808601781547
-10.94181353309681 97.9702129763527 61.78294823566883
-22.45745648987132 48.14034029666946 97.41658578396235
-117.5173124453372 -5.49190069963976 -4.691921199197486
3.062738117947833 -28.76201137582457 -97.8794715193656
107.1680778440592 -22.85689723144429 28.93057147099707
20.84265570504488 38.93857649001961 -90.7245478415808
-6.161507129018096 -103.8573040715865 -1.064527400869818
-10.29269364085465 -115.9974132303033 -21.53800653035954
7.277009189153023 107.186282719254 15.02505533214292
-50.31046758890957 -99.887296987303 36.61671184390906
-27.66065875623253 -79.04406622388031 -79.82326050555969
-18.76839122172081 -101.2274404976331 21.89210178438902
82.09426785568719 -36.31228915636085 49.0520329185478
-113.1284482059719 -4.702451723888106 3.288201852437703
34.32735106309887 -55.6716214203542 -81.97388707316541
-8.214743710585486 -90.58741307684328 -61.29433514611784
-46.76208274869629 -2.488797803543122 97.09531483526597
-74.8031615745194 -29.83440829437839 62.45483384751301
-5.396383639892216 119.3897273549373 -7.724639025883464
-42.78226410744909 96.28817087308086 12.99051386474003
7.277627828603144 17.28250636242838 102.0417935520344
-22.5836710457298 -33.18089849987725 105.532256007298
-54.36968491690838 83.7403171247162 -51.21231499642735
-90.14791122970301 11.83838349125613 -65.33395927043257
-80.33705396515435 -65.4365086168432 28.12395323144309
89.42668794368751 19.13692646589496 -49.89649262906262
60.62564227487994 51.11788636690202 -81.78931537457912
-36.34005179196547 62.74643197219875 -93.23508205999023
57.31060742719749 77.36161402024254 61.3132352386692
25.4970599200818 -98.68715635109334 32.43886496484095
20.78834741780993 94.4978447677232 -53.61624359101997
-53.15460445739873 -15.05028091753348 -89.44071883426547
25.56848591138456 -35.40884509216666 -90.29183117619776
75.64135150460453 63.50176427070423 -51.61056514567828
106.6790212528357 30.08001500580402 13.4634291058005
106.6677038251025 -20.19331311256765 24.37021029444941
104.6231705364455 -56.37740561504923 7.962144960623527
5.754732968102078 108.7297789828196 -7.228961325080338
-96.43745254535017 25.74883912387033 55.02515458708913
87.96932937983082 -26.19234562272603 42.6275809812855
18.27562149985777 -28.26971774500026 107.879007892499
-7.157422503785754 -93.62725985543997 34.47296948918179
10.47225254101285 -89.84098497911693 -78.09594397151598
-98.35496458746583 -38.47719339305321 -40.29698468747868
-104.0942038883462 1.139097550123484 0.702535310190072
-102.3536748815497 -13.98572664227241 16.95417343039072
-50.62079815736882 -7.950608680923215 94.2310726952477
-24.03962423152017 70.75199843450415 -84.17066933913698
-81.48380008586076 74.2566418170011 36.22803356553501
-83.26325900642972 53.06836372956813 -39.7418898610868
91.79524503640006 65.29225874401473 -31.01385152463882
-49.48679264747415 -68.1001362727396 70.11260880334318
6.246314476726652 -27.41405221030361 100.151659931718
83.36778217918842 -23.91455291494222 -70.75258990616611
-58.67920695264572 -27.78468730496204 93.82070939222888
-49.02963298428107 -57.83198817666578 -68.73196510483217
-35.87645834303262 82.97033272082176 -58.08805926682817
64.28872704329656 -88.6722367189238 33.02214635507154
-94.49383815506765 50.316697111178 -8.20254930805041
1.941508443792127 44.97897823604504 -93.93516943783565
-40.23891936219348 -94.26575663482704 -0.8947988053677657
-67.50615494603078 51.83659657932816 -53.7039893129454
7.371888373861563 118.7503342194494 3.147640747283988
-63.55703496212246 -33.68287462878036 70.04327247128754
28.63332186652076 62.49533434562539 -94.21137898213014
73.97388058034397 75.9425100870534 -32.50259590669841
61.3177623711841 57.56396694687858 -62.14758286180106
-35.24462503569087 -5.094587363796445 -105.2602362769819
31.21748178545973 48.88651726823851 96.32446449290622
42.56282486289793 49.36103156805118 -88.39188043583714
-98.06532396186587 27.72948500570119 -22.4112608542829
-54.53576307334735 -55.53988919780173 68.8697192140692
-93.62672388290534 -3.37937237878312 -35.90417385290704
116.7569525759179 9.73309234097092 7.233282775901739
68.00572532077204 -25.88667657540705 91.1232277125956
-66.24587584801777 33.20523940739967 -72.00232275106453
68.4394921288549 11.24193455563769 80.84422131699944
-9.167786340191096 -88.9469827257873 -63.55166556919652
-20.58767337121676 49.70046330486322 101.6469423568151
-10.71080963794514 10.83930663713627 -107.5043874586905
75.75732575141045 82.38946107525865 13.65829336670974
61.7930832278615 -66.32200177021323 -68.32772483889892
-94.51685057525243 -32.43921711780155 -9.56407801552255
-21.61680128226402 -71.13165375716137 -84.41335830748953
-83.63560325417198 -25.31049498980971 52.25546464405702
-46.05157643583119 -38.23912182649056 -101.4478117718926
65.61304661856767 -94.61893876650463 -1.536143810340889
-73.03812056217333 -61.94337872466547 -36.38146350271424
59.03664780987003 -47.93215299394944 -78.35252022272462
65.96091189487437 -57.01150135035179 56.15901539234599
-47.37412895133225 22.7752278633847 92.47294865007666
44.68858477106291 -108.7851508177528 -6.15242405287228
-97.14237356833472 66.3841023059218 10.9998945335357
64.02348736202336 -19.89565502192369 83.04612847882247
-68.18366637166542 37.25380075517322 -73.41545779557836
64.50275819305271 62.29119433780295 76.04942502129532
-22.39376313541066 -108.987080571915 -6.722048422148211
88.0398081969641 46.99632605025226 -57.75365168200518
69.31636301180559 32.46821245295188 70.1217346572482
-15.34569987390059 108.5050387287903 47.36832480830404
-27.84978736551165 -45.87758020104162 103.9772481083852
52.95382317403027 99.93226300874642 39.0097878827867
-63.38653957708603 -7.889916348982109 -77.7212286425556
24.47099284915483 -84.30482376032772 -78.93756768972447
0.8944013746142212 55.35405326184382 -102.0475706505918
29.30732345550294 -59.57159469614307 82.39546733791926
77.55552106798727 -90.69523059904537 4.053008335744726
-36.78430825101316 -99.25086412082263 4.936884215145536
33.14949846724091 89.51668489327703 -35.06002861250069
-14.42624871092503 100.6631252784721 33.27158671708684
92.85163467084197 57.96444954487494 -8.66813027083192
4.45915464051837 103.7366074135396 26.05740037414912
117.9880484004942 -16.99197526195507 -0.7669212616809867
8.075384954449548 97.5911022986335 -36.42866433383612
34.69000079114346 -80.58097821802455 52.47475854589607
12.16128445016409 -75.33270709585645 -81.45933053506688
-48.7446757605546 97.17935578668232 -7.631921902954526
2.946497088566713 -58.975918367716 84.31608948603899
-92.28717442941237 -25.28203375233683 -63.98877866114578
34.21838506201802 89.8294063563055 -34.09550617590212
35.00440220686457 -28.84949028154807 98.11757306608513
-45.08841875984945 93.62036207715342 50.35539630076247
45.17938763998063 -27.21613199667256 -100.4616200333159
-76.68744828282114 64.2065243295437 -25.92753902777429
70.23764172861512 29.44656222690315 88.37084138692057
-46.51549366183215 41.45785238556435 -81.98100028944414
-14.89746583702871 -79.52031321727696 60.87954739227774
-7.139748804766561 109.1540533063356 -15.72253572930313
10.51194929867238 -33.46721598814614 -93.95193015699884
1.804499044998903 111.2280305399324 -11.14006307606797
-7.565126211408856 118.6905544729355 2.120897243843572
-17.36683533184656 102.5542008971325 19.85505706418986
82.04917880588025 -65.97702951410967 -35.93501049753611
91.58714452943752 64.78235838812516 -16.1589692346102
74.12379338775132 -84.40043319352358 -10.74485084376534
-25.4606457633396 101.1230882469007 18.64911304580345
-58.86525155052731 -84.32516237945198 56.31718662935788
-34.45323194797494 -5.046800409718729 105.3346297691394
-54.96877098272587 102.1121016121211 6.697227939413784
56.08293009533897 85.88943837898974 36.92490410272439
-72.1895292370759 -38.31824342766037 87.02161366394557
-42.75950167559034 93.1315996453778 13.89785923061986
25.21104451446602 -109.3100158850665 32.85535124920064
-10.47431009639996 88.96840988246589 77.12561689185534
-25.54863531176763 -96.70896521810866 13.90995550504262
91.61286507474634 45.65707558230945 -41.18725517714636
-22.83832938256603 -97.10974098388685 -60.25218863489229
49.94198066131933 86.45154316740553 12.8789587757027
-28.76335990492753 92.35176870545632 -43.18027803524759
-26.06320869033403 -79.96467627469971 -78.76660084376516
58.4029547087783 -48.57997127425219 -85.48631881038293
66.66683994064552 -87.89992315135794 19.67149043837786
-46.56633529620206 -82.28515619157281 -33.80196963193472
40.70364205535957 -112.1993654272387 -3.079235732513481
-63.41173889952967 -75.89976346669565 -16.81881541053737
-51.84505655583403 86.08020213656533 18.76266231543692
-19.35236789660872 45.56485335615167 87.88442244389367
48.41871865433227 12.9372828683739 98.79906998466825
96.30390553372622 36.9192722461981 -43.39323908200736
59.68473649976115 -80.51603569750496 45.12157069903613
-17.5198244572654 -113.6294670813048 -7.354872744420932
46.32260401509089 3.426160347197832 -96.1564255907365
-12.62772094919097 53.39964129004004 105.1213234508398
14.98940627588203 3.138379467657287 -100.9652236774875
56.11458201384266 -58.85408537649955 60.80253283703626
-35.5160161134264 -34.16951969065865 -93.91061337581043
-44.5884258360526 -59.8078057549039 76.41247511931958
99.41708267763742 -19.36048319209718 -43.64872428759269
-9.012821751405474 92.0772444510267 -43.37294139086233
87.87301974349357 -71.04871188628472 -25.42765674954635
78.86032626377232 -60.36551198426314 -48.87114723698115
-74.12197755909669 67.5204748911496 1.006346876140565
18.60836819757402 71.20145107470833 -71.76402417603123
-111.0157321325355 40.61732418336267 18.57874438559945
104.8680728635005 50.49294435012835 -22.59225321688744
-54.9564238176288 30.31925973123998 -79.42863208821112
3.895411031560279 90.37066715692299 -59.90640129898381
46.15072015218151 78.01850023349999 47.97000255649892
13.7848857455583 89.47417328767558 -47.31765850256407
-98.58970021634511 -37.28358866773383 55.63400438385895
46.05719909397956 -65.86524686507259 73.42505195637762
0.7994523394588499 98.4765813959911 63.54637780896944
-47.65065177448768 -34.28716813947335 81.40958116922737
60.76902750704033 -9.019675698252948 -85.57265599151035
10.19401917282958 98.81824993684124 -26.71834881403472
-78.619123304359 -29.84096629523759 -55.04934417560915
-80.6527886875156 -42.18382628720379 -55.4049106541655
-105.1196249176549 -26.69775940330655 49.977084722864
98.83119447998679 -60.00523795899338 -20.66979368517854
11.04539510100692 -108.1685772782175 1.70670141037591
30.29538057093879 -107.7562435703848 -19.42221493518515
-32.58568458836056 105.5006157478956 18.45563401975893
3.805578271854862 -79.92001637089139 75.3844974165764
-81.94929146460233 -53.38110283277366 35.78154508586073
-34.72383232549115 -105.765939920341 -26.05211926687182
46.32935669652628 -14.83663040778953 90.46077383399309
106.8891720051069 24.68261255465421 -18.4074001202796
76.9483016675278 -73.18629788058277 -10.64791900715075
-60.84739253975525 -93.39645813914308 32.05445166510879
-2.252940377464017 30.46387550185058 109.4678904525567
90.32963492436328 66.20606956383057 -25.67994519741795
-19.92481542422892 79.02293559094886 82.70831542551454
-10.38525261387166 -117.4248954919631 15.98167950341437
-11.6441453493562 90.41999018884565 -69.22869441643107
-84.23347387829527 27.16084586295726 -54.71796584305659
37.40749321998791 75.40681975159723 55.04228109679639
66.3842185421811 -83.7058788862191 -14.7382735931752
91.0702856329091 -68.2662934079673 0.5377543307173591
65.06212450214578 3.203801150096456 81.38322705292804
-71.57123728145446 -71.31719254313609 22.85899051565783
14.83654973886578 68.61989130636567 80.01398623252307
72.31732536876686 63.26505853018099 41.81504462982388
-64.21115504932138 -83.23757566387292 14.28436993956197
-82.9380236256393 37.3485260319419 60.33320696118249
-114.0961985004568 -15.0871968680105 -21.43267066115389
-32.46444459564561 -60.56081276706872 73.44427728519177
-17.90055040165708 78.22720978605741 80.8428619265992
-70.53911833516776 -53.88805942109376 78.2546466593297
-86.78048184112144 58.00996954405264 -15.659252351109
5.754750098044004 67.11754048467049 -82.25722071489602
-77.83534675500512 0.3926482604421829 -82.1604673903236
2.373032768846775 25.99049822602368 98.09337649702395
-30.23492698998385 -88.11314604407002 43.49188402739168
-57.82238938844182 -89.39140861248595 -37.28347926751496
-58.15648383720189 -86.20268956066157 30.19816293585428
63.7960964313842 31.26809191569892 -72.19051710944345
-24.61735023184913 114.6738266825879 -18.6896256067901
89.56280054083354 -45.14992060389776 53.95750255777578
83.95325345954888 69.09500440826264 40.07184968933478
-35.01139869076212 -95.52754309967881 -19.62090961887242
-23.050259843196 43.13504834667374 88.19345395995315
-87.46236961184984 -61.19395664130723 6.166591015852884
-73.82328200276672 8.281406440801206 91.33230481433172
17.24217542497091 -97.92344577831442 48.69608931849735
40.8152292882981 -23.13861836822993 -93.47090710148987
-50.1455369911873 -76.05577261532049 58.48574698554729
82.74872162395268 56.98508987318757 -36.35465728773722
115.0897923066253 -25.9977423361171 -1.644136509590941
-101.1761816731139 -3.663410376787775 39.76965299636682
-93.68030508534063 61.71904397903718 6.248776757846581
1.719723161132897 -71.05941337576846 -91.8303137016582
-96.64689802571208 57.65257626895983 1.753978380539341
-50.29183383334856 -42.60405269277932 82.35473996263384
-57.94992288922804 -95.6242810200174 5.278923686677864
-112.5374337092324 30.62077020237092 -26.28250628759968
71.8232670095589 -64.96810496191418 49.49872334932786
-101.5984024301415 6.82048204246458 -2.575929061898554
87.56659609763022 -15.01690228873358 77.2100883142733
53.97389230036875 67.21978727740007 72.91029970129244
-38.75292496989357 91.57051918294765 21.01783794171107
69.30309401864253 18.05490063546736 79.73347323217727
73.4638032038438 84.05257314049813 16.15096597320925
101.746306840261 8.441483903699813 51.41453238865655
70.65055639883543 31.82023705946905 -79.1980758068089
49.83900020007338 -73.42664157910389 -60.58810204682561
-30.08210009647995 -65.99149372165533 -80.8667696647245
66.11340795111288 48.06305501551659 -59.0028196095171
-15.4592318950387 54.18228780428898 -84.09885175280047
45.25474724906471 44.04095280641923 87.68196624821871
-86.98281901663864 -54.72772295366396 19.28793405720772
7.209130267043283 110.8469403563413 19.57105936237606
64.62113225643091 -78.21910744320446 27.54764217663934
44.98677465091365 -90.79618759663141 34.75547990520263
48.77500689728822 59.64063657233113 84.23512994521413
59.51672537058398 98.56740604643956 -16.629149945895
-70.99099772607549 93.61513759576312 -19.25300141762956
97.6371216462097 -18.03515674701393 -47.86343273330538
93.22944280108966 -42.0970432022532 -9.239709596082017
-95.06569683758715 -6.569948234899598 -62.05789703942391
-21.72103917851096 46.91365656326293 -102.9399640899592
54.94287895938376 98.24470843503414 -29.35254509248628
76.63446556910763 69.38750096737905 -44.26411783000874
19.60818921083607 -93.45740130468222 42.09440942922106
-1.55235807835609 -48.1561221081048 -100.1540738722683
85.16255052112847 -45.94120637543476 -55.31936651412026
13.17126730650942 46.98589197755785 -100.2674182669861
79.46440082822308 65.29437852002718 -10.09417774327418
-101.8837678994597 9.89877439890411 -23.95889581568102
-54.43633719358931 -95.88784805508537 15.87915273937554
-17.36466830709682 64.00364942035844 75.82750444208403
45.50881084250754 -3.95315428459366 -107.1115356910491
46.75367337375654 4.786399584167712 -106.2210442576716
40.04313261302699 -60.72329777505347 -86.06034674287292
-75.3559160996566 62.20333289495959 -31.67194948466274
-56.47214425321861 -87.51334905324956 -34.31457251867167
-72.38862072279193 77.3022280970594 33.79244170191811
19.84134065785392 1.439139011933668 99.9877063663289
49.56359491567878 35.09010230527104 81.31906673334373
55.09624209923243 87.57553030856782 44.59573445082805
27.52362424260548 -38.56340886854571 -95.0401346583391
75.14827918982725 71.01383635526939 -40.31023833954551
-50.91588394810411 99.37652395803572 21.38995027295092
6.827092236797696 13.64898671180891 113.1870164460333
6.968178513333559 56.65221260219949 83.32997276374635
-0.3714983733182034 99.43886556589453 -21.1646119337395
-21.85117511286654 87.95138539957559 58.57645296162
-106.2258864610759 -7.606398328178025 -17.49801189673368
32.7800346397435 3.602629893710335 -113.1310964063374
74.44352655651178 10.82113371959081 -75.1247471999925
-50.55953613830651 -42.01955989279558 -98.45389162628821
-36.59371117293762 25.27857737822581 105.0615832035279
77.08854610798018 65.13670637541071 54.26026740982295
-65.37585468049927 23.46813812500192 85.08487791901418
112.4547925324203 3.44446872521158 -9.514511182375175
11.46936261708861 -91.8468843449587 42.26219205104002
-90.84389074543279 61.59948165827186 -14.68845635805032
-104.7804820997137 -9.169583875585303 -37.58200910052196
94.85204581308267 51.04300911108863 41.12822149651219
58.29508856359222 -8.942322482686876 -91.90803384981508
-46.06594114757772 -93.67789065867325 -50.14888679392205
-23.6079204559978 18.17222173167808 96.36970351146331
-59.95066413488669 26.62546589693828 84.91335193103951
-100.0273175919804 21.34409793904175 -28.12213508609676
12.97648378894983 -32.70349941035065 -94.96264971638108
5.974525604487197 14.38379980894844 112.2575908717815
-1.016358145199145 -0.1528236202051658 -102.9384946345177
-57.35065219404089 96.19249509786759 3.004301623612584
90.30380009382372 58.9657507566292 11.80793499815648
-69.23335674449086 -28.56403231293962 -67.0606880978579
-20.00837393882002 109.9132204197336 -6.497763817338814
-5.815267056654092 -78.8169317392704 64.12106912200194
-74.11826350527213 -67.56371220153923 56.26384615144084
-68.61355011226833 -92.30940893577076 -4.325532384529319
79.36971143205966 -67.56383635359845 -24.70099183076682
-83.78686571144492 55.00989759611112 -33.49546687826359
18.41596071267538 92.8999276469803 -48.25045472835517
48.92791341126864 -100.9985543122892 -24.32876589220824
-41.44829694852808 57.8499159963031 90.3167587606948
-2.805532342309081 -30.99012403284078 -95.96952780466577
97.14072460334796 -14.31768549136112 44.32949124246003
-112.4012859377739 -30.7184119094169 12.75973161333288
111.505242054534 -6.715838133556711 6.440473537783769
37.48302691015353 66.78298431620514 -75.48119168126634
60.9475722535902 27.75092531343672 -75.61985567146303
32.68599595293918 64.99838582981188 82.79789429357078
74.44967668050884 61.69036037338223 -40.19773719192951
36.89330594666153 30.74970185259139 -99.21982394445943
64.29442491504167 -16.35245715751875 85.76808288670361
0.754918898790225 -115.3376064951889 -28.78983292024461
105.4446475703468 18.62806621942005 47.63587012744375
-54.74576996825455 84.42495567433433 -48.03018589199085
-109.3094601977024 31.10780648898707 -7.404725381578611
-40.99779575294227 79.39740487175571 -58.07887967659824
-47.86829264185111 -29.77282378248129 90.72114178856714
-6.114901459709796 -94.72916225997271 37.83115198222301
-14.70505698127032 97.22998214887429 -38.11398515289785
48.88308292881214 -19.32361032754023 -93.01009428857711
-82.46534893290294 72.01770542967802 32.32078212660641
-46.07216731052062 -91.63813740513746 4.361519122194128
81.0304883438218 -53.95951976491178 -37.81638273772424
47.0985469840035 -19.81210544336654 -95.62426702738702
-62.48426787855146 -28.22228858943101 -81.40638043373961
-102.5207578409803 36.4019538669471 -13.4531514347315
74.65199529272867 79.86109668177984 -13.95212503585459
-73.94472304730051 -62.44353855069004 -55.18218027170255
12.29646924546623 69.97743866335507 -90.34391919323447
89.38890330790288 -42.42979025684941 -20.15299543294806
-92.91722338681879 -46.30002303074627 58.15126626143886
-6.092953339237847 -59.1673774315145 -97.5385278285475
-107.2533559408178 -0.7500311364281503 11.8731418975097
39.10897868622384 -98.55863001709679 -3.532927676087845
-75.70900108162381 65.10159691725681 22.60041547973022
-33.26685332690582 -75.1590586404018 -86.80743217656529
90.86139073641823 19.31624106360725 42.43411239796494
79.5871437901145 -10.65826192291842 62.64891066257813
-9.840558548811051 -87.31106463610382 -49.34738662936918
-79.12378349513556 48.79197338560622 43.14676790303127
58.55759180176845 95.5346198452425 -37.36088639267739
103.7325933578313 19.43152087005693 50.52849199137637
-56.88307061094705 77.10958986280046 -62.68146113148918
-83.2731132051095 -48.92551247027287 -52.43067524977672
104.3941987791055 -0.6897715991163854 3.322381202074018
-75.06535227349433 -47.63749873530877 -70.60069828898474
