68.08598422884441 -63.76350202346709 73.30570284687317
86.62235942858555 -6.107917643122748 60.24349485013606
70.26978288929864 27.03953112842176 -68.39443733158934
55.22538767286293 72.04190447531562 75.82290859966585
-54.66680966063615 -52.60242132603295 78.48440191285688
67.62964031885669 65.45035149088753 70.30506702482334
-18.68786182163507 90.88385928247496 -67.85827163371864
-79.20627132635433 14.53521814989132 -73.3077181122683
-87.691786463159 -17.65843014513962 -49.89866443884588
-87.57968980615175 -16.36685382836336 57.458470477598
-14.59043117571609 -95.22691794854556 -27.94183092865896
-49.8344475718452 -36.55216867476001 -101.9994833576489
-25.91985214949019 65.47472943622273 95.54368950527412
63.78150457356654 -22.21720298169918 -95.03963726080705
32.22239086099697 -106.2778845360913 40.78601210757105
17.42000122265985 -48.603260581615 92.84855916782372
-84.94220410901069 38.15230616213333 64.47495562585452
48.39795155328407 59.48212470501252 85.58364263603686
-85.62588383777242 56.24599269023878 6.943403725265569
-84.20864835047797 -75.25318764270312 22.25513762552275
14.21024509870712 -81.7167078994719 74.42064711775191
-22.23884949297024 -17.39525590304844 114.636295043005
-89.027321806385 16.62176168930929 73.11617897586983
-66.14259607273364 -86.21190809185097 18.10579242427729
-17.60749782060054 -109.0214763862126 11.02042638029628
-34.73976728859913 -111.1528093588017 3.075079969747073
97.67340744329361 -54.86799275726039 -37.26544215164971
-8.232520301411077 -17.54869354149834 108.4728927144793
-36.67884770170583 -50.7342188685878 84.702777061853
-62.36968627924855 7.627584019439758 -89.24154001130512
85.79757458948879 50.91363243539991 26.34571670081811
-20.08560091234701 -87.60676008292313 75.72782204108306
40.81053489508672 -39.88862265788252 99.47721424707156
24.89267203283286 22.53816369593122 111.3474640811161
-102.2970253289865 -26.70618424229334 -5.558415751634458
-104.8176515419358 -39.33479629536478 41.37380118332282
80.64209176533954 -23.30942649423887 -72.34649766606213
-50.53597120791608 82.43009295322737 -44.48789494480604
25.78061751803754 89.63223885857735 46.94857250629273
16.32695901804747 -106.5306964804481 42.24159278780895
73.99482163664952 -32.85039222367099 -81.4948516403386
1.655179674591176 8.435219573832162 114.7255793260765
-4.281298602877517 102.6193143333263 31.10308963643805
71.6132798717816 -71.14057820891395 -58.12582674657126
-74.21801744378723 87.04049275202215 16.84512268029556
-47.02306136083213 -20.24271515385055 -99.74430519017807
-67.82913307253506 25.48551073245696 -92.0501964134567
-33.36643476788909 -103.4800497667698 11.5948343991329
99.35161362026065 31.81420373286307 -43.38700754973241
59.87098865877967 -28.55327623439231 -95.16239517443711
32.57677430261981 -57.27587182217142 -80.63765346969777
99.55558909628753 27.65601120091937 25.12196937406642
56.74628145964858 12.41989130644269 87.46429736524635
-36.91169936655613 95.31840435176345 -7.673344371781653
107.4868303858662 -12.7815981985127 -41.60148337023178
96.58674919929037 -36.11498209424059 -28.99805753713448
22.96313122857171 93.64291811367362 -34.45373972395669
-19.04751608680723 -83.26961127988044 -82.24805577713701
28.72213671408639 -57.0937614526063 -85.960622020065
82.2994629064371 -82.57070456093716 -20.95427452936772
-100.4076829294737 41.355619400956 -48.48963615670124
82.1720351420935 -68.96447778650608 -50.35798946966462
-86.29251624157165 -68.55027425839393 -27.37179517069601
10.2993271149303 75.27950142296086 69.01905631489225
98.42367948738867 -36.31469435003429 32.28296854722119
38.94601084038769 68.6471324343443 -63.07790168282779
77.32247288274786 -37.63374407387045 60.76266736043824
84.0115402854205 -39.17432507268776 37.55231533074773
41.31605238373651 31.19383739587323 -90.01992346040213
-84.27277474202322 44.34656412333917 55.47236805187075
-92.01566078559613 10.95212265969896 68.14592950822575
15.8011782508468 29.41112222824988 -111.5451922303011
106.5106291051686 0.7669164660975224 -0.8109913383384446
93.19139002681275 45.93854980579481 -22.65146718316331
87.56659609763022 -15.01690228873358 77.2100883142733
-91.36664393350108 -47.62166453949775 -13.28890053854906
68.97586329205903 11.63618894335766 73.76948560305202
-62.46300307393634 68.198858003088 -56.62759018602953
-57.34213806094271 54.36976534902571 82.46520547055856
85.55360617627903 -31.16553845614308 -63.40232250865861
-24.15930218970966 101.2593895454646 8.110095265299663
15.77374050315634 -106.7435688312037 16.35829960225977
89.21350842357792 -43.53834573720897 58.23598607363371
-15.62478506875489 101.1691426689536 -29.74306561406762
27.64076369884862 16.86354791303588 102.6719760169667
-19.73845474849247 -94.26241206201959 67.70566438244649
-46.48614172663029 -58.51125393780423 -81.6228054333295
85.13974427516256 45.9990884407843 -35.09958583678527
-105.5568035895445 33.75396132879697 32.04600483654946
-44.99352418668836 -72.24541983908135 -82.33565856293491
-57.88019892291667 -15.85226704730525 -96.9608456423922
-58.01133865366081 83.13465348753473 42.44898053193101
63.38051608812332 -51.1552570472555 70.53216418893496
-16.47113640786348 -91.82415417268392 69.8998371041688
67.21110702313545 79.48084821552033 21.22998529514762
45.53571366538018 -68.47641069317967 70.67363450048944
104.226485060901 35.89175097383131 -25.90459335174125
98.62480359386801 -16.97990628687203 65.7852684305493
-95.31123961513258 -41.59556117817468 -37.51803833560984
2.050279981595523 105.2384214040509 -17.04069821455534
1.804499044998903 111.2280305399324 -11.14006307606797
2.471963389301011 61.29391891488781 85.24211501588344
44.17118674504375 83.65860701028745 -70.52176669587091
-45.25219774832869 87.52091927116385 22.81077597976038
-55.75402346187158 19.17708768730441 -81.23773222794854
17.33884568224862 67.60091758446445 -85.31135934241907
-12.97191234200953 76.91994876815433 -67.8606994358384
30.20931194432469 0.35653738252859 -107.428972377453
111.0979107621633 35.03683656940584 8.325969616617535
-78.16359344468025 -63.05193002460882 7.157740370477617
-71.15767439422895 -6.219360136651508 -74.7140965558668
-73.42172204260716 51.42244140193156 -52.34932600091201
7.125128228470569 -1.620207564928229 -111.2417804420441
110.8089289024705 4.881805682252689 -42.13239537031922
-57.40016132767401 80.62033299925953 -50.79018737658946
98.38362793390861 5.434704723989388 -49.11713497538871
-6.461570800575238 -85.68252004618398 -76.73723248376409
8.141085815672298 107.5712789324934 -16.56070207878916
-51.30526362481438 -85.11147283931618 -32.74778469550177
-15.91095154999898 56.445149323562 88.30237069444534
63.7717290790902 -18.16390331165982 99.23878886534457
-72.38862072279193 77.3022280970594 33.79244170191811
111.7561656311173 -39.68518007831652 -7.383847039236278
49.53812032313922 -41.43268394948069 -90.07724427160647
-31.66068752607744 -98.68992176852234 3.831334438102985
116.0319754168381 7.586713371500395 10.46630543828796
23.30859817225262 -72.87215102316992 -71.10014711407977
-15.01674568479477 -105.3238577058725 42.82685233981929
-110.9178888858305 26.94836849865886 -24.38094487985788
-87.96512103570737 13.8924513916076 54.80426356494134
-100.1005356473968 -2.278694913849076 -20.0684168932191
-90.1884414316715 -75.93389559706844 18.47450115091798
70.95294381380785 12.23931063001628 90.75783173048342
77.55552106798727 -90.69523059904537 4.053008335744726
-60.03734394033479 -64.8903214997462 52.62945886959648
86.75605616816692 17.23502273173084 79.52608562753467
-97.12370509349027 23.01527308743279 -23.04688078783064
-99.99161305854544 -15.26781901791681 12.90543070590178
7.277009189153023 107.186282719254 15.02505533214292
86.75200389639313 60.41419799525398 32.63526775204191
-69.66284501148539 56.6393865604125 -70.68302518170829
28.8313497225309 7.204729432162721 -99.69982826659056
98.67508787481789 -47.24513819956525 17.61945738510274
-94.54647555265998 -12.61640827027184 58.35322562791366
-42.47850396109414 -69.29057628434882 -78.25352903322896
45.72360835022155 -92.98907825085023 -3.637479317467101
-53.79158647388016 1.700326296944924 99.584922375615
-89.75452518947992 28.14577205431064 -73.83350571055351
32.919954269904 99.65557941164585 -48.66367233552397
-42.32174332141314 41.05927989733632 98.25057426677306
-85.83201627918847 -23.59198422318835 -50.06794563370126
-47.57187522259125 10.80518305228488 -89.41752073684485
82.9377955557514 -66.10401712954379 -53.2449321495918
95.5987021583955 -45.42074817970379 -15.85694529311779
-54.54896808284643 97.48811392761947 -2.23117628588562
85.34131402382603 -43.41525594892367 66.45763942401896
-81.43897090751396 82.71127140656455 -26.4223016515194
82.04917880588025 -65.97702951410967 -35.93501049753611
1.116485833346143 -50.82980230778195 -98.89683596178362
-11.42482746476548 98.1718831989657 -26.79746206129218
97.40650885013739 -0.01296375345494261 -25.48224182371633
-72.04198631614906 -53.81974739401036 -56.26228049798279
87.17959618428644 -79.33380885527494 -0.4627854435524446
34.83974766525722 -101.2110003083299 38.07173469172486
-64.21115504932138 -83.23757566387292 14.28436993956197
-58.05550171234663 100.9545982371769 -25.96731356352333
-42.59620325283984 -34.79641624092908 88.21224423789235
-7.942545963737732 44.86954920557259 -97.01830380522158
9.1182732737314 112.5755944853349 33.37466304218127
-24.46536171744454 65.50518129036072 -79.49872510416795
94.63564450004326 -10.63513553856465 48.59389611583729
-35.63750868678663 4.8106637543604 103.8066388809782
9.240557021677548 -53.10534322449034 86.44789613330965
-50.34413497494307 2.344049717565102 87.58200797505701
98.78014850475323 32.02565484770474 -24.25285564941106
45.54274168614437 -105.7209001118586 -24.94128475308388
-43.19109595207749 99.54802372362806 -44.75099525696772
23.45065145313341 106.263328000828 11.59955064266601
-76.08849702722038 -68.83427157165359 -1.008968265770643
14.61566114534788 88.35843082179689 -58.57411602190025
-72.91259805884319 19.02906306673054 -88.95680089969754
6.157394413999497 -24.7532301834772 112.0480157551173
-13.82959646639889 -97.91595517298745 20.47449637015935
-8.772014444634287 41.21690773686648 -100.654020359198
34.20432425827336 96.64413228101276 -17.0406539441606
95.17307898047834 52.7741428648398 -32.41187339384597
-19.21234922412076 71.71219907373876 -88.58949052811126
61.37976567620247 87.86769780495702 -28.26652704041085
-93.9111801776377 -30.89599025028419 15.154889498219
-57.1561035598107 70.31492761687198 -57.38386754462766
31.66379815055212 -86.77547993445113 52.57627066277978
43.19760903667427 -81.34172587450716 -67.94631526797104
33.28102434589172 -68.20086248736943 -91.63992028358524
15.96528099417303 -103.9729364515809 5.540707549248445
-80.66007373811327 84.51649068913463 -11.1098950526566
-34.9367375505718 -40.72345914744889 -87.00850440188808
84.05515887051071 37.09548491008866 -41.73080727227563
71.44090139803698 14.11510356134275 -84.741353289937
-108.7312778499195 23.836945957473 28.22057651472807
-6.828299146614581 -92.52588592757478 -56.30228013523352
33.67704789342375 93.65078947882121 -30.04187637844542
-96.45073639643394 17.86590758502036 -31.64244584644364
79.50416546902937 50.0696605949174 73.2049625402422
-94.95961698188059 -11.79453509746393 46.84529524923994
28.46362262567962 -84.11025259170914 49.61177945510747
-47.29226265499424 64.87832505977829 -85.95895050483625
115.4364475366637 -16.05130459487363 -1.092228415772627
-62.60825220451078 -22.36450266995501 -85.22032381345079
85.84192162032784 -45.32357801937919 -52.38866253454982
-34.2389563515442 -105.5047456170636 -0.2613312711225847
-41.15131855014698 -94.5132575800956 18.08630367022291
51.89509589112485 -55.87645623971293 84.31706052587252
-89.8655051842366 -64.62437343074183 33.11741937734823
-88.16680204012629 -57.85513494394282 -28.2729845391765
-3.119607080311843 -54.31506866048414 -91.44298151534932
4.800221602087372 -109.9144212486987 34.51931344703826
66.36217561184786 -44.12797667068212 75.51963556625367
87.31476679218595 20.89646766738645 57.99020335274319
-55.02720594146666 -52.88341621534592 -88.27946174548164
13.86680390573731 -18.14054594291869 -107.544894640296
74.34239334357851 84.81114615525117 -18.56692901466908
93.32324509218361 36.54170377854948 -36.60715614864936
-6.28426548463361 -102.6269935769322 -11.67485397041028
46.1962664034728 52.32585541032886 -91.26291130363904
-29.17983325751662 64.15750496653452 -89.9109254992666
49.92951563693822 -84.24586684814932 -35.75906771434178
39.08707046971157 -29.5511477481758 94.36954530185524
-53.00857157472173 24.55653388826143 -103.9466376892617
33.62902221431001 55.90916500029228 77.4300319757919
42.34946161751907 55.15378255951546 85.79654443747825
-3.075904756066003 -91.39444587103351 -59.99244675514025
39.8995193417389 90.48095985301947 -29.75312470265857
110.0266635048991 -19.96256224946589 22.09425797441457
90.32963492436328 66.20606956383057 -25.67994519741795
-91.7038173808912 57.59755500122234 -47.51767252414829
-3.413063346925806 -27.64010134400305 -102.3009943165686
33.57772102435843 -107.9849089309318 29.85528683737835
112.2802565906085 -14.6700053374166 -37.23307894419463
68.11435279566624 72.51247441352295 50.89048600121551
-88.32577381026537 -69.61808341364697 19.25695504816677
-29.87367172830657 108.6193538423248 20.50167527434386
-98.30442110885137 32.66591382936881 52.0852569880059
33.93738158690309 -59.80387545981603 -78.25803926514828
-44.02188478940123 81.05412227848237 69.93691053037368
-28.68375831447457 98.41569412772893 -36.29567748864773
12.46457839267588 -69.53829629700934 -77.74733139187826
10.78372412448241 68.76067510240125 -77.39950299418832
5.328201642881319 36.96595343555629 -105.2252288634905
-46.51549366183215 41.45785238556435 -81.98100028944414
55.05584797697875 -43.32242219253232 84.30734931415653
-101.4436589293918 24.07813021848029 1.125047923921999
22.94225033773602 28.79707016530856 -93.51786153538409
87.27736415782019 -8.689491625947998 53.84111424995475
-37.45225326122509 56.28335422961417 -75.04224305149307
12.7987842300653 -102.7600733012356 38.05282341048924
10.03870585997653 79.44894768493681 -66.51316657136329
5.502938795531762 54.86669648499561 101.552938639534
79.36971143205966 -67.56383635359845 -24.70099183076682
15.93649697006467 27.46307984918079 -100.6992091608782
-31.37572123473131 -96.21229081853464 24.67994825403243
-41.08047659968959 -100.389407103102 5.555715398500372
-26.26943861058169 -92.87981446675265 52.1598790239314
104.7967021385234 10.70836759142904 51.78864151029373
-23.050259843196 43.13504834667374 88.19345395995315
22.20243639527208 99.86466311988899 29.65979011566129
28.24505472969206 -94.45633833748451 -27.83075441065144
-3.449321850292474 -31.30070778544828 -99.89683342732523
78.54400061675256 64.62114783727648 -32.1815793224424
52.74843988244572 24.75501756780968 100.4346985503742
109.3999535850863 -37.82476467736737 14.28830191770368
-30.8738572849401 -115.1851851800247 13.2563989949206
11.54217136394057 94.28370589474817 54.44206931427589
-78.41740920909552 -28.07129141795628 75.91629738423276
-17.27282045700081 -76.78151623477262 -69.12897482314074
-27.30843503206338 -14.9881113566674 99.99885867533042
52.28081602602621 86.0398781844354 27.1599151600902
13.46791418771123 -103.6154381138881 -24.82394484240025
-82.32945384449334 51.21091834367872 39.04731252206013
-89.41676523167 -33.92987787050504 38.36578555089725
-18.56964833353775 -70.8043898874667 82.10639623922476
49.19405997027837 -9.047918589817188 -87.371439253737
-91.87055656338578 59.2742056924338 14.287538273424
55.09624209923243 87.57553030856782 44.59573445082805
-83.70457695446933 41.26032819024251 -50.96062725564563
-19.58404595947067 -91.89082854662301 37.88792376015465
-0.7839275605740141 -11.92372101911884 119.3867920232845
100.762726162879 20.81790642650233 -58.94951220524277
-19.9274452731338 54.42050381030803 -89.581163097086
-86.7703135379209 26.88016589025241 68.16330599965754
1.835119951351259 -99.43933286005868 -45.12200223824159
-61.41196600249132 -93.37636784121787 -21.21216138226676
33.87026741509379 -110.3886617395519 -27.5147489206159
2.044494687008222 1.408795383489688 108.1436888140663
53.34733795880591 38.56486929552293 82.47387883786737
104.1034554134004 27.34413019696514 -39.24428838529801
-7.869468464003083 -103.4182097536343 7.65624748113432
-44.53672318164785 -95.08995777274957 -43.85778415974278
63.25690627141213 -75.68381756169987 20.0778633300957
98.31677712400146 -39.79632888011756 20.13034526535733
-58.22871152380949 90.86043558114245 -30.32014485476076
-17.54536089872165 -105.0565795592308 16.60639628905967
65.16057978776219 41.32989513808536 -84.4728817461918
-44.85631783531132 -102.4280144499035 -10.77290304343163
86.27899833383019 52.60832665512904 -47.17832793029269
-11.46969958151197 -105.4348730494608 16.94580304772622
-117.2875933833268 -10.99065259384087 -5.442069435514603
15.55278152560395 2.261328716911141 117.8431858815848
6.715995783253539 -72.28980768271762 80.5979383798205
86.51061888454747 -36.6259623085883 65.13364709794666
3.483555874420362 -105.4248782127807 -5.906754667107313
-68.15218042692486 -72.47172240355523 -41.7660545199069
113.4647387608348 18.53068571455157 -31.30338236878986
-54.1472843347799 -3.145134936569527 99.53773321484114
64.80152179555247 75.7687052675885 -48.86038146836638
113.2144209726626 -14.31370154694089 29.61658201570003
16.23454521959644 -32.06698146537598 97.59309837313724
-27.65918006252789 6.210385735906141 97.0030713913869
-32.44950408481935 100.4567136552303 -28.90983449526514
-49.65479584670625 -60.16025211546869 -63.5169606200278
99.65118635007182 -29.11205300150139 -23.59119735183251
19.84480277254066 -114.4000818783207 -4.705446184546918
63.64093569837188 82.10294593093953 -59.27428782912831
59.33689040682669 40.07792605642135 71.06184124801996
94.77282125028437 36.3011797777999 52.91100791103776
92.33990817623015 -38.44448777919722 -49.0510303694202
-4.836006940590254 -80.98417500993041 -77.71233280462441
-43.53831845782448 -31.1543666466429 91.40795585340813
31.38426112231319 28.14500068262235 96.39631062941395
99.87916683722604 10.37350537476768 13.17564033438346
-6.092953339237847 -59.1673774315145 -97.5385278285475
79.86193212008203 -80.75847799405292 -32.77564521811399
-42.6525063353465 -63.45243443390103 81.85036337433004
7.333034624594263 -46.60180180750883 -97.22889659680045
-51.39478028299433 -103.1607301379778 32.79063642782391
-41.42391064258059 -110.7597331708756 -0.8754645939341785
-34.73355974288263 -104.0606111657331 11.80818465349981
-100.9181258052046 -3.056158404373331 30.37701418887356
-87.28462295599944 18.28101241040298 -45.69953899515883
-43.2089063750089 78.20917717177416 -48.47370512794011
-12.98019346779175 -109.6609046578215 -23.96249749395388
7.068544992647691 102.8806712544405 8.850937501166822
75.95385976890721 -82.20923660486707 19.7102552629701
-93.10373896272597 -67.25958778508722 19.82670183400765
-35.00173096372284 -1.920199790943248 -103.6258229463918
-41.12884314912602 79.96072235708503 -75.56465100110532
-84.64233749366606 -52.73770239052729 -55.1541382685998
74.50800980498917 5.121784980737771 -71.28017862912502
-40.62820833358271 60.31734385316989 -72.36488215391354
-22.40177230628751 4.862600327681296 106.6455937397195
37.33879950558158 102.7932467995132 -46.80551097476142
79.32411676926772 68.13677402854206 -46.33683313273174
10.38426330908014 85.69222649341334 55.10041080555448
-24.71771220223931 -23.95391410704499 -114.9438784859625
-61.65255254909496 8.341967495465122 101.0859492768151
108.4607077558928 19.32281397688024 33.52531416453444
43.48195725380501 -79.76268706227923 -46.69919498806782
-2.865678157015294 115.3519052527701 -23.33044459279339
-57.71180868865744 -78.8328561487107 -62.17766339687558
27.66887347703651 110.1543913025274 30.79987459907975
-26.06320869033403 -79.96467627469971 -78.76660084376516
72.86300508160782 -55.42968296376673 -58.22374135860558
-91.89436158686594 32.32774573597173 -26.7783811895083
18.02035070850639 82.8830736573614 67.54096969346435
-61.48300995861668 -66.04091530347998 50.05177822695875
75.47176579608848 37.05869332286298 71.45424513131297
-13.38650804932318 53.6561207783177 93.60336461086582
-91.77657916164165 -15.40573610939324 59.35030566065146
-77.57601864252658 55.56552596795932 -67.04676795452882
-9.081145062721404 105.5240792236423 -29.84446756554307
-96.12172673186716 47.51461434863592 20.55093687116242
44.25750391845312 -33.73016845678217 -94.82927419111284
-22.62138776394344 38.48432253297637 89.56978965582677
-86.8563671621731 66.27099547434348 38.03084430943336
-84.04379252786498 -11.22640165067108 76.17110844630929
42.66853668237823 -64.53146866648505 65.34716017869036
-49.77957152039252 -68.21202941326929 -80.1378043112366
-80.31987759049765 5.677232112559512 -83.5855916992578
102.402611043671 -19.49687673833088 -42.91493131208821
47.83088457717838 61.76301498299886 88.69928012639316
-73.6746877266698 80.93464998528316 16.78904401763557
56.23222890499463 81.99737904625688 56.26433059483068
-47.69233034250201 -21.65429648336039 -102.4268336246221
-4.068854387164969 43.88341835995725 106.7492803062381
61.80220187820704 -92.0826630988007 -2.623033948619505
-29.65749022978085 -107.4746773085834 27.05920805486189
21.24224316916351 -46.26397158272456 99.17613117016752
45.82874781891356 64.24797622407007 -89.25208994836072
-32.45969520319276 1.642144800025636 -96.4949305971977
77.8005495999941 78.94256160531224 -8.37260083666961
-73.82328200276672 8.281406440801206 91.33230481433172
47.18541837300418 -89.37447747414636 20.83346319137541
46.51230490467491 -32.40510251745312 -90.8794733588545
88.44604362064116 57.65670189179019 -46.21067009899558
-119.0115547415493 5.370802014542305 6.292774722615767
6.225313353041743 -10.7010909707648 -113.961100519701
-70.61350625443498 78.80442488743869 25.70090339515128
-14.97828982558807 64.9262543786657 -87.14487745612335
100.8553480819974 -34.92628239380344 1.185809884410117
81.46620600852036 29.51315075555181 65.20759470395265
110.9608221814896 30.33999376977408 4.779199309238622
93.78240363624809 46.83449895714583 4.745295771909524
-24.80278402134488 14.61736081769258 -103.2146753645314
-52.31914048160574 -63.84046420417131 -77.23360125125481
-84.1579083197629 -68.00837702335181 0.7407329247862913
12.6220560775939 3.323431774559387 111.4120516024408
96.00655216024565 35.36016250864108 58.05205762338127
24.03660178202433 92.61510974794139 -64.9949000348515
-87.79658436281414 -15.02781406892468 62.74736638663858
93.22944280108966 -42.0970432022532 -9.239709596082017
-42.44503207383165 82.1570886914379 -52.54606520960623
-26.79982668697708 -90.75459058782423 55.72900919453653
71.95219150372863 -41.56456645174591 -82.32031099833954
34.8557972754811 -48.72219878983531 -81.28055895270109
-13.30152877957699 47.30674847132147 93.34923064388843
70.65055639883543 31.82023705946905 -79.1980758068089
57.7663609751075 83.3594478022514 3.229822126792836
-62.72856279077702 96.03533733063287 8.285419505382055
92.29079909309984 38.74600913905248 -38.53385170955767
-74.09589752079496 -80.71543606281882 -26.51690818513298
-38.87845015610024 -102.9968450980205 -20.16370458634977
-43.94816073215762 4.844302555477782 93.09623112240186
-56.40259238648341 -46.83793810210602 73.09154668454374
75.91967091036703 -62.84986229945861 -37.97024004677002
-62.20997485860393 88.74800375923947 46.89275812556499
-59.03544244869788 15.11129892547748 -95.873997834566
-53.26594196905667 -86.75729192973377 -7.948732848358217
84.35728560132051 58.61477827877394 -4.11703531725822
76.01138048285847 47.87054981848794 56.67652802255466
-47.66731273284829 -106.1713027761839 14.75707270450094
44.99697566867678 -22.22546598143713 -99.51547328434164
-17.93354534525546 -107.2241952790332 -41.12653409232926
77.5068620974599 79.58859056428109 -11.77067386517383
21.52702666297996 -44.33128693894053 106.2805455573356
-59.91695921196017 -8.645370295183247 98.26815345649082
-77.72180230545987 64.85168711261205 1.311667436441786
-8.870644974242255 -7.207881837136862 111.422785129305
-12.26159021122676 113.7228714538995 -9.736181657629363
-24.29787321628874 -100.7228216933761 1.768447542814695
-59.44448117389984 -76.7064949904368 -27.15949289212114
48.45474477473775 -2.879185302978482 -95.63422546438905
39.87049271074823 -75.33109373587332 77.24426618438162
-96.9914577720477 -47.1568127304453 -20.96998344050425
-75.86490091237417 92.80907365771094 -0.02191397762164879
-73.71670718891784 58.83287983237017 -38.6323656036592
-43.12730570362378 65.60939271489568 73.1752209812836
88.68461525538396 -20.14015529707802 -54.54612027554604
36.17639159178771 76.61543978067033 -83.74388521313223
52.80597669369013 47.43863341791934 92.64136730584872
-14.55361265869373 60.07844186944827 -96.4149044529593
-1.972505340421993 -98.031046097816 -52.59750082180769
87.87301974349357 -71.04871188628472 -25.42765674954635
77.422909866285 -48.84112167527228 -45.02929972775316
-83.35765985550022 -33.46567688331213 59.68273490612189
72.53015577975651 -16.01793301530818 -89.65717989457991
-115.1680793521623 11.98772776894884 -17.80674668234145
21.7850888738901 106.2440546658491 50.45463996872201
91.74723062568893 -24.84793390929122 69.07310506624124
-71.30592829527946 -52.9244560173066 -60.71413731367439
19.41791175119985 12.60561027206506 114.2182241201854
-51.523289026146 -6.437162874670455 91.28168674589709
-78.30416930267016 12.96360014740992 70.74924593681298
96.13299858073192 -50.12608467333386 5.721321820223618
39.13369643889754 -81.82774838172094 -59.08832185141419
-110.1577987206139 -29.98018831883549 6.795550510729591
-66.35703390312688 -74.1282915078386 30.57978262700632
16.53637912930888 -108.5744466214736 7.13087337565782
1.805919801482744 -51.23138030335846 100.6633961696585
-103.4800708317378 14.0919949430223 -10.6498278830593
-76.93183999539647 -80.58163566044219 -27.94537494774794
13.72707342891116 -70.38556987207656 79.39756280504946
97.93311049376503 -15.37857645977071 26.43853208964529
61.79678373062042 -80.35326202796621 -21.99533179425702
-46.05157643583119 -38.23912182649056 -101.4478117718926
-109.5023100893025 -36.58256990124513 -11.59198168687315
16.00261612307906 -36.03872257538454 -106.2377285179866
-9.32268705414595 97.68562781121143 -38.9293660310999
60.76902750704033 -9.019675698252948 -85.57265599151035
-12.52311054701394 -22.97589365765095 -111.6988207756392
-49.73602519757684 -100.1780699812417 19.49899890181511
-81.84635289294913 -58.10598876739643 18.54223164429139
115.0922138739034 -10.28830513701589 21.91524501592146
96.15780519808904 28.62035286914051 45.47499586454991
33.64304068821583 36.61598780824065 -97.99654208957638
17.54733068713454 -67.02430758664636 76.26204919444982
26.90402239253323 -4.894187532656218 -102.0396841399809
100.5376365357867 34.16568790846829 -50.28700458222382
66.30310187508341 -75.31518790453599 -18.98309971717337
-78.24660490411925 46.76258218985912 55.96214832047803
-70.55640314825652 8.196780210218034 82.94008474571505
15.47017955571375 -93.57461390967946 70.12705585491052
50.75631574682198 72.74871291154211 -77.43390501135596
-29.60034534376274 86.05024460077792 75.72249908179121
-62.34396842390709 -91.65251704749136 31.48534686293387
94.29474554271627 28.51069766683479 -21.63279442810044
-2.748968782552332 34.72871126609574 -114.6134000713671
-81.94929146460233 -53.38110283277366 35.78154508586073
30.40818135646161 61.1831531259035 90.1628568727393
-56.7937276539785 19.90576946716012 84.76313426848733
-67.58610676301701 -75.89998515235573 -15.75906910308189
-65.53259948519091 -17.70951683377061 -74.8047402420785
