This is pdfTeX, Version 3.14159265-2.6-1.40.19 (TeX Live 2018) (preloaded format=pdflatex 2018.9.1)  6 DEC 2020 22:08
entering extended mode
 restricted \write18 enabled.
 file:line:error style messages enabled.
 %&-line parsing enabled.
**"/Users/sarabizjak/Documents/IŠRM magistrski/Topological data analysis/TDA/HW/HW2/TDA_hw2.tex"
(/Users/sarabizjak/Documents/IŠRM magistrski/Topological data analysis/TDA/HW/HW2/TDA_hw2.tex
LaTeX2e <2018-04-01> patch level 2
Babel <3.18> and hyphenation patterns for 84 language(s) loaded.
(/usr/local/texlive/2018/texmf-dist/tex/latex/base/article.cls
Document Class: article 2014/09/29 v1.4h Standard LaTeX document class
(/usr/local/texlive/2018/texmf-dist/tex/latex/base/size11.clo
File: size11.clo 2014/09/29 v1.4h Standard LaTeX file (size option)
)
\c@part=\count80
\c@section=\count81
\c@subsection=\count82
\c@subsubsection=\count83
\c@paragraph=\count84
\c@subparagraph=\count85
\c@figure=\count86
\c@table=\count87
\abovecaptionskip=\skip41
\belowcaptionskip=\skip42
\bibindent=\dimen102
) (/usr/local/texlive/2018/texmf-dist/tex/latex/a4wide/a4wide.sty
Package: a4wide 1994/08/30
 (/usr/local/texlive/2018/texmf-dist/tex/latex/ntgclass/a4.sty
Package: a4 2004/04/15 v1.2g A4 based page layout
)) (/usr/local/texlive/2018/texmf-dist/tex/latex/preprint/fullpage.sty
Package: fullpage 1999/02/23 1.1 (PWD)
\FP@margin=\skip43
) (/usr/local/texlive/2018/texmf-dist/tex/latex/base/inputenc.sty
Package: inputenc 2018/04/06 v1.3b Input encoding file
\inpenc@prehook=\toks14
\inpenc@posthook=\toks15
 (/usr/local/texlive/2018/texmf-dist/tex/latex/ucs/utf8x.def
File: utf8x.def 2004/10/17 UCS: Input encoding UTF-8
)) (/usr/local/texlive/2018/texmf-dist/tex/latex/ucs/ucs.sty
Package: ucs 2013/05/11 v2.2 UCS: Unicode input support
 (/usr/local/texlive/2018/texmf-dist/tex/latex/ucs/data/uni-global.def
File: uni-global.def 2013/05/13 UCS: Unicode global data
)
\uc@secondtry=\count88
\uc@combtoks=\toks16
\uc@combtoksb=\toks17
\uc@temptokena=\toks18
) (/usr/local/texlive/2018/texmf-dist/tex/latex/appendix/appendix.sty
Package: appendix 2009/09/02 v1.2b extra appendix facilities
\c@@pps=\count89
\c@@ppsavesec=\count90
\c@@ppsaveapp=\count91
) (/usr/local/texlive/2018/texmf-dist/tex/latex/graphics/graphicx.sty
Package: graphicx 2017/06/01 v1.1a Enhanced LaTeX Graphics (DPC,SPQR)
 (/usr/local/texlive/2018/texmf-dist/tex/latex/graphics/keyval.sty
Package: keyval 2014/10/28 v1.15 key=value parser (DPC)
\KV@toks@=\toks19
) (/usr/local/texlive/2018/texmf-dist/tex/latex/graphics/graphics.sty
Package: graphics 2017/06/25 v1.2c Standard LaTeX Graphics (DPC,SPQR)
 (/usr/local/texlive/2018/texmf-dist/tex/latex/graphics/trig.sty
Package: trig 2016/01/03 v1.10 sin cos tan (DPC)
) (/usr/local/texlive/2018/texmf-dist/tex/latex/graphics-cfg/graphics.cfg
File: graphics.cfg 2016/06/04 v1.11 sample graphics configuration
)
Package graphics Info: Driver file: pdftex.def on input line 99.
 (/usr/local/texlive/2018/texmf-dist/tex/latex/graphics-def/pdftex.def
File: pdftex.def 2018/01/08 v1.0l Graphics/color driver for pdftex
))
\Gin@req@height=\dimen103
\Gin@req@width=\dimen104
) (/usr/local/texlive/2018/texmf-dist/tex/latex/amsfonts/amsfonts.sty
Package: amsfonts 2013/01/14 v3.01 Basic AMSFonts support
\@emptytoks=\toks20
\symAMSa=\mathgroup4
\symAMSb=\mathgroup5
LaTeX Font Info:    Overwriting math alphabet `\mathfrak' in version `bold'
(Font)                  U/euf/m/n --> U/euf/b/n on input line 106.
) (/usr/local/texlive/2018/texmf-dist/tex/latex/amsmath/amsmath.sty
Package: amsmath 2017/09/02 v2.17a AMS math features
\@mathmargin=\skip44

For additional information on amsmath, use the `?' option.
(/usr/local/texlive/2018/texmf-dist/tex/latex/amsmath/amstext.sty
Package: amstext 2000/06/29 v2.01 AMS text
 (/usr/local/texlive/2018/texmf-dist/tex/latex/amsmath/amsgen.sty
File: amsgen.sty 1999/11/30 v2.0 generic functions
\@emptytoks=\toks21
\ex@=\dimen105
)) (/usr/local/texlive/2018/texmf-dist/tex/latex/amsmath/amsbsy.sty
Package: amsbsy 1999/11/29 v1.2d Bold Symbols
\pmbraise@=\dimen106
) (/usr/local/texlive/2018/texmf-dist/tex/latex/amsmath/amsopn.sty
Package: amsopn 2016/03/08 v2.02 operator names
)
\inf@bad=\count92
LaTeX Info: Redefining \frac on input line 213.
\uproot@=\count93
\leftroot@=\count94
LaTeX Info: Redefining \overline on input line 375.
\classnum@=\count95
\DOTSCASE@=\count96
LaTeX Info: Redefining \ldots on input line 472.
LaTeX Info: Redefining \dots on input line 475.
LaTeX Info: Redefining \cdots on input line 596.
\Mathstrutbox@=\box26
\strutbox@=\box27
\big@size=\dimen107
LaTeX Font Info:    Redeclaring font encoding OML on input line 712.
LaTeX Font Info:    Redeclaring font encoding OMS on input line 713.
\macc@depth=\count97
\c@MaxMatrixCols=\count98
\dotsspace@=\muskip10
\c@parentequation=\count99
\dspbrk@lvl=\count100
\tag@help=\toks22
\row@=\count101
\column@=\count102
\maxfields@=\count103
\andhelp@=\toks23
\eqnshift@=\dimen108
\alignsep@=\dimen109
\tagshift@=\dimen110
\tagwidth@=\dimen111
\totwidth@=\dimen112
\lineht@=\dimen113
\@envbody=\toks24
\multlinegap=\skip45
\multlinetaggap=\skip46
\mathdisplay@stack=\toks25
LaTeX Info: Redefining \[ on input line 2817.
LaTeX Info: Redefining \] on input line 2818.
) (/usr/local/texlive/2018/texmf-dist/tex/latex/setspace/setspace.sty
Package: setspace 2011/12/19 v6.7a set line spacing
) (/usr/local/texlive/2018/texmf-dist/tex/latex/graphics/color.sty
Package: color 2016/07/10 v1.1e Standard LaTeX Color (DPC)
 (/usr/local/texlive/2018/texmf-dist/tex/latex/graphics-cfg/color.cfg
File: color.cfg 2016/01/02 v1.6 sample color configuration
)
Package color Info: Driver file: pdftex.def on input line 147.
) (/usr/local/texlive/2018/texmf-dist/tex/latex/listings/listings.sty
\lst@mode=\count104
\lst@gtempboxa=\box28
\lst@token=\toks26
\lst@length=\count105
\lst@currlwidth=\dimen114
\lst@column=\count106
\lst@pos=\count107
\lst@lostspace=\dimen115
\lst@width=\dimen116
\lst@newlines=\count108
\lst@lineno=\count109
\lst@maxwidth=\dimen117
 (/usr/local/texlive/2018/texmf-dist/tex/latex/listings/lstmisc.sty
File: lstmisc.sty 2015/06/04 1.6 (Carsten Heinz)
\c@lstnumber=\count110
\lst@skipnumbers=\count111
\lst@framebox=\box29
) (/usr/local/texlive/2018/texmf-dist/tex/latex/listings/listings.cfg
File: listings.cfg 2015/06/04 1.6 listings configuration
))
Package: listings 2015/06/04 1.6 (Carsten Heinz)
 (/usr/local/texlive/2018/texmf-dist/tex/latex/hyperref/hyperref.sty
Package: hyperref 2018/02/06 v6.86b Hypertext links for LaTeX
 (/usr/local/texlive/2018/texmf-dist/tex/generic/oberdiek/hobsub-hyperref.sty
Package: hobsub-hyperref 2016/05/16 v1.14 Bundle oberdiek, subset hyperref (HO)
 (/usr/local/texlive/2018/texmf-dist/tex/generic/oberdiek/hobsub-generic.sty
Package: hobsub-generic 2016/05/16 v1.14 Bundle oberdiek, subset generic (HO)
Package: hobsub 2016/05/16 v1.14 Construct package bundles (HO)
Package: infwarerr 2016/05/16 v1.4 Providing info/warning/error messages (HO)
Package: ltxcmds 2016/05/16 v1.23 LaTeX kernel commands for general use (HO)
Package: ifluatex 2016/05/16 v1.4 Provides the ifluatex switch (HO)
Package ifluatex Info: LuaTeX not detected.
Package: ifvtex 2016/05/16 v1.6 Detect VTeX and its facilities (HO)
Package ifvtex Info: VTeX not detected.
Package: intcalc 2016/05/16 v1.2 Expandable calculations with integers (HO)
Package: ifpdf 2017/03/15 v3.2 Provides the ifpdf switch
Package: etexcmds 2016/05/16 v1.6 Avoid name clashes with e-TeX commands (HO)
Package etexcmds Info: Could not find \expanded.
(etexcmds)             That can mean that you are not using pdfTeX 1.50 or
(etexcmds)             that some package has redefined \expanded.
(etexcmds)             In the latter case, load this package earlier.
Package: kvsetkeys 2016/05/16 v1.17 Key value parser (HO)
Package: kvdefinekeys 2016/05/16 v1.4 Define keys (HO)
Package: pdftexcmds 2018/01/30 v0.27 Utility functions of pdfTeX for LuaTeX (HO)
Package pdftexcmds Info: LuaTeX not detected.
Package pdftexcmds Info: \pdf@primitive is available.
Package pdftexcmds Info: \pdf@ifprimitive is available.
Package pdftexcmds Info: \pdfdraftmode found.
Package: pdfescape 2016/05/16 v1.14 Implements pdfTeX's escape features (HO)
Package: bigintcalc 2016/05/16 v1.4 Expandable calculations on big integers (HO)
Package: bitset 2016/05/16 v1.2 Handle bit-vector datatype (HO)
Package: uniquecounter 2016/05/16 v1.3 Provide unlimited unique counter (HO)
)
Package hobsub Info: Skipping package `hobsub' (already loaded).
Package: letltxmacro 2016/05/16 v1.5 Let assignment for LaTeX macros (HO)
Package: hopatch 2016/05/16 v1.3 Wrapper for package hooks (HO)
Package: xcolor-patch 2016/05/16 xcolor patch
Package: atveryend 2016/05/16 v1.9 Hooks at the very end of document (HO)
Package atveryend Info: \enddocument detected (standard20110627).
Package: atbegshi 2016/06/09 v1.18 At begin shipout hook (HO)
Package: refcount 2016/05/16 v3.5 Data extraction from label references (HO)
Package: hycolor 2016/05/16 v1.8 Color options for hyperref/bookmark (HO)
) (/usr/local/texlive/2018/texmf-dist/tex/generic/ifxetex/ifxetex.sty
Package: ifxetex 2010/09/12 v0.6 Provides ifxetex conditional
) (/usr/local/texlive/2018/texmf-dist/tex/latex/oberdiek/auxhook.sty
Package: auxhook 2016/05/16 v1.4 Hooks for auxiliary files (HO)
) (/usr/local/texlive/2018/texmf-dist/tex/latex/oberdiek/kvoptions.sty
Package: kvoptions 2016/05/16 v3.12 Key value format for package options (HO)
)
\@linkdim=\dimen118
\Hy@linkcounter=\count112
\Hy@pagecounter=\count113
 (/usr/local/texlive/2018/texmf-dist/tex/latex/hyperref/pd1enc.def
File: pd1enc.def 2018/02/06 v6.86b Hyperref: PDFDocEncoding definition (HO)
)
\Hy@SavedSpaceFactor=\count114
 (/usr/local/texlive/2018/texmf-dist/tex/latex/latexconfig/hyperref.cfg
File: hyperref.cfg 2002/06/06 v1.2 hyperref configuration of TeXLive
)
Package hyperref Info: Hyper figures OFF on input line 4509.
Package hyperref Info: Link nesting OFF on input line 4514.
Package hyperref Info: Hyper index ON on input line 4517.
Package hyperref Info: Plain pages OFF on input line 4524.
Package hyperref Info: Backreferencing OFF on input line 4529.
Package hyperref Info: Implicit mode ON; LaTeX internals redefined.
Package hyperref Info: Bookmarks ON on input line 4762.
\c@Hy@tempcnt=\count115
 (/usr/local/texlive/2018/texmf-dist/tex/latex/url/url.sty
\Urlmuskip=\muskip11
Package: url 2013/09/16  ver 3.4  Verb mode for urls, etc.
)
LaTeX Info: Redefining \url on input line 5115.
\XeTeXLinkMargin=\dimen119
\Fld@menulength=\count116
\Field@Width=\dimen120
\Fld@charsize=\dimen121
Package hyperref Info: Hyper figures OFF on input line 6369.
Package hyperref Info: Link nesting OFF on input line 6374.
Package hyperref Info: Hyper index ON on input line 6377.
Package hyperref Info: backreferencing OFF on input line 6384.
Package hyperref Info: Link coloring OFF on input line 6389.
Package hyperref Info: Link coloring with OCG OFF on input line 6394.
Package hyperref Info: PDF/A mode OFF on input line 6399.
LaTeX Info: Redefining \ref on input line 6439.
LaTeX Info: Redefining \pageref on input line 6443.
\Hy@abspage=\count117
\c@Item=\count118
\c@Hfootnote=\count119
)
Package hyperref Info: Driver (autodetected): hpdftex.
 (/usr/local/texlive/2018/texmf-dist/tex/latex/hyperref/hpdftex.def
File: hpdftex.def 2018/02/06 v6.86b Hyperref driver for pdfTeX
\Fld@listcount=\count120
\c@bookmark@seq@number=\count121
 (/usr/local/texlive/2018/texmf-dist/tex/latex/oberdiek/rerunfilecheck.sty
Package: rerunfilecheck 2016/05/16 v1.8 Rerun checks for auxiliary files (HO)
Package uniquecounter Info: New unique counter `rerunfilecheck' on input line 282.
)
\Hy@SectionHShift=\skip47
) (/usr/local/texlive/2018/texmf-dist/tex/latex/listings/lstlang1.sty
File: lstlang1.sty 2015/06/04 1.6 listings language file
) (/Users/sarabizjak/Documents/IŠRM magistrski/Topological data analysis/TDA/HW/HW2/TDA_hw2.aux)
\openout1 = `TDA_hw2.aux'.

LaTeX Font Info:    Checking defaults for OML/cmm/m/it on input line 30.
LaTeX Font Info:    ... okay on input line 30.
LaTeX Font Info:    Checking defaults for T1/cmr/m/n on input line 30.
LaTeX Font Info:    ... okay on input line 30.
LaTeX Font Info:    Checking defaults for OT1/cmr/m/n on input line 30.
LaTeX Font Info:    ... okay on input line 30.
LaTeX Font Info:    Checking defaults for OMS/cmsy/m/n on input line 30.
LaTeX Font Info:    ... okay on input line 30.
LaTeX Font Info:    Checking defaults for OMX/cmex/m/n on input line 30.
LaTeX Font Info:    ... okay on input line 30.
LaTeX Font Info:    Checking defaults for U/cmr/m/n on input line 30.
LaTeX Font Info:    ... okay on input line 30.
LaTeX Font Info:    Checking defaults for PD1/pdf/m/n on input line 30.
LaTeX Font Info:    ... okay on input line 30.
 (/usr/local/texlive/2018/texmf-dist/tex/latex/ucs/ucsencs.def
File: ucsencs.def 2011/01/21 Fixes to fontencodings LGR, T3
) (/usr/local/texlive/2018/texmf-dist/tex/context/base/mkii/supp-pdf.mkii
[Loading MPS to PDF converter (version 2006.09.02).]
\scratchcounter=\count122
\scratchdimen=\dimen122
\scratchbox=\box30
\nofMPsegments=\count123
\nofMParguments=\count124
\everyMPshowfont=\toks27
\MPscratchCnt=\count125
\MPscratchDim=\dimen123
\MPnumerator=\count126
\makeMPintoPDFobject=\count127
\everyMPtoPDFconversion=\toks28
) (/usr/local/texlive/2018/texmf-dist/tex/latex/oberdiek/epstopdf-base.sty
Package: epstopdf-base 2016/05/15 v2.6 Base part for package epstopdf
 (/usr/local/texlive/2018/texmf-dist/tex/latex/oberdiek/grfext.sty
Package: grfext 2016/05/16 v1.2 Manage graphics extensions (HO)
)
Package epstopdf-base Info: Redefining graphics rule for `.eps' on input line 438.
Package grfext Info: Graphics extension search list:
(grfext)             [.pdf,.png,.jpg,.mps,.jpeg,.jbig2,.jb2,.PDF,.PNG,.JPG,.JPEG,.JBIG2,.JB2,.eps]
(grfext)             \AppendGraphicsExtensions on input line 456.
 (/usr/local/texlive/2018/texmf-dist/tex/latex/latexconfig/epstopdf-sys.cfg
File: epstopdf-sys.cfg 2010/07/13 v1.3 Configuration of (r)epstopdf for TeX Live
))
\c@lstlisting=\count128
\AtBeginShipoutBox=\box31
Package hyperref Info: Link coloring OFF on input line 30.
 (/usr/local/texlive/2018/texmf-dist/tex/latex/hyperref/nameref.sty
Package: nameref 2016/05/21 v2.44 Cross-referencing by name of section
 (/usr/local/texlive/2018/texmf-dist/tex/generic/oberdiek/gettitlestring.sty
Package: gettitlestring 2016/05/16 v1.5 Cleanup title references (HO)
)
\c@section@level=\count129
)
LaTeX Info: Redefining \ref on input line 30.
LaTeX Info: Redefining \pageref on input line 30.
LaTeX Info: Redefining \nameref on input line 30.
\@outlinefile=\write3
\openout3 = `TDA_hw2.out'.

LaTeX Font Info:    Try loading font information for U+msa on input line 33.
 (/usr/local/texlive/2018/texmf-dist/tex/latex/amsfonts/umsa.fd
File: umsa.fd 2013/01/14 v3.01 AMS symbols A
)
LaTeX Font Info:    Try loading font information for U+msb on input line 33.
 (/usr/local/texlive/2018/texmf-dist/tex/latex/amsfonts/umsb.fd
File: umsb.fd 2013/01/14 v3.01 AMS symbols B
)
LaTeX Font Info:    Try loading font information for OMS+cmr on input line 46.
 (/usr/local/texlive/2018/texmf-dist/tex/latex/base/omscmr.fd
File: omscmr.fd 2014/09/29 v2.5h Standard LaTeX font definitions
)
LaTeX Font Info:    Font shape `OMS/cmr/m/n' in size <10.95> not available
(Font)              Font shape `OMS/cmsy/m/n' tried instead on input line 46.

/Users/sarabizjak/Documents/IŠRM magistrski/Topological data analysis/TDA/HW/HW2/TDA_hw2.tex:55: Missing { inserted.
<to be read again> 
                   \begingroup 
l.55 ...an quickly conclude that there are $ 2 ^ 
                                                  { \frac{n(n-1)}{2}} $ poss...
A left brace was mandatory here, so I've put one in.
You might want to delete and/or insert some corrections
so that I will find a matching right brace soon.
(If you're confused by all this, try typing `I}' now.)

(/usr/local/texlive/2018/texmf-dist/tex/latex/ucs/data/uni-0.def
File: uni-0.def 2013/05/13 UCS: Unicode data U+0000..U+00FF
)
/Users/sarabizjak/Documents/IŠRM magistrski/Topological data analysis/TDA/HW/HW2/TDA_hw2.tex:55: Missing } inserted.
<inserted text> 
                }
l.55 ...hat there are $ 2 ^ { \frac{n(n-1)}{2}} $
                                                   possible subgraphs, since...
I've inserted something that you may have forgotten.
(See the <inserted text> above.)
With luck, this will get me unwedged. But if you
really didn't forget anything, try typing `2' now; then
my insertion and my current dilemma will both disappear.

/Users/sarabizjak/Documents/IŠRM magistrski/Topological data analysis/TDA/HW/HW2/TDA_hw2.tex:57: Missing { inserted.
<to be read again> 
                   \unhbox 
l.57 ...er of all subsets of such graph is $ 2 ^ 
                                                  { \frac{n(n-1)}{2}} $, we ...
A left brace was mandatory here, so I've put one in.
You might want to delete and/or insert some corrections
so that I will find a matching right brace soon.
(If you're confused by all this, try typing `I}' now.)

/Users/sarabizjak/Documents/IŠRM magistrski/Topological data analysis/TDA/HW/HW2/TDA_hw2.tex:57: Missing } inserted.
<inserted text> 
                }
l.57 ...such graph is $ 2 ^ { \frac{n(n-1)}{2}} $
                                                  , we can conclude that the...
I've inserted something that you may have forgotten.
(See the <inserted text> above.)
With luck, this will get me unwedged. But if you
really didn't forget anything, try typing `2' now; then
my insertion and my current dilemma will both disappear.

/Users/sarabizjak/Documents/IŠRM magistrski/Topological data analysis/TDA/HW/HW2/TDA_hw2.tex:57: Missing { inserted.
<to be read again> 
                   \unhbox 
l.57 ...an conclude that there are at most $ 2 ^ 
                                                  { \frac{n(n-1)}{2}} $ tria...
A left brace was mandatory here, so I've put one in.
You might want to delete and/or insert some corrections
so that I will find a matching right brace soon.
(If you're confused by all this, try typing `I}' now.)

/Users/sarabizjak/Documents/IŠRM magistrski/Topological data analysis/TDA/HW/HW2/TDA_hw2.tex:57: Missing } inserted.
<inserted text> 
                }
l.57 ...e are at most $ 2 ^ { \frac{n(n-1)}{2}} $
                                                   triangulations of set $S$.
I've inserted something that you may have forgotten.
(See the <inserted text> above.)
With luck, this will get me unwedged. But if you
really didn't forget anything, try typing `2' now; then
my insertion and my current dilemma will both disappear.


Underfull \hbox (badness 10000) in paragraph at lines 51--59

 []

(/usr/local/texlive/2018/texmf-dist/tex/latex/ucs/data/uni-34.def
File: uni-34.def 2013/05/13 UCS: Unicode data U+2200..U+22FF
)
<1b.png, id=4, 415.05063pt x 415.05063pt>
File: 1b.png Graphic file (type png)
<use 1b.png>
Package pdftex.def Info: 1b.png  used on input line 71.
(pdftex.def)             Requested size: 170.71652pt x 170.7165pt.
 [1

{/usr/local/texlive/2018/texmf-var/fonts/map/pdftex/updmap/pdftex.map}] (/usr/local/texlive/2018/texmf-dist/tex/latex/ucs/data/uni-1.def
File: uni-1.def 2013/05/13 UCS: Unicode data U+0100..U+01FF
)

Package hyperref Warning: Composite letter `\textasciicaron+C'
(hyperref)                not defined in PD1 encoding,
(hyperref)                removing `\textasciicaron' on input line 95.


Underfull \hbox (badness 10000) in paragraph at lines 96--98

 []


/Users/sarabizjak/Documents/IŠRM magistrski/Topological data analysis/TDA/HW/HW2/TDA_hw2.tex:102: Package inputenc Error: Keyboard character used is undefined
(inputenc)                in inputencoding `utf8x'.

See the inputenc package documentation for explanation.
Type  H <return>  for immediate help.
 ...                                              
                                                  
l.102 ... Čech complex Cech$(S, \epsilon)$ for^^O
                                                   $ \ \epsilon = 0.8$.
You need to provide a definition with \DeclareInputText 
or \DeclareInputMath before using this key.

<r08.png, id=25, 595.72563pt x 519.44063pt>
File: r08.png Graphic file (type png)
<use r08.png>
Package pdftex.def Info: r08.png  used on input line 114.
(pdftex.def)             Requested size: 170.71652pt x 148.85057pt.
<08povezave.png, id=26, 528.47438pt x 439.14063pt>
File: 08povezave.png Graphic file (type png)
<use 08povezave.png>
Package pdftex.def Info: 08povezave.png  used on input line 119.
(pdftex.def)             Requested size: 170.71652pt x 141.85461pt.

Underfull \hbox (badness 10000) in paragraph at lines 123--130

 []


Underfull \hbox (badness 10000) in paragraph at lines 123--130

 []

[2 </Users/sarabizjak/Documents/IŠRM magistrski/Topological data analysis/TDA/HW/HW2/1b.png>]

/Users/sarabizjak/Documents/IŠRM magistrski/Topological data analysis/TDA/HW/HW2/TDA_hw2.tex:134: Package inputenc Error: Keyboard character used is undefined
(inputenc)                in inputencoding `utf8x'.

See the inputenc package documentation for explanation.
Type  H <return>  for immediate help.
 ...                                              
                                                  
l.134 ... Čech complex Cech$(S, \epsilon)$ for^^O
                                                   $ \ \epsilon = 1$.
You need to provide a definition with \DeclareInputText 
or \DeclareInputMath before using this key.

<r1.png, id=36, 695.59875pt x 626.84187pt>
File: r1.png Graphic file (type png)
<use r1.png>
Package pdftex.def Info: r1.png  used on input line 142.
(pdftex.def)             Requested size: 170.71652pt x 153.84062pt.
<1povezave.png, id=37, 533.995pt x 441.14813pt>
File: 1povezave.png Graphic file (type png)
<use 1povezave.png>
Package pdftex.def Info: 1povezave.png  used on input line 147.
(pdftex.def)             Requested size: 170.71652pt x 141.03564pt.
[3 </Users/sarabizjak/Documents/IŠRM magistrski/Topological data analysis/TDA/HW/HW2/r08.png> </Users/sarabizjak/Documents/IŠRM magistrski/Topological data analysis/TDA/HW/HW2/08povezave.png> </Users/sarabizjak/Documents/IŠRM magistrski/Topological data analysis/TDA/HW/HW2/r1.png> </Users/sarabizjak/Documents/IŠRM magistrski/Topological data analysis/TDA/HW/HW2/1povezave.png>]
<1_3.png, id=50, 400.99812pt x 400.99812pt>
File: 1_3.png Graphic file (type png)
<use 1_3.png>
Package pdftex.def Info: 1_3.png  used on input line 166.
(pdftex.def)             Requested size: 142.26378pt x 142.2666pt.

Underfull \hbox (badness 10000) in paragraph at lines 173--175

 []

<1_4_a.png, id=51, 529.98pt x 393.47pt>
File: 1_4_a.png Graphic file (type png)
<use 1_4_a.png>
Package pdftex.def Info: 1_4_a.png  used on input line 185.
(pdftex.def)             Requested size: 227.62204pt x 168.99066pt.

Underfull \hbox (badness 10000) in paragraph at lines 188--192

 []


Underfull \hbox (badness 10000) in paragraph at lines 188--192

 []

[4 </Users/sarabizjak/Documents/IŠRM magistrski/Topological data analysis/TDA/HW/HW2/1_3.png>]
<1_4_b.png, id=60, 607.26875pt x 480.29437pt>
File: 1_4_b.png Graphic file (type png)
<use 1_4_b.png>
Package pdftex.def Info: 1_4_b.png  used on input line 211.
(pdftex.def)             Requested size: 227.62204pt x 180.02199pt.

Underfull \hbox (badness 10000) in paragraph at lines 214--217

 []


Underfull \hbox (badness 10000) in paragraph at lines 220--234

 []

[5 </Users/sarabizjak/Documents/IŠRM magistrski/Topological data analysis/TDA/HW/HW2/1_4_a.png> </Users/sarabizjak/Documents/IŠRM magistrski/Topological data analysis/TDA/HW/HW2/1_4_b.png>]

Package hyperref Warning: Token not allowed in a PDF string (PDFDocEncoding):
(hyperref)                removing `math shift' on input line 237.


Package hyperref Warning: Token not allowed in a PDF string (PDFDocEncoding):
(hyperref)                removing `subscript' on input line 237.


Package hyperref Warning: Token not allowed in a PDF string (PDFDocEncoding):
(hyperref)                removing `\infty' on input line 237.


Package hyperref Warning: Token not allowed in a PDF string (PDFDocEncoding):
(hyperref)                removing `math shift' on input line 237.


Package hyperref Warning: Composite letter `\textasciicaron+C'
(hyperref)                not defined in PD1 encoding,
(hyperref)                removing `\textasciicaron' on input line 237.


/Users/sarabizjak/Documents/IŠRM magistrski/Topological data analysis/TDA/HW/HW2/TDA_hw2.tex:238: Package inputenc Error: Keyboard character used is undefined
(inputenc)                in inputencoding `utf8x'.

See the inputenc package documentation for explanation.
Type  H <return>  for immediate help.
 ...                                              
                                                  
l.238 ... the complexes we obtain for any given^^O
                                                  $\ \epsilon$ are the same,...
You need to provide a definition with \DeclareInputText 
or \DeclareInputMath before using this key.

<prim_h.png, id=69, 630.355pt x 471.26062pt>
File: prim_h.png Graphic file (type png)
<use prim_h.png>
Package pdftex.def Info: prim_h.png  used on input line 284.
(pdftex.def)             Requested size: 199.16928pt x 148.9009pt.
<prim_v.png, id=70, 629.85312pt x 470.25688pt>
File: prim_v.png Graphic file (type png)
<use prim_v.png>
Package pdftex.def Info: prim_v.png  used on input line 289.
(pdftex.def)             Requested size: 199.16928pt x 148.69856pt.

Underfull \hbox (badness 10000) in paragraph at lines 271--293

 []

[6]
<prim1_h.png, id=77, 1208.515pt x 417.56pt>
File: prim1_h.png Graphic file (type png)
<use prim1_h.png>
Package pdftex.def Info: prim1_h.png  used on input line 298.
(pdftex.def)             Requested size: 426.79134pt x 147.4607pt.
<prim1_v.png, id=78, 1234.6125pt x 421.575pt>
File: prim1_v.png Graphic file (type png)
<use prim1_v.png>
Package pdftex.def Info: prim1_v.png  used on input line 304.
(pdftex.def)             Requested size: 426.79134pt x 145.733pt.
 [7 </Users/sarabizjak/Documents/IŠRM magistrski/Topological data analysis/TDA/HW/HW2/prim_h.png> </Users/sarabizjak/Documents/IŠRM magistrski/Topological data analysis/TDA/HW/HW2/prim_v.png> </Users/sarabizjak/Documents/IŠRM magistrski/Topological data analysis/TDA/HW/HW2/prim1_h.png>]
<prim2_h.png, id=94, 1215.03937pt x 439.6425pt>
File: prim2_h.png Graphic file (type png)
<use prim2_h.png>
Package pdftex.def Info: prim2_h.png  used on input line 313.
(pdftex.def)             Requested size: 426.79134pt x 154.42726pt.
<prim2_v.png, id=95, 1230.09563pt x 415.5525pt>
File: prim2_v.png Graphic file (type png)
<use prim2_v.png>
Package pdftex.def Info: prim2_v.png  used on input line 319.
(pdftex.def)             Requested size: 426.79134pt x 144.17738pt.
 [8 </Users/sarabizjak/Documents/IŠRM magistrski/Topological data analysis/TDA/HW/HW2/prim1_v.png> </Users/sarabizjak/Documents/IŠRM magistrski/Topological data analysis/TDA/HW/HW2/prim2_h.png> </Users/sarabizjak/Documents/IŠRM magistrski/Topological data analysis/TDA/HW/HW2/prim2_v.png>]
File: prim_h.png Graphic file (type png)
<use prim_h.png>
Package pdftex.def Info: prim_h.png  used on input line 338.
(pdftex.def)             Requested size: 199.16928pt x 148.9009pt.
<del.png, id=106, 656.4525pt x 578.66188pt>
File: del.png Graphic file (type png)
<use del.png>
Package pdftex.def Info: del.png  used on input line 343.
(pdftex.def)             Requested size: 142.26378pt x 125.40762pt.

Underfull \hbox (badness 10000) in paragraph at lines 327--347

 []

<del_t1.png, id=107, 1240.13312pt x 416.05438pt>
File: del_t1.png Graphic file (type png)
<use del_t1.png>
Package pdftex.def Info: del_t1.png  used on input line 352.
(pdftex.def)             Requested size: 426.79134pt x 143.1834pt.
<del_d1.png, id=108, 1263.21938pt x 394.47375pt>
File: del_d1.png Graphic file (type png)
<use del_d1.png>
Package pdftex.def Info: del_d1.png  used on input line 357.
(pdftex.def)             Requested size: 426.79134pt x 133.27661pt.
[9 </Users/sarabizjak/Documents/IŠRM magistrski/Topological data analysis/TDA/HW/HW2/del.png> </Users/sarabizjak/Documents/IŠRM magistrski/Topological data analysis/TDA/HW/HW2/del_t1.png>]
<del_t2.png, id=119, 1208.515pt x 407.02063pt>
File: del_t2.png Graphic file (type png)
<use del_t2.png>
Package pdftex.def Info: del_t2.png  used on input line 366.
(pdftex.def)             Requested size: 426.79134pt x 143.73874pt.
<del_d2.png, id=120, 1255.69125pt x 415.05063pt>
File: del_d2.png Graphic file (type png)
<use del_d2.png>
Package pdftex.def Info: del_d2.png  used on input line 371.
(pdftex.def)             Requested size: 426.79134pt x 141.06467pt.
 [10 </Users/sarabizjak/Documents/IŠRM magistrski/Topological data analysis/TDA/HW/HW2/del_d1.png> </Users/sarabizjak/Documents/IŠRM magistrski/Topological data analysis/TDA/HW/HW2/del_t2.png> </Users/sarabizjak/Documents/IŠRM magistrski/Topological data analysis/TDA/HW/HW2/del_d2.png>]
Package atveryend Info: Empty hook `BeforeClearDocument' on input line 382.
 [11]
Package atveryend Info: Empty hook `AfterLastShipout' on input line 382.
 (/Users/sarabizjak/Documents/IŠRM magistrski/Topological data analysis/TDA/HW/HW2/TDA_hw2.aux)
Package atveryend Info: Executing hook `AtVeryEndDocument' on input line 382.
Package atveryend Info: Executing hook `AtEndAfterFileList' on input line 382.


Package rerunfilecheck Warning: File `TDA_hw2.out' has changed.
(rerunfilecheck)                Rerun to get outlines right
(rerunfilecheck)                or use package `bookmark'.

Package rerunfilecheck Info: Checksums for `TDA_hw2.out':
(rerunfilecheck)             Before: <no file>
(rerunfilecheck)             After:  835DC93F9FC166E5EBB1E436A0F42208;707.
Package atveryend Info: Empty hook `AtVeryVeryEnd' on input line 382.
 ) 
Here is how much of TeX's memory you used:
 9345 strings out of 492649
 130845 string characters out of 6129623
 237366 words of memory out of 5000000
 13059 multiletter control sequences out of 15000+600000
 11520 words of font info for 44 fonts, out of 8000000 for 9000
 1141 hyphenation exceptions out of 8191
 28i,9n,40p,438b,523s stack positions out of 5000i,500n,10000p,200000b,80000s
</usr/local/texlive/2018/texmf-dist/fonts/type1/public/amsfonts/cm/cmbx10.pfb></usr/local/texlive/2018/texmf-dist/fonts/type1/public/amsfonts/cm/cmbx12.pfb></usr/local/texlive/2018/texmf-dist/fonts/type1/public/amsfonts/cm/cmex10.pfb></usr/local/texlive/2018/texmf-dist/fonts/type1/public/amsfonts/cm/cmmi10.pfb></usr/local/texlive/2018/texmf-dist/fonts/type1/public/amsfonts/cm/cmmi12.pfb></usr/local/texlive/2018/texmf-dist/fonts/type1/public/amsfonts/cm/cmmi6.pfb></usr/local/texlive/2018/texmf-dist/fonts/type1/public/amsfonts/cm/cmmi8.pfb></usr/local/texlive/2018/texmf-dist/fonts/type1/public/amsfonts/cm/cmr10.pfb></usr/local/texlive/2018/texmf-dist/fonts/type1/public/amsfonts/cm/cmr12.pfb></usr/local/texlive/2018/texmf-dist/fonts/type1/public/amsfonts/cm/cmr17.pfb></usr/local/texlive/2018/texmf-dist/fonts/type1/public/amsfonts/cm/cmr6.pfb></usr/local/texlive/2018/texmf-dist/fonts/type1/public/amsfonts/cm/cmr8.pfb></usr/local/texlive/2018/texmf-dist/fonts/type1/public/amsfonts/cm/cmsy10.pfb></usr/local/texlive/2018/texmf-dist/fonts/type1/public/amsfonts/cm/cmsy6.pfb></usr/local/texlive/2018/texmf-dist/fonts/type1/public/amsfonts/cm/cmsy8.pfb></usr/local/texlive/2018/texmf-dist/fonts/type1/public/amsfonts/cm/cmtt10.pfb></usr/local/texlive/2018/texmf-dist/fonts/type1/public/amsfonts/symbols/msbm10.pfb>
Output written on "/Users/sarabizjak/Documents/IŠRM magistrski/Topological data analysis/TDA/HW/HW2/TDA_hw2.pdf" (11 pages, 4094623 bytes).
PDF statistics:
 202 PDF objects out of 1000 (max. 8388607)
 132 compressed objects within 2 object streams
 42 named destinations out of 1000 (max. 500000)
 96 words of extra memory for PDF output out of 10000 (max. 10000000)

